Copyright 1986-2020 Xilinx, Inc. All Rights Reserved.
-----------------------------------------------------------------------------------------------------------------------------------------------------------------------------------------------------
| Tool Version : Vivado v.2020.2 (win64) Build 3064766 Wed Nov 18 09:12:45 MST 2020
| Date         : Fri Apr 17 14:15:26 2026
| Host         : DESKTOP-7CFQ9ND running 64-bit major release  (build 9200)
| Command      : report_timing_summary -max_paths 10 -file top_master_timing_summary_routed.rpt -pb top_master_timing_summary_routed.pb -rpx top_master_timing_summary_routed.rpx -warn_on_violation
| Design       : top_master
| Device       : 7a35t-cpg236
| Speed File   : -1  PRODUCTION 1.23 2018-06-13
-----------------------------------------------------------------------------------------------------------------------------------------------------------------------------------------------------

Timing Summary Report

------------------------------------------------------------------------------------------------
| Timer Settings
| --------------
------------------------------------------------------------------------------------------------

  Enable Multi Corner Analysis               :  Yes
  Enable Pessimism Removal                   :  Yes
  Pessimism Removal Resolution               :  Nearest Common Node
  Enable Input Delay Default Clock           :  No
  Enable Preset / Clear Arcs                 :  No
  Disable Flight Delays                      :  No
  Ignore I/O Paths                           :  No
  Timing Early Launch at Borrowing Latches   :  No
  Borrow Time for Max Delay Exceptions       :  Yes
  Merge Timing Exceptions                    :  Yes

  Corner  Analyze    Analyze    
  Name    Max Paths  Min Paths  
  ------  ---------  ---------  
  Slow    Yes        Yes        
  Fast    Yes        Yes        



check_timing report

Table of Contents
-----------------
1. checking no_clock (8)
2. checking constant_clock (0)
3. checking pulse_width_clock (0)
4. checking unconstrained_internal_endpoints (16)
5. checking no_input_delay (11)
6. checking no_output_delay (10)
7. checking multiple_clock (0)
8. checking generated_clocks (0)
9. checking loops (0)
10. checking partial_input_delay (0)
11. checking partial_output_delay (0)
12. checking latch_loops (0)

1. checking no_clock (8)
------------------------
 There are 8 register/latch pins with no clock driven by root clock pin: U_BTN_DEBOUNCE/clk_100khz_reg_reg/Q (HIGH)


2. checking constant_clock (0)
------------------------------
 There are 0 register/latch pins with constant_clock.


3. checking pulse_width_clock (0)
---------------------------------
 There are 0 register/latch pins which need pulse_width check


4. checking unconstrained_internal_endpoints (16)
-------------------------------------------------
 There are 16 pins that are not constrained for maximum delay. (HIGH)

 There are 0 pins that are not constrained for maximum delay due to constant clock.


5. checking no_input_delay (11)
-------------------------------
 There are 11 input ports with no input delay specified. (HIGH)

 There are 0 input ports with no input delay but user has a false path constraint.


6. checking no_output_delay (10)
--------------------------------
 There are 10 ports with no output delay specified. (HIGH)

 There are 0 ports with no output delay but user has a false path constraint

 There are 0 ports with no output delay but with a timing clock defined on it or propagating through it


7. checking multiple_clock (0)
------------------------------
 There are 0 register/latch pins with multiple clocks.


8. checking generated_clocks (0)
--------------------------------
 There are 0 generated clocks that are not connected to a clock source.


9. checking loops (0)
---------------------
 There are 0 combinational loops in the design.


10. checking partial_input_delay (0)
------------------------------------
 There are 0 input ports with partial input delay specified.


11. checking partial_output_delay (0)
-------------------------------------
 There are 0 ports with partial output delay specified.


12. checking latch_loops (0)
----------------------------
 There are 0 combinational latch loops in the design through latch input



------------------------------------------------------------------------------------------------
| Design Timing Summary
| ---------------------
------------------------------------------------------------------------------------------------

    WNS(ns)      TNS(ns)  TNS Failing Endpoints  TNS Total Endpoints      WHS(ns)      THS(ns)  THS Failing Endpoints  THS Total Endpoints     WPWS(ns)     TPWS(ns)  TPWS Failing Endpoints  TPWS Total Endpoints  
    -------      -------  ---------------------  -------------------      -------      -------  ---------------------  -------------------     --------     --------  ----------------------  --------------------  
      6.038        0.000                      0                  128        0.173        0.000                      0                  128        4.500        0.000                       0                    82  


All user specified timing constraints are met.


------------------------------------------------------------------------------------------------
| Clock Summary
| -------------
------------------------------------------------------------------------------------------------

Clock        Waveform(ns)       Period(ns)      Frequency(MHz)
-----        ------------       ----------      --------------
sys_clk_pin  {0.000 5.000}      10.000          100.000         


------------------------------------------------------------------------------------------------
| Intra Clock Table
| -----------------
------------------------------------------------------------------------------------------------

Clock             WNS(ns)      TNS(ns)  TNS Failing Endpoints  TNS Total Endpoints      WHS(ns)      THS(ns)  THS Failing Endpoints  THS Total Endpoints     WPWS(ns)     TPWS(ns)  TPWS Failing Endpoints  TPWS Total Endpoints  
-----             -------      -------  ---------------------  -------------------      -------      -------  ---------------------  -------------------     --------     --------  ----------------------  --------------------  
sys_clk_pin         6.038        0.000                      0                  128        0.173        0.000                      0                  128        4.500        0.000                       0                    82  


------------------------------------------------------------------------------------------------
| Inter Clock Table
| -----------------
------------------------------------------------------------------------------------------------

From Clock    To Clock          WNS(ns)      TNS(ns)  TNS Failing Endpoints  TNS Total Endpoints      WHS(ns)      THS(ns)  THS Failing Endpoints  THS Total Endpoints  
----------    --------          -------      -------  ---------------------  -------------------      -------      -------  ---------------------  -------------------  


------------------------------------------------------------------------------------------------
| Other Path Groups Table
| -----------------------
------------------------------------------------------------------------------------------------

Path Group    From Clock    To Clock          WNS(ns)      TNS(ns)  TNS Failing Endpoints  TNS Total Endpoints      WHS(ns)      THS(ns)  THS Failing Endpoints  THS Total Endpoints  
----------    ----------    --------          -------      -------  ---------------------  -------------------      -------      -------  ---------------------  -------------------  


------------------------------------------------------------------------------------------------
| Timing Details
| --------------
------------------------------------------------------------------------------------------------


---------------------------------------------------------------------------------------------------
From Clock:  sys_clk_pin
  To Clock:  sys_clk_pin

Setup :            0  Failing Endpoints,  Worst Slack        6.038ns,  Total Violation        0.000ns
Hold  :            0  Failing Endpoints,  Worst Slack        0.173ns,  Total Violation        0.000ns
PW    :            0  Failing Endpoints,  Worst Slack        4.500ns,  Total Violation        0.000ns
---------------------------------------------------------------------------------------------------


Max Delay Paths
--------------------------------------------------------------------------------------
Slack (MET) :             6.038ns  (required time - arrival time)
  Source:                 U_I2C_MASTER/u_i2c_master/FSM_sequential_state_reg[0]/C
                            (rising edge-triggered cell FDCE clocked by sys_clk_pin  {rise@0.000ns fall@5.000ns period=10.000ns})
  Destination:            U_I2C_MASTER/u_i2c_master/FSM_sequential_state_reg[1]/D
                            (rising edge-triggered cell FDCE clocked by sys_clk_pin  {rise@0.000ns fall@5.000ns period=10.000ns})
  Path Group:             sys_clk_pin
  Path Type:              Setup (Max at Slow Process Corner)
  Requirement:            10.000ns  (sys_clk_pin rise@10.000ns - sys_clk_pin rise@0.000ns)
  Data Path Delay:        3.922ns  (logic 0.890ns (22.693%)  route 3.032ns (77.307%))
  Logic Levels:           3  (LUT5=1 LUT6=2)
  Clock Path Skew:        -0.034ns (DCD - SCD + CPR)
    Destination Clock Delay (DCD):    5.009ns = ( 15.009 - 10.000 ) 
    Source Clock Delay      (SCD):    5.310ns
    Clock Pessimism Removal (CPR):    0.267ns
  Clock Uncertainty:      0.035ns  ((TSJ^2 + TIJ^2)^1/2 + DJ) / 2 + PE
    Total System Jitter     (TSJ):    0.071ns
    Total Input Jitter      (TIJ):    0.000ns
    Discrete Jitter          (DJ):    0.000ns
    Phase Error              (PE):    0.000ns

    Location             Delay type                Incr(ns)  Path(ns)    Netlist Resource(s)
  -------------------------------------------------------------------    -------------------
                         (clock sys_clk_pin rise edge)
                                                      0.000     0.000 r  
    W5                                                0.000     0.000 r  clk (IN)
                         net (fo=0)                   0.000     0.000    clk
    W5                   IBUF (Prop_ibuf_I_O)         1.458     1.458 r  clk_IBUF_inst/O
                         net (fo=1, routed)           1.967     3.425    clk_IBUF
    BUFGCTRL_X0Y0        BUFG (Prop_bufg_I_O)         0.096     3.521 r  clk_IBUF_BUFG_inst/O
                         net (fo=81, routed)          1.789     5.310    U_I2C_MASTER/u_i2c_master/clk_IBUF_BUFG
    SLICE_X2Y125         FDCE                                         r  U_I2C_MASTER/u_i2c_master/FSM_sequential_state_reg[0]/C
  -------------------------------------------------------------------    -------------------
    SLICE_X2Y125         FDCE (Prop_fdce_C_Q)         0.518     5.828 f  U_I2C_MASTER/u_i2c_master/FSM_sequential_state_reg[0]/Q
                         net (fo=39, routed)          1.246     7.074    U_I2C_MASTER/u_i2c_master/state__0[0]
    SLICE_X1Y124         LUT5 (Prop_lut5_I2_O)        0.124     7.198 r  U_I2C_MASTER/u_i2c_master/bit_cnt[3]_i_3/O
                         net (fo=2, routed)           1.293     8.492    U_I2C_MASTER/u_i2c_master/is_read
    SLICE_X1Y125         LUT6 (Prop_lut6_I1_O)        0.124     8.616 r  U_I2C_MASTER/u_i2c_master/FSM_sequential_state[2]_i_3/O
                         net (fo=3, routed)           0.493     9.108    U_I2C_MASTER/u_i2c_master/FSM_sequential_state[2]_i_3_n_0
    SLICE_X3Y123         LUT6 (Prop_lut6_I4_O)        0.124     9.232 r  U_I2C_MASTER/u_i2c_master/FSM_sequential_state[1]_i_1/O
                         net (fo=1, routed)           0.000     9.232    U_I2C_MASTER/u_i2c_master/FSM_sequential_state[1]_i_1_n_0
    SLICE_X3Y123         FDCE                                         r  U_I2C_MASTER/u_i2c_master/FSM_sequential_state_reg[1]/D
  -------------------------------------------------------------------    -------------------

                         (clock sys_clk_pin rise edge)
                                                     10.000    10.000 r  
    W5                                                0.000    10.000 r  clk (IN)
                         net (fo=0)                   0.000    10.000    clk
    W5                   IBUF (Prop_ibuf_I_O)         1.388    11.388 r  clk_IBUF_inst/O
                         net (fo=1, routed)           1.862    13.250    clk_IBUF
    BUFGCTRL_X0Y0        BUFG (Prop_bufg_I_O)         0.091    13.341 r  clk_IBUF_BUFG_inst/O
                         net (fo=81, routed)          1.668    15.009    U_I2C_MASTER/u_i2c_master/clk_IBUF_BUFG
    SLICE_X3Y123         FDCE                                         r  U_I2C_MASTER/u_i2c_master/FSM_sequential_state_reg[1]/C
                         clock pessimism              0.267    15.276    
                         clock uncertainty           -0.035    15.241    
    SLICE_X3Y123         FDCE (Setup_fdce_C_D)        0.029    15.270    U_I2C_MASTER/u_i2c_master/FSM_sequential_state_reg[1]
  -------------------------------------------------------------------
                         required time                         15.270    
                         arrival time                          -9.232    
  -------------------------------------------------------------------
                         slack                                  6.038    

Slack (MET) :             6.043ns  (required time - arrival time)
  Source:                 U_I2C_MASTER/u_i2c_master/FSM_sequential_state_reg[0]/C
                            (rising edge-triggered cell FDCE clocked by sys_clk_pin  {rise@0.000ns fall@5.000ns period=10.000ns})
  Destination:            U_I2C_MASTER/u_i2c_master/FSM_sequential_state_reg[2]/D
                            (rising edge-triggered cell FDCE clocked by sys_clk_pin  {rise@0.000ns fall@5.000ns period=10.000ns})
  Path Group:             sys_clk_pin
  Path Type:              Setup (Max at Slow Process Corner)
  Requirement:            10.000ns  (sys_clk_pin rise@10.000ns - sys_clk_pin rise@0.000ns)
  Data Path Delay:        3.919ns  (logic 0.890ns (22.710%)  route 3.029ns (77.290%))
  Logic Levels:           3  (LUT5=1 LUT6=2)
  Clock Path Skew:        -0.034ns (DCD - SCD + CPR)
    Destination Clock Delay (DCD):    5.009ns = ( 15.009 - 10.000 ) 
    Source Clock Delay      (SCD):    5.310ns
    Clock Pessimism Removal (CPR):    0.267ns
  Clock Uncertainty:      0.035ns  ((TSJ^2 + TIJ^2)^1/2 + DJ) / 2 + PE
    Total System Jitter     (TSJ):    0.071ns
    Total Input Jitter      (TIJ):    0.000ns
    Discrete Jitter          (DJ):    0.000ns
    Phase Error              (PE):    0.000ns

    Location             Delay type                Incr(ns)  Path(ns)    Netlist Resource(s)
  -------------------------------------------------------------------    -------------------
                         (clock sys_clk_pin rise edge)
                                                      0.000     0.000 r  
    W5                                                0.000     0.000 r  clk (IN)
                         net (fo=0)                   0.000     0.000    clk
    W5                   IBUF (Prop_ibuf_I_O)         1.458     1.458 r  clk_IBUF_inst/O
                         net (fo=1, routed)           1.967     3.425    clk_IBUF
    BUFGCTRL_X0Y0        BUFG (Prop_bufg_I_O)         0.096     3.521 r  clk_IBUF_BUFG_inst/O
                         net (fo=81, routed)          1.789     5.310    U_I2C_MASTER/u_i2c_master/clk_IBUF_BUFG
    SLICE_X2Y125         FDCE                                         r  U_I2C_MASTER/u_i2c_master/FSM_sequential_state_reg[0]/C
  -------------------------------------------------------------------    -------------------
    SLICE_X2Y125         FDCE (Prop_fdce_C_Q)         0.518     5.828 f  U_I2C_MASTER/u_i2c_master/FSM_sequential_state_reg[0]/Q
                         net (fo=39, routed)          1.246     7.074    U_I2C_MASTER/u_i2c_master/state__0[0]
    SLICE_X1Y124         LUT5 (Prop_lut5_I2_O)        0.124     7.198 r  U_I2C_MASTER/u_i2c_master/bit_cnt[3]_i_3/O
                         net (fo=2, routed)           1.293     8.492    U_I2C_MASTER/u_i2c_master/is_read
    SLICE_X1Y125         LUT6 (Prop_lut6_I1_O)        0.124     8.616 r  U_I2C_MASTER/u_i2c_master/FSM_sequential_state[2]_i_3/O
                         net (fo=3, routed)           0.490     9.105    U_I2C_MASTER/u_i2c_master/FSM_sequential_state[2]_i_3_n_0
    SLICE_X3Y123         LUT6 (Prop_lut6_I4_O)        0.124     9.229 r  U_I2C_MASTER/u_i2c_master/FSM_sequential_state[2]_i_1/O
                         net (fo=1, routed)           0.000     9.229    U_I2C_MASTER/u_i2c_master/FSM_sequential_state[2]_i_1_n_0
    SLICE_X3Y123         FDCE                                         r  U_I2C_MASTER/u_i2c_master/FSM_sequential_state_reg[2]/D
  -------------------------------------------------------------------    -------------------

                         (clock sys_clk_pin rise edge)
                                                     10.000    10.000 r  
    W5                                                0.000    10.000 r  clk (IN)
                         net (fo=0)                   0.000    10.000    clk
    W5                   IBUF (Prop_ibuf_I_O)         1.388    11.388 r  clk_IBUF_inst/O
                         net (fo=1, routed)           1.862    13.250    clk_IBUF
    BUFGCTRL_X0Y0        BUFG (Prop_bufg_I_O)         0.091    13.341 r  clk_IBUF_BUFG_inst/O
                         net (fo=81, routed)          1.668    15.009    U_I2C_MASTER/u_i2c_master/clk_IBUF_BUFG
    SLICE_X3Y123         FDCE                                         r  U_I2C_MASTER/u_i2c_master/FSM_sequential_state_reg[2]/C
                         clock pessimism              0.267    15.276    
                         clock uncertainty           -0.035    15.241    
    SLICE_X3Y123         FDCE (Setup_fdce_C_D)        0.031    15.272    U_I2C_MASTER/u_i2c_master/FSM_sequential_state_reg[2]
  -------------------------------------------------------------------
                         required time                         15.272    
                         arrival time                          -9.229    
  -------------------------------------------------------------------
                         slack                                  6.043    

Slack (MET) :             6.144ns  (required time - arrival time)
  Source:                 U_I2C_MASTER/u_i2c_master/FSM_sequential_state_reg[0]/C
                            (rising edge-triggered cell FDCE clocked by sys_clk_pin  {rise@0.000ns fall@5.000ns period=10.000ns})
  Destination:            U_I2C_MASTER/u_i2c_master/FSM_sequential_state_reg[0]/D
                            (rising edge-triggered cell FDCE clocked by sys_clk_pin  {rise@0.000ns fall@5.000ns period=10.000ns})
  Path Group:             sys_clk_pin
  Path Type:              Setup (Max at Slow Process Corner)
  Requirement:            10.000ns  (sys_clk_pin rise@10.000ns - sys_clk_pin rise@0.000ns)
  Data Path Delay:        3.897ns  (logic 0.890ns (22.837%)  route 3.007ns (77.163%))
  Logic Levels:           3  (LUT3=1 LUT5=1 LUT6=1)
  Clock Path Skew:        0.000ns (DCD - SCD + CPR)
    Destination Clock Delay (DCD):    5.007ns = ( 15.007 - 10.000 ) 
    Source Clock Delay      (SCD):    5.310ns
    Clock Pessimism Removal (CPR):    0.303ns
  Clock Uncertainty:      0.035ns  ((TSJ^2 + TIJ^2)^1/2 + DJ) / 2 + PE
    Total System Jitter     (TSJ):    0.071ns
    Total Input Jitter      (TIJ):    0.000ns
    Discrete Jitter          (DJ):    0.000ns
    Phase Error              (PE):    0.000ns

    Location             Delay type                Incr(ns)  Path(ns)    Netlist Resource(s)
  -------------------------------------------------------------------    -------------------
                         (clock sys_clk_pin rise edge)
                                                      0.000     0.000 r  
    W5                                                0.000     0.000 r  clk (IN)
                         net (fo=0)                   0.000     0.000    clk
    W5                   IBUF (Prop_ibuf_I_O)         1.458     1.458 r  clk_IBUF_inst/O
                         net (fo=1, routed)           1.967     3.425    clk_IBUF
    BUFGCTRL_X0Y0        BUFG (Prop_bufg_I_O)         0.096     3.521 r  clk_IBUF_BUFG_inst/O
                         net (fo=81, routed)          1.789     5.310    U_I2C_MASTER/u_i2c_master/clk_IBUF_BUFG
    SLICE_X2Y125         FDCE                                         r  U_I2C_MASTER/u_i2c_master/FSM_sequential_state_reg[0]/C
  -------------------------------------------------------------------    -------------------
    SLICE_X2Y125         FDCE (Prop_fdce_C_Q)         0.518     5.828 f  U_I2C_MASTER/u_i2c_master/FSM_sequential_state_reg[0]/Q
                         net (fo=39, routed)          1.246     7.074    U_I2C_MASTER/u_i2c_master/state__0[0]
    SLICE_X1Y124         LUT5 (Prop_lut5_I2_O)        0.124     7.198 r  U_I2C_MASTER/u_i2c_master/bit_cnt[3]_i_3/O
                         net (fo=2, routed)           1.293     8.492    U_I2C_MASTER/u_i2c_master/is_read
    SLICE_X1Y125         LUT6 (Prop_lut6_I1_O)        0.124     8.616 r  U_I2C_MASTER/u_i2c_master/FSM_sequential_state[2]_i_3/O
                         net (fo=3, routed)           0.468     9.083    U_I2C_MASTER/u_i2c_master/FSM_sequential_state[2]_i_3_n_0
    SLICE_X2Y125         LUT3 (Prop_lut3_I1_O)        0.124     9.207 r  U_I2C_MASTER/u_i2c_master/FSM_sequential_state[0]_i_1/O
                         net (fo=1, routed)           0.000     9.207    U_I2C_MASTER/u_i2c_master/FSM_sequential_state[0]_i_1_n_0
    SLICE_X2Y125         FDCE                                         r  U_I2C_MASTER/u_i2c_master/FSM_sequential_state_reg[0]/D
  -------------------------------------------------------------------    -------------------

                         (clock sys_clk_pin rise edge)
                                                     10.000    10.000 r  
    W5                                                0.000    10.000 r  clk (IN)
                         net (fo=0)                   0.000    10.000    clk
    W5                   IBUF (Prop_ibuf_I_O)         1.388    11.388 r  clk_IBUF_inst/O
                         net (fo=1, routed)           1.862    13.250    clk_IBUF
    BUFGCTRL_X0Y0        BUFG (Prop_bufg_I_O)         0.091    13.341 r  clk_IBUF_BUFG_inst/O
                         net (fo=81, routed)          1.666    15.007    U_I2C_MASTER/u_i2c_master/clk_IBUF_BUFG
    SLICE_X2Y125         FDCE                                         r  U_I2C_MASTER/u_i2c_master/FSM_sequential_state_reg[0]/C
                         clock pessimism              0.303    15.310    
                         clock uncertainty           -0.035    15.275    
    SLICE_X2Y125         FDCE (Setup_fdce_C_D)        0.077    15.352    U_I2C_MASTER/u_i2c_master/FSM_sequential_state_reg[0]
  -------------------------------------------------------------------
                         required time                         15.352    
                         arrival time                          -9.207    
  -------------------------------------------------------------------
                         slack                                  6.144    

Slack (MET) :             6.390ns  (required time - arrival time)
  Source:                 FSM_onehot_state_reg[2]/C
                            (rising edge-triggered cell FDCE clocked by sys_clk_pin  {rise@0.000ns fall@5.000ns period=10.000ns})
  Destination:            FSM_onehot_state_reg[2]/CE
                            (rising edge-triggered cell FDCE clocked by sys_clk_pin  {rise@0.000ns fall@5.000ns period=10.000ns})
  Path Group:             sys_clk_pin
  Path Type:              Setup (Max at Slow Process Corner)
  Requirement:            10.000ns  (sys_clk_pin rise@10.000ns - sys_clk_pin rise@0.000ns)
  Data Path Delay:        3.369ns  (logic 0.963ns (28.582%)  route 2.406ns (71.418%))
  Logic Levels:           3  (LUT4=1 LUT6=2)
  Clock Path Skew:        0.000ns (DCD - SCD + CPR)
    Destination Clock Delay (DCD):    5.009ns = ( 15.009 - 10.000 ) 
    Source Clock Delay      (SCD):    5.312ns
    Clock Pessimism Removal (CPR):    0.303ns
  Clock Uncertainty:      0.035ns  ((TSJ^2 + TIJ^2)^1/2 + DJ) / 2 + PE
    Total System Jitter     (TSJ):    0.071ns
    Total Input Jitter      (TIJ):    0.000ns
    Discrete Jitter          (DJ):    0.000ns
    Phase Error              (PE):    0.000ns

    Location             Delay type                Incr(ns)  Path(ns)    Netlist Resource(s)
  -------------------------------------------------------------------    -------------------
                         (clock sys_clk_pin rise edge)
                                                      0.000     0.000 r  
    W5                                                0.000     0.000 r  clk (IN)
                         net (fo=0)                   0.000     0.000    clk
    W5                   IBUF (Prop_ibuf_I_O)         1.458     1.458 r  clk_IBUF_inst/O
                         net (fo=1, routed)           1.967     3.425    clk_IBUF
    BUFGCTRL_X0Y0        BUFG (Prop_bufg_I_O)         0.096     3.521 r  clk_IBUF_BUFG_inst/O
                         net (fo=81, routed)          1.791     5.312    clk_IBUF_BUFG
    SLICE_X1Y123         FDCE                                         r  FSM_onehot_state_reg[2]/C
  -------------------------------------------------------------------    -------------------
    SLICE_X1Y123         FDCE (Prop_fdce_C_Q)         0.419     5.731 r  FSM_onehot_state_reg[2]/Q
                         net (fo=2, routed)           0.863     6.594    U_I2C_MASTER/u_i2c_master/Q[1]
    SLICE_X0Y123         LUT6 (Prop_lut6_I1_O)        0.296     6.890 r  U_I2C_MASTER/u_i2c_master/FSM_onehot_state[10]_i_3/O
                         net (fo=1, routed)           0.444     7.334    U_I2C_MASTER/u_i2c_master/FSM_onehot_state[10]_i_3_n_0
    SLICE_X0Y123         LUT6 (Prop_lut6_I0_O)        0.124     7.458 r  U_I2C_MASTER/u_i2c_master/FSM_onehot_state[10]_i_2/O
                         net (fo=1, routed)           0.543     8.001    U_BTN_DEBOUNCE/FSM_onehot_state_reg[0]
    SLICE_X1Y124         LUT4 (Prop_lut4_I3_O)        0.124     8.125 r  U_BTN_DEBOUNCE/FSM_onehot_state[10]_i_1/O
                         net (fo=11, routed)          0.556     8.682    U_BTN_DEBOUNCE_n_0
    SLICE_X1Y123         FDCE                                         r  FSM_onehot_state_reg[2]/CE
  -------------------------------------------------------------------    -------------------

                         (clock sys_clk_pin rise edge)
                                                     10.000    10.000 r  
    W5                                                0.000    10.000 r  clk (IN)
                         net (fo=0)                   0.000    10.000    clk
    W5                   IBUF (Prop_ibuf_I_O)         1.388    11.388 r  clk_IBUF_inst/O
                         net (fo=1, routed)           1.862    13.250    clk_IBUF
    BUFGCTRL_X0Y0        BUFG (Prop_bufg_I_O)         0.091    13.341 r  clk_IBUF_BUFG_inst/O
                         net (fo=81, routed)          1.668    15.009    clk_IBUF_BUFG
    SLICE_X1Y123         FDCE                                         r  FSM_onehot_state_reg[2]/C
                         clock pessimism              0.303    15.312    
                         clock uncertainty           -0.035    15.277    
    SLICE_X1Y123         FDCE (Setup_fdce_C_CE)      -0.205    15.072    FSM_onehot_state_reg[2]
  -------------------------------------------------------------------
                         required time                         15.072    
                         arrival time                          -8.682    
  -------------------------------------------------------------------
                         slack                                  6.390    

Slack (MET) :             6.390ns  (required time - arrival time)
  Source:                 FSM_onehot_state_reg[2]/C
                            (rising edge-triggered cell FDCE clocked by sys_clk_pin  {rise@0.000ns fall@5.000ns period=10.000ns})
  Destination:            FSM_onehot_state_reg[3]/CE
                            (rising edge-triggered cell FDCE clocked by sys_clk_pin  {rise@0.000ns fall@5.000ns period=10.000ns})
  Path Group:             sys_clk_pin
  Path Type:              Setup (Max at Slow Process Corner)
  Requirement:            10.000ns  (sys_clk_pin rise@10.000ns - sys_clk_pin rise@0.000ns)
  Data Path Delay:        3.369ns  (logic 0.963ns (28.582%)  route 2.406ns (71.418%))
  Logic Levels:           3  (LUT4=1 LUT6=2)
  Clock Path Skew:        0.000ns (DCD - SCD + CPR)
    Destination Clock Delay (DCD):    5.009ns = ( 15.009 - 10.000 ) 
    Source Clock Delay      (SCD):    5.312ns
    Clock Pessimism Removal (CPR):    0.303ns
  Clock Uncertainty:      0.035ns  ((TSJ^2 + TIJ^2)^1/2 + DJ) / 2 + PE
    Total System Jitter     (TSJ):    0.071ns
    Total Input Jitter      (TIJ):    0.000ns
    Discrete Jitter          (DJ):    0.000ns
    Phase Error              (PE):    0.000ns

    Location             Delay type                Incr(ns)  Path(ns)    Netlist Resource(s)
  -------------------------------------------------------------------    -------------------
                         (clock sys_clk_pin rise edge)
                                                      0.000     0.000 r  
    W5                                                0.000     0.000 r  clk (IN)
                         net (fo=0)                   0.000     0.000    clk
    W5                   IBUF (Prop_ibuf_I_O)         1.458     1.458 r  clk_IBUF_inst/O
                         net (fo=1, routed)           1.967     3.425    clk_IBUF
    BUFGCTRL_X0Y0        BUFG (Prop_bufg_I_O)         0.096     3.521 r  clk_IBUF_BUFG_inst/O
                         net (fo=81, routed)          1.791     5.312    clk_IBUF_BUFG
    SLICE_X1Y123         FDCE                                         r  FSM_onehot_state_reg[2]/C
  -------------------------------------------------------------------    -------------------
    SLICE_X1Y123         FDCE (Prop_fdce_C_Q)         0.419     5.731 r  FSM_onehot_state_reg[2]/Q
                         net (fo=2, routed)           0.863     6.594    U_I2C_MASTER/u_i2c_master/Q[1]
    SLICE_X0Y123         LUT6 (Prop_lut6_I1_O)        0.296     6.890 r  U_I2C_MASTER/u_i2c_master/FSM_onehot_state[10]_i_3/O
                         net (fo=1, routed)           0.444     7.334    U_I2C_MASTER/u_i2c_master/FSM_onehot_state[10]_i_3_n_0
    SLICE_X0Y123         LUT6 (Prop_lut6_I0_O)        0.124     7.458 r  U_I2C_MASTER/u_i2c_master/FSM_onehot_state[10]_i_2/O
                         net (fo=1, routed)           0.543     8.001    U_BTN_DEBOUNCE/FSM_onehot_state_reg[0]
    SLICE_X1Y124         LUT4 (Prop_lut4_I3_O)        0.124     8.125 r  U_BTN_DEBOUNCE/FSM_onehot_state[10]_i_1/O
                         net (fo=11, routed)          0.556     8.682    U_BTN_DEBOUNCE_n_0
    SLICE_X1Y123         FDCE                                         r  FSM_onehot_state_reg[3]/CE
  -------------------------------------------------------------------    -------------------

                         (clock sys_clk_pin rise edge)
                                                     10.000    10.000 r  
    W5                                                0.000    10.000 r  clk (IN)
                         net (fo=0)                   0.000    10.000    clk
    W5                   IBUF (Prop_ibuf_I_O)         1.388    11.388 r  clk_IBUF_inst/O
                         net (fo=1, routed)           1.862    13.250    clk_IBUF
    BUFGCTRL_X0Y0        BUFG (Prop_bufg_I_O)         0.091    13.341 r  clk_IBUF_BUFG_inst/O
                         net (fo=81, routed)          1.668    15.009    clk_IBUF_BUFG
    SLICE_X1Y123         FDCE                                         r  FSM_onehot_state_reg[3]/C
                         clock pessimism              0.303    15.312    
                         clock uncertainty           -0.035    15.277    
    SLICE_X1Y123         FDCE (Setup_fdce_C_CE)      -0.205    15.072    FSM_onehot_state_reg[3]
  -------------------------------------------------------------------
                         required time                         15.072    
                         arrival time                          -8.682    
  -------------------------------------------------------------------
                         slack                                  6.390    

Slack (MET) :             6.390ns  (required time - arrival time)
  Source:                 FSM_onehot_state_reg[2]/C
                            (rising edge-triggered cell FDCE clocked by sys_clk_pin  {rise@0.000ns fall@5.000ns period=10.000ns})
  Destination:            FSM_onehot_state_reg[4]/CE
                            (rising edge-triggered cell FDCE clocked by sys_clk_pin  {rise@0.000ns fall@5.000ns period=10.000ns})
  Path Group:             sys_clk_pin
  Path Type:              Setup (Max at Slow Process Corner)
  Requirement:            10.000ns  (sys_clk_pin rise@10.000ns - sys_clk_pin rise@0.000ns)
  Data Path Delay:        3.369ns  (logic 0.963ns (28.582%)  route 2.406ns (71.418%))
  Logic Levels:           3  (LUT4=1 LUT6=2)
  Clock Path Skew:        0.000ns (DCD - SCD + CPR)
    Destination Clock Delay (DCD):    5.009ns = ( 15.009 - 10.000 ) 
    Source Clock Delay      (SCD):    5.312ns
    Clock Pessimism Removal (CPR):    0.303ns
  Clock Uncertainty:      0.035ns  ((TSJ^2 + TIJ^2)^1/2 + DJ) / 2 + PE
    Total System Jitter     (TSJ):    0.071ns
    Total Input Jitter      (TIJ):    0.000ns
    Discrete Jitter          (DJ):    0.000ns
    Phase Error              (PE):    0.000ns

    Location             Delay type                Incr(ns)  Path(ns)    Netlist Resource(s)
  -------------------------------------------------------------------    -------------------
                         (clock sys_clk_pin rise edge)
                                                      0.000     0.000 r  
    W5                                                0.000     0.000 r  clk (IN)
                         net (fo=0)                   0.000     0.000    clk
    W5                   IBUF (Prop_ibuf_I_O)         1.458     1.458 r  clk_IBUF_inst/O
                         net (fo=1, routed)           1.967     3.425    clk_IBUF
    BUFGCTRL_X0Y0        BUFG (Prop_bufg_I_O)         0.096     3.521 r  clk_IBUF_BUFG_inst/O
                         net (fo=81, routed)          1.791     5.312    clk_IBUF_BUFG
    SLICE_X1Y123         FDCE                                         r  FSM_onehot_state_reg[2]/C
  -------------------------------------------------------------------    -------------------
    SLICE_X1Y123         FDCE (Prop_fdce_C_Q)         0.419     5.731 r  FSM_onehot_state_reg[2]/Q
                         net (fo=2, routed)           0.863     6.594    U_I2C_MASTER/u_i2c_master/Q[1]
    SLICE_X0Y123         LUT6 (Prop_lut6_I1_O)        0.296     6.890 r  U_I2C_MASTER/u_i2c_master/FSM_onehot_state[10]_i_3/O
                         net (fo=1, routed)           0.444     7.334    U_I2C_MASTER/u_i2c_master/FSM_onehot_state[10]_i_3_n_0
    SLICE_X0Y123         LUT6 (Prop_lut6_I0_O)        0.124     7.458 r  U_I2C_MASTER/u_i2c_master/FSM_onehot_state[10]_i_2/O
                         net (fo=1, routed)           0.543     8.001    U_BTN_DEBOUNCE/FSM_onehot_state_reg[0]
    SLICE_X1Y124         LUT4 (Prop_lut4_I3_O)        0.124     8.125 r  U_BTN_DEBOUNCE/FSM_onehot_state[10]_i_1/O
                         net (fo=11, routed)          0.556     8.682    U_BTN_DEBOUNCE_n_0
    SLICE_X1Y123         FDCE                                         r  FSM_onehot_state_reg[4]/CE
  -------------------------------------------------------------------    -------------------

                         (clock sys_clk_pin rise edge)
                                                     10.000    10.000 r  
    W5                                                0.000    10.000 r  clk (IN)
                         net (fo=0)                   0.000    10.000    clk
    W5                   IBUF (Prop_ibuf_I_O)         1.388    11.388 r  clk_IBUF_inst/O
                         net (fo=1, routed)           1.862    13.250    clk_IBUF
    BUFGCTRL_X0Y0        BUFG (Prop_bufg_I_O)         0.091    13.341 r  clk_IBUF_BUFG_inst/O
                         net (fo=81, routed)          1.668    15.009    clk_IBUF_BUFG
    SLICE_X1Y123         FDCE                                         r  FSM_onehot_state_reg[4]/C
                         clock pessimism              0.303    15.312    
                         clock uncertainty           -0.035    15.277    
    SLICE_X1Y123         FDCE (Setup_fdce_C_CE)      -0.205    15.072    FSM_onehot_state_reg[4]
  -------------------------------------------------------------------
                         required time                         15.072    
                         arrival time                          -8.682    
  -------------------------------------------------------------------
                         slack                                  6.390    

Slack (MET) :             6.390ns  (required time - arrival time)
  Source:                 FSM_onehot_state_reg[2]/C
                            (rising edge-triggered cell FDCE clocked by sys_clk_pin  {rise@0.000ns fall@5.000ns period=10.000ns})
  Destination:            FSM_onehot_state_reg[5]/CE
                            (rising edge-triggered cell FDCE clocked by sys_clk_pin  {rise@0.000ns fall@5.000ns period=10.000ns})
  Path Group:             sys_clk_pin
  Path Type:              Setup (Max at Slow Process Corner)
  Requirement:            10.000ns  (sys_clk_pin rise@10.000ns - sys_clk_pin rise@0.000ns)
  Data Path Delay:        3.369ns  (logic 0.963ns (28.582%)  route 2.406ns (71.418%))
  Logic Levels:           3  (LUT4=1 LUT6=2)
  Clock Path Skew:        0.000ns (DCD - SCD + CPR)
    Destination Clock Delay (DCD):    5.009ns = ( 15.009 - 10.000 ) 
    Source Clock Delay      (SCD):    5.312ns
    Clock Pessimism Removal (CPR):    0.303ns
  Clock Uncertainty:      0.035ns  ((TSJ^2 + TIJ^2)^1/2 + DJ) / 2 + PE
    Total System Jitter     (TSJ):    0.071ns
    Total Input Jitter      (TIJ):    0.000ns
    Discrete Jitter          (DJ):    0.000ns
    Phase Error              (PE):    0.000ns

    Location             Delay type                Incr(ns)  Path(ns)    Netlist Resource(s)
  -------------------------------------------------------------------    -------------------
                         (clock sys_clk_pin rise edge)
                                                      0.000     0.000 r  
    W5                                                0.000     0.000 r  clk (IN)
                         net (fo=0)                   0.000     0.000    clk
    W5                   IBUF (Prop_ibuf_I_O)         1.458     1.458 r  clk_IBUF_inst/O
                         net (fo=1, routed)           1.967     3.425    clk_IBUF
    BUFGCTRL_X0Y0        BUFG (Prop_bufg_I_O)         0.096     3.521 r  clk_IBUF_BUFG_inst/O
                         net (fo=81, routed)          1.791     5.312    clk_IBUF_BUFG
    SLICE_X1Y123         FDCE                                         r  FSM_onehot_state_reg[2]/C
  -------------------------------------------------------------------    -------------------
    SLICE_X1Y123         FDCE (Prop_fdce_C_Q)         0.419     5.731 r  FSM_onehot_state_reg[2]/Q
                         net (fo=2, routed)           0.863     6.594    U_I2C_MASTER/u_i2c_master/Q[1]
    SLICE_X0Y123         LUT6 (Prop_lut6_I1_O)        0.296     6.890 r  U_I2C_MASTER/u_i2c_master/FSM_onehot_state[10]_i_3/O
                         net (fo=1, routed)           0.444     7.334    U_I2C_MASTER/u_i2c_master/FSM_onehot_state[10]_i_3_n_0
    SLICE_X0Y123         LUT6 (Prop_lut6_I0_O)        0.124     7.458 r  U_I2C_MASTER/u_i2c_master/FSM_onehot_state[10]_i_2/O
                         net (fo=1, routed)           0.543     8.001    U_BTN_DEBOUNCE/FSM_onehot_state_reg[0]
    SLICE_X1Y124         LUT4 (Prop_lut4_I3_O)        0.124     8.125 r  U_BTN_DEBOUNCE/FSM_onehot_state[10]_i_1/O
                         net (fo=11, routed)          0.556     8.682    U_BTN_DEBOUNCE_n_0
    SLICE_X1Y123         FDCE                                         r  FSM_onehot_state_reg[5]/CE
  -------------------------------------------------------------------    -------------------

                         (clock sys_clk_pin rise edge)
                                                     10.000    10.000 r  
    W5                                                0.000    10.000 r  clk (IN)
                         net (fo=0)                   0.000    10.000    clk
    W5                   IBUF (Prop_ibuf_I_O)         1.388    11.388 r  clk_IBUF_inst/O
                         net (fo=1, routed)           1.862    13.250    clk_IBUF
    BUFGCTRL_X0Y0        BUFG (Prop_bufg_I_O)         0.091    13.341 r  clk_IBUF_BUFG_inst/O
                         net (fo=81, routed)          1.668    15.009    clk_IBUF_BUFG
    SLICE_X1Y123         FDCE                                         r  FSM_onehot_state_reg[5]/C
                         clock pessimism              0.303    15.312    
                         clock uncertainty           -0.035    15.277    
    SLICE_X1Y123         FDCE (Setup_fdce_C_CE)      -0.205    15.072    FSM_onehot_state_reg[5]
  -------------------------------------------------------------------
                         required time                         15.072    
                         arrival time                          -8.682    
  -------------------------------------------------------------------
                         slack                                  6.390    

Slack (MET) :             6.390ns  (required time - arrival time)
  Source:                 FSM_onehot_state_reg[2]/C
                            (rising edge-triggered cell FDCE clocked by sys_clk_pin  {rise@0.000ns fall@5.000ns period=10.000ns})
  Destination:            FSM_onehot_state_reg[6]/CE
                            (rising edge-triggered cell FDCE clocked by sys_clk_pin  {rise@0.000ns fall@5.000ns period=10.000ns})
  Path Group:             sys_clk_pin
  Path Type:              Setup (Max at Slow Process Corner)
  Requirement:            10.000ns  (sys_clk_pin rise@10.000ns - sys_clk_pin rise@0.000ns)
  Data Path Delay:        3.369ns  (logic 0.963ns (28.582%)  route 2.406ns (71.418%))
  Logic Levels:           3  (LUT4=1 LUT6=2)
  Clock Path Skew:        0.000ns (DCD - SCD + CPR)
    Destination Clock Delay (DCD):    5.009ns = ( 15.009 - 10.000 ) 
    Source Clock Delay      (SCD):    5.312ns
    Clock Pessimism Removal (CPR):    0.303ns
  Clock Uncertainty:      0.035ns  ((TSJ^2 + TIJ^2)^1/2 + DJ) / 2 + PE
    Total System Jitter     (TSJ):    0.071ns
    Total Input Jitter      (TIJ):    0.000ns
    Discrete Jitter          (DJ):    0.000ns
    Phase Error              (PE):    0.000ns

    Location             Delay type                Incr(ns)  Path(ns)    Netlist Resource(s)
  -------------------------------------------------------------------    -------------------
                         (clock sys_clk_pin rise edge)
                                                      0.000     0.000 r  
    W5                                                0.000     0.000 r  clk (IN)
                         net (fo=0)                   0.000     0.000    clk
    W5                   IBUF (Prop_ibuf_I_O)         1.458     1.458 r  clk_IBUF_inst/O
                         net (fo=1, routed)           1.967     3.425    clk_IBUF
    BUFGCTRL_X0Y0        BUFG (Prop_bufg_I_O)         0.096     3.521 r  clk_IBUF_BUFG_inst/O
                         net (fo=81, routed)          1.791     5.312    clk_IBUF_BUFG
    SLICE_X1Y123         FDCE                                         r  FSM_onehot_state_reg[2]/C
  -------------------------------------------------------------------    -------------------
    SLICE_X1Y123         FDCE (Prop_fdce_C_Q)         0.419     5.731 r  FSM_onehot_state_reg[2]/Q
                         net (fo=2, routed)           0.863     6.594    U_I2C_MASTER/u_i2c_master/Q[1]
    SLICE_X0Y123         LUT6 (Prop_lut6_I1_O)        0.296     6.890 r  U_I2C_MASTER/u_i2c_master/FSM_onehot_state[10]_i_3/O
                         net (fo=1, routed)           0.444     7.334    U_I2C_MASTER/u_i2c_master/FSM_onehot_state[10]_i_3_n_0
    SLICE_X0Y123         LUT6 (Prop_lut6_I0_O)        0.124     7.458 r  U_I2C_MASTER/u_i2c_master/FSM_onehot_state[10]_i_2/O
                         net (fo=1, routed)           0.543     8.001    U_BTN_DEBOUNCE/FSM_onehot_state_reg[0]
    SLICE_X1Y124         LUT4 (Prop_lut4_I3_O)        0.124     8.125 r  U_BTN_DEBOUNCE/FSM_onehot_state[10]_i_1/O
                         net (fo=11, routed)          0.556     8.682    U_BTN_DEBOUNCE_n_0
    SLICE_X1Y123         FDCE                                         r  FSM_onehot_state_reg[6]/CE
  -------------------------------------------------------------------    -------------------

                         (clock sys_clk_pin rise edge)
                                                     10.000    10.000 r  
    W5                                                0.000    10.000 r  clk (IN)
                         net (fo=0)                   0.000    10.000    clk
    W5                   IBUF (Prop_ibuf_I_O)         1.388    11.388 r  clk_IBUF_inst/O
                         net (fo=1, routed)           1.862    13.250    clk_IBUF
    BUFGCTRL_X0Y0        BUFG (Prop_bufg_I_O)         0.091    13.341 r  clk_IBUF_BUFG_inst/O
                         net (fo=81, routed)          1.668    15.009    clk_IBUF_BUFG
    SLICE_X1Y123         FDCE                                         r  FSM_onehot_state_reg[6]/C
                         clock pessimism              0.303    15.312    
                         clock uncertainty           -0.035    15.277    
    SLICE_X1Y123         FDCE (Setup_fdce_C_CE)      -0.205    15.072    FSM_onehot_state_reg[6]
  -------------------------------------------------------------------
                         required time                         15.072    
                         arrival time                          -8.682    
  -------------------------------------------------------------------
                         slack                                  6.390    

Slack (MET) :             6.390ns  (required time - arrival time)
  Source:                 FSM_onehot_state_reg[2]/C
                            (rising edge-triggered cell FDCE clocked by sys_clk_pin  {rise@0.000ns fall@5.000ns period=10.000ns})
  Destination:            FSM_onehot_state_reg[7]/CE
                            (rising edge-triggered cell FDCE clocked by sys_clk_pin  {rise@0.000ns fall@5.000ns period=10.000ns})
  Path Group:             sys_clk_pin
  Path Type:              Setup (Max at Slow Process Corner)
  Requirement:            10.000ns  (sys_clk_pin rise@10.000ns - sys_clk_pin rise@0.000ns)
  Data Path Delay:        3.369ns  (logic 0.963ns (28.582%)  route 2.406ns (71.418%))
  Logic Levels:           3  (LUT4=1 LUT6=2)
  Clock Path Skew:        0.000ns (DCD - SCD + CPR)
    Destination Clock Delay (DCD):    5.009ns = ( 15.009 - 10.000 ) 
    Source Clock Delay      (SCD):    5.312ns
    Clock Pessimism Removal (CPR):    0.303ns
  Clock Uncertainty:      0.035ns  ((TSJ^2 + TIJ^2)^1/2 + DJ) / 2 + PE
    Total System Jitter     (TSJ):    0.071ns
    Total Input Jitter      (TIJ):    0.000ns
    Discrete Jitter          (DJ):    0.000ns
    Phase Error              (PE):    0.000ns

    Location             Delay type                Incr(ns)  Path(ns)    Netlist Resource(s)
  -------------------------------------------------------------------    -------------------
                         (clock sys_clk_pin rise edge)
                                                      0.000     0.000 r  
    W5                                                0.000     0.000 r  clk (IN)
                         net (fo=0)                   0.000     0.000    clk
    W5                   IBUF (Prop_ibuf_I_O)         1.458     1.458 r  clk_IBUF_inst/O
                         net (fo=1, routed)           1.967     3.425    clk_IBUF
    BUFGCTRL_X0Y0        BUFG (Prop_bufg_I_O)         0.096     3.521 r  clk_IBUF_BUFG_inst/O
                         net (fo=81, routed)          1.791     5.312    clk_IBUF_BUFG
    SLICE_X1Y123         FDCE                                         r  FSM_onehot_state_reg[2]/C
  -------------------------------------------------------------------    -------------------
    SLICE_X1Y123         FDCE (Prop_fdce_C_Q)         0.419     5.731 r  FSM_onehot_state_reg[2]/Q
                         net (fo=2, routed)           0.863     6.594    U_I2C_MASTER/u_i2c_master/Q[1]
    SLICE_X0Y123         LUT6 (Prop_lut6_I1_O)        0.296     6.890 r  U_I2C_MASTER/u_i2c_master/FSM_onehot_state[10]_i_3/O
                         net (fo=1, routed)           0.444     7.334    U_I2C_MASTER/u_i2c_master/FSM_onehot_state[10]_i_3_n_0
    SLICE_X0Y123         LUT6 (Prop_lut6_I0_O)        0.124     7.458 r  U_I2C_MASTER/u_i2c_master/FSM_onehot_state[10]_i_2/O
                         net (fo=1, routed)           0.543     8.001    U_BTN_DEBOUNCE/FSM_onehot_state_reg[0]
    SLICE_X1Y124         LUT4 (Prop_lut4_I3_O)        0.124     8.125 r  U_BTN_DEBOUNCE/FSM_onehot_state[10]_i_1/O
                         net (fo=11, routed)          0.556     8.682    U_BTN_DEBOUNCE_n_0
    SLICE_X1Y123         FDCE                                         r  FSM_onehot_state_reg[7]/CE
  -------------------------------------------------------------------    -------------------

                         (clock sys_clk_pin rise edge)
                                                     10.000    10.000 r  
    W5                                                0.000    10.000 r  clk (IN)
                         net (fo=0)                   0.000    10.000    clk
    W5                   IBUF (Prop_ibuf_I_O)         1.388    11.388 r  clk_IBUF_inst/O
                         net (fo=1, routed)           1.862    13.250    clk_IBUF
    BUFGCTRL_X0Y0        BUFG (Prop_bufg_I_O)         0.091    13.341 r  clk_IBUF_BUFG_inst/O
                         net (fo=81, routed)          1.668    15.009    clk_IBUF_BUFG
    SLICE_X1Y123         FDCE                                         r  FSM_onehot_state_reg[7]/C
                         clock pessimism              0.303    15.312    
                         clock uncertainty           -0.035    15.277    
    SLICE_X1Y123         FDCE (Setup_fdce_C_CE)      -0.205    15.072    FSM_onehot_state_reg[7]
  -------------------------------------------------------------------
                         required time                         15.072    
                         arrival time                          -8.682    
  -------------------------------------------------------------------
                         slack                                  6.390    

Slack (MET) :             6.390ns  (required time - arrival time)
  Source:                 FSM_onehot_state_reg[2]/C
                            (rising edge-triggered cell FDCE clocked by sys_clk_pin  {rise@0.000ns fall@5.000ns period=10.000ns})
  Destination:            FSM_onehot_state_reg[8]/CE
                            (rising edge-triggered cell FDCE clocked by sys_clk_pin  {rise@0.000ns fall@5.000ns period=10.000ns})
  Path Group:             sys_clk_pin
  Path Type:              Setup (Max at Slow Process Corner)
  Requirement:            10.000ns  (sys_clk_pin rise@10.000ns - sys_clk_pin rise@0.000ns)
  Data Path Delay:        3.369ns  (logic 0.963ns (28.582%)  route 2.406ns (71.418%))
  Logic Levels:           3  (LUT4=1 LUT6=2)
  Clock Path Skew:        0.000ns (DCD - SCD + CPR)
    Destination Clock Delay (DCD):    5.009ns = ( 15.009 - 10.000 ) 
    Source Clock Delay      (SCD):    5.312ns
    Clock Pessimism Removal (CPR):    0.303ns
  Clock Uncertainty:      0.035ns  ((TSJ^2 + TIJ^2)^1/2 + DJ) / 2 + PE
    Total System Jitter     (TSJ):    0.071ns
    Total Input Jitter      (TIJ):    0.000ns
    Discrete Jitter          (DJ):    0.000ns
    Phase Error              (PE):    0.000ns

    Location             Delay type                Incr(ns)  Path(ns)    Netlist Resource(s)
  -------------------------------------------------------------------    -------------------
                         (clock sys_clk_pin rise edge)
                                                      0.000     0.000 r  
    W5                                                0.000     0.000 r  clk (IN)
                         net (fo=0)                   0.000     0.000    clk
    W5                   IBUF (Prop_ibuf_I_O)         1.458     1.458 r  clk_IBUF_inst/O
                         net (fo=1, routed)           1.967     3.425    clk_IBUF
    BUFGCTRL_X0Y0        BUFG (Prop_bufg_I_O)         0.096     3.521 r  clk_IBUF_BUFG_inst/O
                         net (fo=81, routed)          1.791     5.312    clk_IBUF_BUFG
    SLICE_X1Y123         FDCE                                         r  FSM_onehot_state_reg[2]/C
  -------------------------------------------------------------------    -------------------
    SLICE_X1Y123         FDCE (Prop_fdce_C_Q)         0.419     5.731 r  FSM_onehot_state_reg[2]/Q
                         net (fo=2, routed)           0.863     6.594    U_I2C_MASTER/u_i2c_master/Q[1]
    SLICE_X0Y123         LUT6 (Prop_lut6_I1_O)        0.296     6.890 r  U_I2C_MASTER/u_i2c_master/FSM_onehot_state[10]_i_3/O
                         net (fo=1, routed)           0.444     7.334    U_I2C_MASTER/u_i2c_master/FSM_onehot_state[10]_i_3_n_0
    SLICE_X0Y123         LUT6 (Prop_lut6_I0_O)        0.124     7.458 r  U_I2C_MASTER/u_i2c_master/FSM_onehot_state[10]_i_2/O
                         net (fo=1, routed)           0.543     8.001    U_BTN_DEBOUNCE/FSM_onehot_state_reg[0]
    SLICE_X1Y124         LUT4 (Prop_lut4_I3_O)        0.124     8.125 r  U_BTN_DEBOUNCE/FSM_onehot_state[10]_i_1/O
                         net (fo=11, routed)          0.556     8.682    U_BTN_DEBOUNCE_n_0
    SLICE_X1Y123         FDCE                                         r  FSM_onehot_state_reg[8]/CE
  -------------------------------------------------------------------    -------------------

                         (clock sys_clk_pin rise edge)
                                                     10.000    10.000 r  
    W5                                                0.000    10.000 r  clk (IN)
                         net (fo=0)                   0.000    10.000    clk
    W5                   IBUF (Prop_ibuf_I_O)         1.388    11.388 r  clk_IBUF_inst/O
                         net (fo=1, routed)           1.862    13.250    clk_IBUF
    BUFGCTRL_X0Y0        BUFG (Prop_bufg_I_O)         0.091    13.341 r  clk_IBUF_BUFG_inst/O
                         net (fo=81, routed)          1.668    15.009    clk_IBUF_BUFG
    SLICE_X1Y123         FDCE                                         r  FSM_onehot_state_reg[8]/C
                         clock pessimism              0.303    15.312    
                         clock uncertainty           -0.035    15.277    
    SLICE_X1Y123         FDCE (Setup_fdce_C_CE)      -0.205    15.072    FSM_onehot_state_reg[8]
  -------------------------------------------------------------------
                         required time                         15.072    
                         arrival time                          -8.682    
  -------------------------------------------------------------------
                         slack                                  6.390    





Min Delay Paths
--------------------------------------------------------------------------------------
Slack (MET) :             0.173ns  (arrival time - required time)
  Source:                 U_I2C_MASTER/u_i2c_master/rx_shift_reg_reg[1]/C
                            (rising edge-triggered cell FDCE clocked by sys_clk_pin  {rise@0.000ns fall@5.000ns period=10.000ns})
  Destination:            U_I2C_MASTER/u_i2c_master/rx_data_reg[1]/D
                            (rising edge-triggered cell FDRE clocked by sys_clk_pin  {rise@0.000ns fall@5.000ns period=10.000ns})
  Path Group:             sys_clk_pin
  Path Type:              Hold (Min at Fast Process Corner)
  Requirement:            0.000ns  (sys_clk_pin rise@0.000ns - sys_clk_pin rise@0.000ns)
  Data Path Delay:        0.257ns  (logic 0.141ns (54.893%)  route 0.116ns (45.107%))
  Logic Levels:           0  
  Clock Path Skew:        0.014ns (DCD - SCD - CPR)
    Destination Clock Delay (DCD):    2.066ns
    Source Clock Delay      (SCD):    1.549ns
    Clock Pessimism Removal (CPR):    0.503ns

    Location             Delay type                Incr(ns)  Path(ns)    Netlist Resource(s)
  -------------------------------------------------------------------    -------------------
                         (clock sys_clk_pin rise edge)
                                                      0.000     0.000 r  
    W5                                                0.000     0.000 r  clk (IN)
                         net (fo=0)                   0.000     0.000    clk
    W5                   IBUF (Prop_ibuf_I_O)         0.226     0.226 r  clk_IBUF_inst/O
                         net (fo=1, routed)           0.631     0.858    clk_IBUF
    BUFGCTRL_X0Y0        BUFG (Prop_bufg_I_O)         0.026     0.884 r  clk_IBUF_BUFG_inst/O
                         net (fo=81, routed)          0.665     1.549    U_I2C_MASTER/u_i2c_master/clk_IBUF_BUFG
    SLICE_X1Y122         FDCE                                         r  U_I2C_MASTER/u_i2c_master/rx_shift_reg_reg[1]/C
  -------------------------------------------------------------------    -------------------
    SLICE_X1Y122         FDCE (Prop_fdce_C_Q)         0.141     1.690 r  U_I2C_MASTER/u_i2c_master/rx_shift_reg_reg[1]/Q
                         net (fo=2, routed)           0.116     1.805    U_I2C_MASTER/u_i2c_master/rx_shift_reg_reg_n_0_[1]
    SLICE_X0Y121         FDRE                                         r  U_I2C_MASTER/u_i2c_master/rx_data_reg[1]/D
  -------------------------------------------------------------------    -------------------

                         (clock sys_clk_pin rise edge)
                                                      0.000     0.000 r  
    W5                                                0.000     0.000 r  clk (IN)
                         net (fo=0)                   0.000     0.000    clk
    W5                   IBUF (Prop_ibuf_I_O)         0.414     0.414 r  clk_IBUF_inst/O
                         net (fo=1, routed)           0.685     1.099    clk_IBUF
    BUFGCTRL_X0Y0        BUFG (Prop_bufg_I_O)         0.029     1.128 r  clk_IBUF_BUFG_inst/O
                         net (fo=81, routed)          0.938     2.066    U_I2C_MASTER/u_i2c_master/clk_IBUF_BUFG
    SLICE_X0Y121         FDRE                                         r  U_I2C_MASTER/u_i2c_master/rx_data_reg[1]/C
                         clock pessimism             -0.503     1.563    
    SLICE_X0Y121         FDRE (Hold_fdre_C_D)         0.070     1.633    U_I2C_MASTER/u_i2c_master/rx_data_reg[1]
  -------------------------------------------------------------------
                         required time                         -1.633    
                         arrival time                           1.805    
  -------------------------------------------------------------------
                         slack                                  0.173    

Slack (MET) :             0.182ns  (arrival time - required time)
  Source:                 U_I2C_MASTER/u_i2c_master/rx_shift_reg_reg[2]/C
                            (rising edge-triggered cell FDCE clocked by sys_clk_pin  {rise@0.000ns fall@5.000ns period=10.000ns})
  Destination:            U_I2C_MASTER/u_i2c_master/rx_data_reg[2]/D
                            (rising edge-triggered cell FDRE clocked by sys_clk_pin  {rise@0.000ns fall@5.000ns period=10.000ns})
  Path Group:             sys_clk_pin
  Path Type:              Hold (Min at Fast Process Corner)
  Requirement:            0.000ns  (sys_clk_pin rise@0.000ns - sys_clk_pin rise@0.000ns)
  Data Path Delay:        0.262ns  (logic 0.141ns (53.794%)  route 0.121ns (46.206%))
  Logic Levels:           0  
  Clock Path Skew:        0.014ns (DCD - SCD - CPR)
    Destination Clock Delay (DCD):    2.066ns
    Source Clock Delay      (SCD):    1.549ns
    Clock Pessimism Removal (CPR):    0.503ns

    Location             Delay type                Incr(ns)  Path(ns)    Netlist Resource(s)
  -------------------------------------------------------------------    -------------------
                         (clock sys_clk_pin rise edge)
                                                      0.000     0.000 r  
    W5                                                0.000     0.000 r  clk (IN)
                         net (fo=0)                   0.000     0.000    clk
    W5                   IBUF (Prop_ibuf_I_O)         0.226     0.226 r  clk_IBUF_inst/O
                         net (fo=1, routed)           0.631     0.858    clk_IBUF
    BUFGCTRL_X0Y0        BUFG (Prop_bufg_I_O)         0.026     0.884 r  clk_IBUF_BUFG_inst/O
                         net (fo=81, routed)          0.665     1.549    U_I2C_MASTER/u_i2c_master/clk_IBUF_BUFG
    SLICE_X1Y122         FDCE                                         r  U_I2C_MASTER/u_i2c_master/rx_shift_reg_reg[2]/C
  -------------------------------------------------------------------    -------------------
    SLICE_X1Y122         FDCE (Prop_fdce_C_Q)         0.141     1.690 r  U_I2C_MASTER/u_i2c_master/rx_shift_reg_reg[2]/Q
                         net (fo=2, routed)           0.121     1.811    U_I2C_MASTER/u_i2c_master/rx_shift_reg_reg_n_0_[2]
    SLICE_X0Y121         FDRE                                         r  U_I2C_MASTER/u_i2c_master/rx_data_reg[2]/D
  -------------------------------------------------------------------    -------------------

                         (clock sys_clk_pin rise edge)
                                                      0.000     0.000 r  
    W5                                                0.000     0.000 r  clk (IN)
                         net (fo=0)                   0.000     0.000    clk
    W5                   IBUF (Prop_ibuf_I_O)         0.414     0.414 r  clk_IBUF_inst/O
                         net (fo=1, routed)           0.685     1.099    clk_IBUF
    BUFGCTRL_X0Y0        BUFG (Prop_bufg_I_O)         0.029     1.128 r  clk_IBUF_BUFG_inst/O
                         net (fo=81, routed)          0.938     2.066    U_I2C_MASTER/u_i2c_master/clk_IBUF_BUFG
    SLICE_X0Y121         FDRE                                         r  U_I2C_MASTER/u_i2c_master/rx_data_reg[2]/C
                         clock pessimism             -0.503     1.563    
    SLICE_X0Y121         FDRE (Hold_fdre_C_D)         0.066     1.629    U_I2C_MASTER/u_i2c_master/rx_data_reg[2]
  -------------------------------------------------------------------
                         required time                         -1.629    
                         arrival time                           1.811    
  -------------------------------------------------------------------
                         slack                                  0.182    

Slack (MET) :             0.185ns  (arrival time - required time)
  Source:                 U_I2C_MASTER/u_i2c_master/rx_shift_reg_reg[0]/C
                            (rising edge-triggered cell FDCE clocked by sys_clk_pin  {rise@0.000ns fall@5.000ns period=10.000ns})
  Destination:            U_I2C_MASTER/u_i2c_master/rx_data_reg[0]/D
                            (rising edge-triggered cell FDRE clocked by sys_clk_pin  {rise@0.000ns fall@5.000ns period=10.000ns})
  Path Group:             sys_clk_pin
  Path Type:              Hold (Min at Fast Process Corner)
  Requirement:            0.000ns  (sys_clk_pin rise@0.000ns - sys_clk_pin rise@0.000ns)
  Data Path Delay:        0.268ns  (logic 0.141ns (52.631%)  route 0.127ns (47.369%))
  Logic Levels:           0  
  Clock Path Skew:        0.013ns (DCD - SCD - CPR)
    Destination Clock Delay (DCD):    2.065ns
    Source Clock Delay      (SCD):    1.549ns
    Clock Pessimism Removal (CPR):    0.503ns

    Location             Delay type                Incr(ns)  Path(ns)    Netlist Resource(s)
  -------------------------------------------------------------------    -------------------
                         (clock sys_clk_pin rise edge)
                                                      0.000     0.000 r  
    W5                                                0.000     0.000 r  clk (IN)
                         net (fo=0)                   0.000     0.000    clk
    W5                   IBUF (Prop_ibuf_I_O)         0.226     0.226 r  clk_IBUF_inst/O
                         net (fo=1, routed)           0.631     0.858    clk_IBUF
    BUFGCTRL_X0Y0        BUFG (Prop_bufg_I_O)         0.026     0.884 r  clk_IBUF_BUFG_inst/O
                         net (fo=81, routed)          0.665     1.549    U_I2C_MASTER/u_i2c_master/clk_IBUF_BUFG
    SLICE_X1Y122         FDCE                                         r  U_I2C_MASTER/u_i2c_master/rx_shift_reg_reg[0]/C
  -------------------------------------------------------------------    -------------------
    SLICE_X1Y122         FDCE (Prop_fdce_C_Q)         0.141     1.690 r  U_I2C_MASTER/u_i2c_master/rx_shift_reg_reg[0]/Q
                         net (fo=2, routed)           0.127     1.817    U_I2C_MASTER/u_i2c_master/rx_shift_reg_reg_n_0_[0]
    SLICE_X0Y122         FDRE                                         r  U_I2C_MASTER/u_i2c_master/rx_data_reg[0]/D
  -------------------------------------------------------------------    -------------------

                         (clock sys_clk_pin rise edge)
                                                      0.000     0.000 r  
    W5                                                0.000     0.000 r  clk (IN)
                         net (fo=0)                   0.000     0.000    clk
    W5                   IBUF (Prop_ibuf_I_O)         0.414     0.414 r  clk_IBUF_inst/O
                         net (fo=1, routed)           0.685     1.099    clk_IBUF
    BUFGCTRL_X0Y0        BUFG (Prop_bufg_I_O)         0.029     1.128 r  clk_IBUF_BUFG_inst/O
                         net (fo=81, routed)          0.937     2.065    U_I2C_MASTER/u_i2c_master/clk_IBUF_BUFG
    SLICE_X0Y122         FDRE                                         r  U_I2C_MASTER/u_i2c_master/rx_data_reg[0]/C
                         clock pessimism             -0.503     1.562    
    SLICE_X0Y122         FDRE (Hold_fdre_C_D)         0.070     1.632    U_I2C_MASTER/u_i2c_master/rx_data_reg[0]
  -------------------------------------------------------------------
                         required time                         -1.632    
                         arrival time                           1.817    
  -------------------------------------------------------------------
                         slack                                  0.185    

Slack (MET) :             0.185ns  (arrival time - required time)
  Source:                 FSM_onehot_state_reg[1]/C
                            (rising edge-triggered cell FDCE clocked by sys_clk_pin  {rise@0.000ns fall@5.000ns period=10.000ns})
  Destination:            cmd_start_reg/D
                            (rising edge-triggered cell FDCE clocked by sys_clk_pin  {rise@0.000ns fall@5.000ns period=10.000ns})
  Path Group:             sys_clk_pin
  Path Type:              Hold (Min at Fast Process Corner)
  Requirement:            0.000ns  (sys_clk_pin rise@0.000ns - sys_clk_pin rise@0.000ns)
  Data Path Delay:        0.269ns  (logic 0.141ns (52.358%)  route 0.128ns (47.642%))
  Logic Levels:           0  
  Clock Path Skew:        0.013ns (DCD - SCD - CPR)
    Destination Clock Delay (DCD):    2.062ns
    Source Clock Delay      (SCD):    1.546ns
    Clock Pessimism Removal (CPR):    0.503ns

    Location             Delay type                Incr(ns)  Path(ns)    Netlist Resource(s)
  -------------------------------------------------------------------    -------------------
                         (clock sys_clk_pin rise edge)
                                                      0.000     0.000 r  
    W5                                                0.000     0.000 r  clk (IN)
                         net (fo=0)                   0.000     0.000    clk
    W5                   IBUF (Prop_ibuf_I_O)         0.226     0.226 r  clk_IBUF_inst/O
                         net (fo=1, routed)           0.631     0.858    clk_IBUF
    BUFGCTRL_X0Y0        BUFG (Prop_bufg_I_O)         0.026     0.884 r  clk_IBUF_BUFG_inst/O
                         net (fo=81, routed)          0.662     1.546    clk_IBUF_BUFG
    SLICE_X1Y124         FDCE                                         r  FSM_onehot_state_reg[1]/C
  -------------------------------------------------------------------    -------------------
    SLICE_X1Y124         FDCE (Prop_fdce_C_Q)         0.141     1.687 r  FSM_onehot_state_reg[1]/Q
                         net (fo=3, routed)           0.128     1.815    cmd_start
    SLICE_X0Y124         FDCE                                         r  cmd_start_reg/D
  -------------------------------------------------------------------    -------------------

                         (clock sys_clk_pin rise edge)
                                                      0.000     0.000 r  
    W5                                                0.000     0.000 r  clk (IN)
                         net (fo=0)                   0.000     0.000    clk
    W5                   IBUF (Prop_ibuf_I_O)         0.414     0.414 r  clk_IBUF_inst/O
                         net (fo=1, routed)           0.685     1.099    clk_IBUF
    BUFGCTRL_X0Y0        BUFG (Prop_bufg_I_O)         0.029     1.128 r  clk_IBUF_BUFG_inst/O
                         net (fo=81, routed)          0.934     2.062    clk_IBUF_BUFG
    SLICE_X0Y124         FDCE                                         r  cmd_start_reg/C
                         clock pessimism             -0.503     1.559    
    SLICE_X0Y124         FDCE (Hold_fdce_C_D)         0.071     1.630    cmd_start_reg
  -------------------------------------------------------------------
                         required time                         -1.630    
                         arrival time                           1.815    
  -------------------------------------------------------------------
                         slack                                  0.185    

Slack (MET) :             0.186ns  (arrival time - required time)
  Source:                 tx_data_in_reg[5]/C
                            (rising edge-triggered cell FDCE clocked by sys_clk_pin  {rise@0.000ns fall@5.000ns period=10.000ns})
  Destination:            U_I2C_MASTER/u_i2c_master/tx_shift_reg_reg[5]/D
                            (rising edge-triggered cell FDCE clocked by sys_clk_pin  {rise@0.000ns fall@5.000ns period=10.000ns})
  Path Group:             sys_clk_pin
  Path Type:              Hold (Min at Fast Process Corner)
  Requirement:            0.000ns  (sys_clk_pin rise@0.000ns - sys_clk_pin rise@0.000ns)
  Data Path Delay:        0.291ns  (logic 0.209ns (71.796%)  route 0.082ns (28.204%))
  Logic Levels:           1  (LUT3=1)
  Clock Path Skew:        0.013ns (DCD - SCD - CPR)
    Destination Clock Delay (DCD):    2.065ns
    Source Clock Delay      (SCD):    1.549ns
    Clock Pessimism Removal (CPR):    0.503ns

    Location             Delay type                Incr(ns)  Path(ns)    Netlist Resource(s)
  -------------------------------------------------------------------    -------------------
                         (clock sys_clk_pin rise edge)
                                                      0.000     0.000 r  
    W5                                                0.000     0.000 r  clk (IN)
                         net (fo=0)                   0.000     0.000    clk
    W5                   IBUF (Prop_ibuf_I_O)         0.226     0.226 r  clk_IBUF_inst/O
                         net (fo=1, routed)           0.631     0.858    clk_IBUF
    BUFGCTRL_X0Y0        BUFG (Prop_bufg_I_O)         0.026     0.884 r  clk_IBUF_BUFG_inst/O
                         net (fo=81, routed)          0.665     1.549    clk_IBUF_BUFG
    SLICE_X2Y122         FDCE                                         r  tx_data_in_reg[5]/C
  -------------------------------------------------------------------    -------------------
    SLICE_X2Y122         FDCE (Prop_fdce_C_Q)         0.164     1.713 r  tx_data_in_reg[5]/Q
                         net (fo=1, routed)           0.082     1.795    U_I2C_MASTER/u_i2c_master/tx_shift_reg_reg[7]_0[5]
    SLICE_X3Y122         LUT3 (Prop_lut3_I0_O)        0.045     1.840 r  U_I2C_MASTER/u_i2c_master/tx_shift_reg[5]_i_1/O
                         net (fo=1, routed)           0.000     1.840    U_I2C_MASTER/u_i2c_master/tx_shift_reg[5]
    SLICE_X3Y122         FDCE                                         r  U_I2C_MASTER/u_i2c_master/tx_shift_reg_reg[5]/D
  -------------------------------------------------------------------    -------------------

                         (clock sys_clk_pin rise edge)
                                                      0.000     0.000 r  
    W5                                                0.000     0.000 r  clk (IN)
                         net (fo=0)                   0.000     0.000    clk
    W5                   IBUF (Prop_ibuf_I_O)         0.414     0.414 r  clk_IBUF_inst/O
                         net (fo=1, routed)           0.685     1.099    clk_IBUF
    BUFGCTRL_X0Y0        BUFG (Prop_bufg_I_O)         0.029     1.128 r  clk_IBUF_BUFG_inst/O
                         net (fo=81, routed)          0.937     2.065    U_I2C_MASTER/u_i2c_master/clk_IBUF_BUFG
    SLICE_X3Y122         FDCE                                         r  U_I2C_MASTER/u_i2c_master/tx_shift_reg_reg[5]/C
                         clock pessimism             -0.503     1.562    
    SLICE_X3Y122         FDCE (Hold_fdce_C_D)         0.092     1.654    U_I2C_MASTER/u_i2c_master/tx_shift_reg_reg[5]
  -------------------------------------------------------------------
                         required time                         -1.654    
                         arrival time                           1.840    
  -------------------------------------------------------------------
                         slack                                  0.186    

Slack (MET) :             0.187ns  (arrival time - required time)
  Source:                 tx_data_in_reg[0]/C
                            (rising edge-triggered cell FDCE clocked by sys_clk_pin  {rise@0.000ns fall@5.000ns period=10.000ns})
  Destination:            U_I2C_MASTER/u_i2c_master/tx_shift_reg_reg[0]/D
                            (rising edge-triggered cell FDCE clocked by sys_clk_pin  {rise@0.000ns fall@5.000ns period=10.000ns})
  Path Group:             sys_clk_pin
  Path Type:              Hold (Min at Fast Process Corner)
  Requirement:            0.000ns  (sys_clk_pin rise@0.000ns - sys_clk_pin rise@0.000ns)
  Data Path Delay:        0.291ns  (logic 0.209ns (71.796%)  route 0.082ns (28.204%))
  Logic Levels:           1  (LUT2=1)
  Clock Path Skew:        0.013ns (DCD - SCD - CPR)
    Destination Clock Delay (DCD):    2.065ns
    Source Clock Delay      (SCD):    1.549ns
    Clock Pessimism Removal (CPR):    0.503ns

    Location             Delay type                Incr(ns)  Path(ns)    Netlist Resource(s)
  -------------------------------------------------------------------    -------------------
                         (clock sys_clk_pin rise edge)
                                                      0.000     0.000 r  
    W5                                                0.000     0.000 r  clk (IN)
                         net (fo=0)                   0.000     0.000    clk
    W5                   IBUF (Prop_ibuf_I_O)         0.226     0.226 r  clk_IBUF_inst/O
                         net (fo=1, routed)           0.631     0.858    clk_IBUF
    BUFGCTRL_X0Y0        BUFG (Prop_bufg_I_O)         0.026     0.884 r  clk_IBUF_BUFG_inst/O
                         net (fo=81, routed)          0.665     1.549    clk_IBUF_BUFG
    SLICE_X2Y122         FDCE                                         r  tx_data_in_reg[0]/C
  -------------------------------------------------------------------    -------------------
    SLICE_X2Y122         FDCE (Prop_fdce_C_Q)         0.164     1.713 r  tx_data_in_reg[0]/Q
                         net (fo=1, routed)           0.082     1.795    U_I2C_MASTER/u_i2c_master/tx_shift_reg_reg[7]_0[0]
    SLICE_X3Y122         LUT2 (Prop_lut2_I0_O)        0.045     1.840 r  U_I2C_MASTER/u_i2c_master/tx_shift_reg[0]_i_1/O
                         net (fo=1, routed)           0.000     1.840    U_I2C_MASTER/u_i2c_master/tx_shift_reg[0]_i_1_n_0
    SLICE_X3Y122         FDCE                                         r  U_I2C_MASTER/u_i2c_master/tx_shift_reg_reg[0]/D
  -------------------------------------------------------------------    -------------------

                         (clock sys_clk_pin rise edge)
                                                      0.000     0.000 r  
    W5                                                0.000     0.000 r  clk (IN)
                         net (fo=0)                   0.000     0.000    clk
    W5                   IBUF (Prop_ibuf_I_O)         0.414     0.414 r  clk_IBUF_inst/O
                         net (fo=1, routed)           0.685     1.099    clk_IBUF
    BUFGCTRL_X0Y0        BUFG (Prop_bufg_I_O)         0.029     1.128 r  clk_IBUF_BUFG_inst/O
                         net (fo=81, routed)          0.937     2.065    U_I2C_MASTER/u_i2c_master/clk_IBUF_BUFG
    SLICE_X3Y122         FDCE                                         r  U_I2C_MASTER/u_i2c_master/tx_shift_reg_reg[0]/C
                         clock pessimism             -0.503     1.562    
    SLICE_X3Y122         FDCE (Hold_fdce_C_D)         0.091     1.653    U_I2C_MASTER/u_i2c_master/tx_shift_reg_reg[0]
  -------------------------------------------------------------------
                         required time                         -1.653    
                         arrival time                           1.840    
  -------------------------------------------------------------------
                         slack                                  0.187    

Slack (MET) :             0.197ns  (arrival time - required time)
  Source:                 FSM_onehot_state_reg[9]/C
                            (rising edge-triggered cell FDCE clocked by sys_clk_pin  {rise@0.000ns fall@5.000ns period=10.000ns})
  Destination:            FSM_onehot_state_reg[10]/D
                            (rising edge-triggered cell FDCE clocked by sys_clk_pin  {rise@0.000ns fall@5.000ns period=10.000ns})
  Path Group:             sys_clk_pin
  Path Type:              Hold (Min at Fast Process Corner)
  Requirement:            0.000ns  (sys_clk_pin rise@0.000ns - sys_clk_pin rise@0.000ns)
  Data Path Delay:        0.275ns  (logic 0.141ns (51.214%)  route 0.134ns (48.786%))
  Logic Levels:           0  
  Clock Path Skew:        0.012ns (DCD - SCD - CPR)
    Destination Clock Delay (DCD):    2.062ns
    Source Clock Delay      (SCD):    1.547ns
    Clock Pessimism Removal (CPR):    0.503ns

    Location             Delay type                Incr(ns)  Path(ns)    Netlist Resource(s)
  -------------------------------------------------------------------    -------------------
                         (clock sys_clk_pin rise edge)
                                                      0.000     0.000 r  
    W5                                                0.000     0.000 r  clk (IN)
                         net (fo=0)                   0.000     0.000    clk
    W5                   IBUF (Prop_ibuf_I_O)         0.226     0.226 r  clk_IBUF_inst/O
                         net (fo=1, routed)           0.631     0.858    clk_IBUF
    BUFGCTRL_X0Y0        BUFG (Prop_bufg_I_O)         0.026     0.884 r  clk_IBUF_BUFG_inst/O
                         net (fo=81, routed)          0.663     1.547    clk_IBUF_BUFG
    SLICE_X1Y123         FDCE                                         r  FSM_onehot_state_reg[9]/C
  -------------------------------------------------------------------    -------------------
    SLICE_X1Y123         FDCE (Prop_fdce_C_Q)         0.141     1.688 r  FSM_onehot_state_reg[9]/Q
                         net (fo=3, routed)           0.134     1.822    cmd_stop
    SLICE_X1Y124         FDCE                                         r  FSM_onehot_state_reg[10]/D
  -------------------------------------------------------------------    -------------------

                         (clock sys_clk_pin rise edge)
                                                      0.000     0.000 r  
    W5                                                0.000     0.000 r  clk (IN)
                         net (fo=0)                   0.000     0.000    clk
    W5                   IBUF (Prop_ibuf_I_O)         0.414     0.414 r  clk_IBUF_inst/O
                         net (fo=1, routed)           0.685     1.099    clk_IBUF
    BUFGCTRL_X0Y0        BUFG (Prop_bufg_I_O)         0.029     1.128 r  clk_IBUF_BUFG_inst/O
                         net (fo=81, routed)          0.934     2.062    clk_IBUF_BUFG
    SLICE_X1Y124         FDCE                                         r  FSM_onehot_state_reg[10]/C
                         clock pessimism             -0.503     1.559    
    SLICE_X1Y124         FDCE (Hold_fdce_C_D)         0.066     1.625    FSM_onehot_state_reg[10]
  -------------------------------------------------------------------
                         required time                         -1.625    
                         arrival time                           1.822    
  -------------------------------------------------------------------
                         slack                                  0.197    

Slack (MET) :             0.199ns  (arrival time - required time)
  Source:                 U_I2C_MASTER/u_i2c_master/rx_shift_reg_reg[4]/C
                            (rising edge-triggered cell FDCE clocked by sys_clk_pin  {rise@0.000ns fall@5.000ns period=10.000ns})
  Destination:            U_I2C_MASTER/u_i2c_master/rx_data_reg[4]/D
                            (rising edge-triggered cell FDRE clocked by sys_clk_pin  {rise@0.000ns fall@5.000ns period=10.000ns})
  Path Group:             sys_clk_pin
  Path Type:              Hold (Min at Fast Process Corner)
  Requirement:            0.000ns  (sys_clk_pin rise@0.000ns - sys_clk_pin rise@0.000ns)
  Data Path Delay:        0.282ns  (logic 0.164ns (58.163%)  route 0.118ns (41.837%))
  Logic Levels:           0  
  Clock Path Skew:        0.013ns (DCD - SCD - CPR)
    Destination Clock Delay (DCD):    2.063ns
    Source Clock Delay      (SCD):    1.547ns
    Clock Pessimism Removal (CPR):    0.503ns

    Location             Delay type                Incr(ns)  Path(ns)    Netlist Resource(s)
  -------------------------------------------------------------------    -------------------
                         (clock sys_clk_pin rise edge)
                                                      0.000     0.000 r  
    W5                                                0.000     0.000 r  clk (IN)
                         net (fo=0)                   0.000     0.000    clk
    W5                   IBUF (Prop_ibuf_I_O)         0.226     0.226 r  clk_IBUF_inst/O
                         net (fo=1, routed)           0.631     0.858    clk_IBUF
    BUFGCTRL_X0Y0        BUFG (Prop_bufg_I_O)         0.026     0.884 r  clk_IBUF_BUFG_inst/O
                         net (fo=81, routed)          0.663     1.547    U_I2C_MASTER/u_i2c_master/clk_IBUF_BUFG
    SLICE_X2Y123         FDCE                                         r  U_I2C_MASTER/u_i2c_master/rx_shift_reg_reg[4]/C
  -------------------------------------------------------------------    -------------------
    SLICE_X2Y123         FDCE (Prop_fdce_C_Q)         0.164     1.711 r  U_I2C_MASTER/u_i2c_master/rx_shift_reg_reg[4]/Q
                         net (fo=2, routed)           0.118     1.829    U_I2C_MASTER/u_i2c_master/rx_shift_reg_reg_n_0_[4]
    SLICE_X0Y123         FDRE                                         r  U_I2C_MASTER/u_i2c_master/rx_data_reg[4]/D
  -------------------------------------------------------------------    -------------------

                         (clock sys_clk_pin rise edge)
                                                      0.000     0.000 r  
    W5                                                0.000     0.000 r  clk (IN)
                         net (fo=0)                   0.000     0.000    clk
    W5                   IBUF (Prop_ibuf_I_O)         0.414     0.414 r  clk_IBUF_inst/O
                         net (fo=1, routed)           0.685     1.099    clk_IBUF
    BUFGCTRL_X0Y0        BUFG (Prop_bufg_I_O)         0.029     1.128 r  clk_IBUF_BUFG_inst/O
                         net (fo=81, routed)          0.935     2.063    U_I2C_MASTER/u_i2c_master/clk_IBUF_BUFG
    SLICE_X0Y123         FDRE                                         r  U_I2C_MASTER/u_i2c_master/rx_data_reg[4]/C
                         clock pessimism             -0.503     1.560    
    SLICE_X0Y123         FDRE (Hold_fdre_C_D)         0.070     1.630    U_I2C_MASTER/u_i2c_master/rx_data_reg[4]
  -------------------------------------------------------------------
                         required time                         -1.630    
                         arrival time                           1.829    
  -------------------------------------------------------------------
                         slack                                  0.199    

Slack (MET) :             0.214ns  (arrival time - required time)
  Source:                 U_I2C_MASTER/u_i2c_master/step_reg[1]/C
                            (rising edge-triggered cell FDCE clocked by sys_clk_pin  {rise@0.000ns fall@5.000ns period=10.000ns})
  Destination:            U_I2C_MASTER/u_i2c_master/scl_r_reg/D
                            (rising edge-triggered cell FDPE clocked by sys_clk_pin  {rise@0.000ns fall@5.000ns period=10.000ns})
  Path Group:             sys_clk_pin
  Path Type:              Hold (Min at Fast Process Corner)
  Requirement:            0.000ns  (sys_clk_pin rise@0.000ns - sys_clk_pin rise@0.000ns)
  Data Path Delay:        0.319ns  (logic 0.186ns (58.278%)  route 0.133ns (41.722%))
  Logic Levels:           1  (LUT5=1)
  Clock Path Skew:        0.013ns (DCD - SCD - CPR)
    Destination Clock Delay (DCD):    2.062ns
    Source Clock Delay      (SCD):    1.546ns
    Clock Pessimism Removal (CPR):    0.503ns

    Location             Delay type                Incr(ns)  Path(ns)    Netlist Resource(s)
  -------------------------------------------------------------------    -------------------
                         (clock sys_clk_pin rise edge)
                                                      0.000     0.000 r  
    W5                                                0.000     0.000 r  clk (IN)
                         net (fo=0)                   0.000     0.000    clk
    W5                   IBUF (Prop_ibuf_I_O)         0.226     0.226 r  clk_IBUF_inst/O
                         net (fo=1, routed)           0.631     0.858    clk_IBUF
    BUFGCTRL_X0Y0        BUFG (Prop_bufg_I_O)         0.026     0.884 r  clk_IBUF_BUFG_inst/O
                         net (fo=81, routed)          0.662     1.546    U_I2C_MASTER/u_i2c_master/clk_IBUF_BUFG
    SLICE_X0Y125         FDCE                                         r  U_I2C_MASTER/u_i2c_master/step_reg[1]/C
  -------------------------------------------------------------------    -------------------
    SLICE_X0Y125         FDCE (Prop_fdce_C_Q)         0.141     1.687 r  U_I2C_MASTER/u_i2c_master/step_reg[1]/Q
                         net (fo=9, routed)           0.133     1.820    U_I2C_MASTER/u_i2c_master/step_reg_n_0_[1]
    SLICE_X1Y125         LUT5 (Prop_lut5_I4_O)        0.045     1.865 r  U_I2C_MASTER/u_i2c_master/scl_r_i_2/O
                         net (fo=1, routed)           0.000     1.865    U_I2C_MASTER/u_i2c_master/scl_r_i_2_n_0
    SLICE_X1Y125         FDPE                                         r  U_I2C_MASTER/u_i2c_master/scl_r_reg/D
  -------------------------------------------------------------------    -------------------

                         (clock sys_clk_pin rise edge)
                                                      0.000     0.000 r  
    W5                                                0.000     0.000 r  clk (IN)
                         net (fo=0)                   0.000     0.000    clk
    W5                   IBUF (Prop_ibuf_I_O)         0.414     0.414 r  clk_IBUF_inst/O
                         net (fo=1, routed)           0.685     1.099    clk_IBUF
    BUFGCTRL_X0Y0        BUFG (Prop_bufg_I_O)         0.029     1.128 r  clk_IBUF_BUFG_inst/O
                         net (fo=81, routed)          0.934     2.062    U_I2C_MASTER/u_i2c_master/clk_IBUF_BUFG
    SLICE_X1Y125         FDPE                                         r  U_I2C_MASTER/u_i2c_master/scl_r_reg/C
                         clock pessimism             -0.503     1.559    
    SLICE_X1Y125         FDPE (Hold_fdpe_C_D)         0.092     1.651    U_I2C_MASTER/u_i2c_master/scl_r_reg
  -------------------------------------------------------------------
                         required time                         -1.651    
                         arrival time                           1.865    
  -------------------------------------------------------------------
                         slack                                  0.214    

Slack (MET) :             0.220ns  (arrival time - required time)
  Source:                 U_I2C_MASTER/u_i2c_master/tx_shift_reg_reg[2]/C
                            (rising edge-triggered cell FDCE clocked by sys_clk_pin  {rise@0.000ns fall@5.000ns period=10.000ns})
  Destination:            U_I2C_MASTER/u_i2c_master/tx_shift_reg_reg[3]/D
                            (rising edge-triggered cell FDCE clocked by sys_clk_pin  {rise@0.000ns fall@5.000ns period=10.000ns})
  Path Group:             sys_clk_pin
  Path Type:              Hold (Min at Fast Process Corner)
  Requirement:            0.000ns  (sys_clk_pin rise@0.000ns - sys_clk_pin rise@0.000ns)
  Data Path Delay:        0.312ns  (logic 0.226ns (72.544%)  route 0.086ns (27.456%))
  Logic Levels:           1  (LUT3=1)
  Clock Path Skew:        0.000ns (DCD - SCD - CPR)
    Destination Clock Delay (DCD):    2.065ns
    Source Clock Delay      (SCD):    1.549ns
    Clock Pessimism Removal (CPR):    0.516ns

    Location             Delay type                Incr(ns)  Path(ns)    Netlist Resource(s)
  -------------------------------------------------------------------    -------------------
                         (clock sys_clk_pin rise edge)
                                                      0.000     0.000 r  
    W5                                                0.000     0.000 r  clk (IN)
                         net (fo=0)                   0.000     0.000    clk
    W5                   IBUF (Prop_ibuf_I_O)         0.226     0.226 r  clk_IBUF_inst/O
                         net (fo=1, routed)           0.631     0.858    clk_IBUF
    BUFGCTRL_X0Y0        BUFG (Prop_bufg_I_O)         0.026     0.884 r  clk_IBUF_BUFG_inst/O
                         net (fo=81, routed)          0.665     1.549    U_I2C_MASTER/u_i2c_master/clk_IBUF_BUFG
    SLICE_X3Y122         FDCE                                         r  U_I2C_MASTER/u_i2c_master/tx_shift_reg_reg[2]/C
  -------------------------------------------------------------------    -------------------
    SLICE_X3Y122         FDCE (Prop_fdce_C_Q)         0.128     1.677 r  U_I2C_MASTER/u_i2c_master/tx_shift_reg_reg[2]/Q
                         net (fo=1, routed)           0.086     1.762    U_I2C_MASTER/u_i2c_master/tx_shift_reg_reg_n_0_[2]
    SLICE_X3Y122         LUT3 (Prop_lut3_I2_O)        0.098     1.860 r  U_I2C_MASTER/u_i2c_master/tx_shift_reg[3]_i_1/O
                         net (fo=1, routed)           0.000     1.860    U_I2C_MASTER/u_i2c_master/tx_shift_reg[3]
    SLICE_X3Y122         FDCE                                         r  U_I2C_MASTER/u_i2c_master/tx_shift_reg_reg[3]/D
  -------------------------------------------------------------------    -------------------

                         (clock sys_clk_pin rise edge)
                                                      0.000     0.000 r  
    W5                                                0.000     0.000 r  clk (IN)
                         net (fo=0)                   0.000     0.000    clk
    W5                   IBUF (Prop_ibuf_I_O)         0.414     0.414 r  clk_IBUF_inst/O
                         net (fo=1, routed)           0.685     1.099    clk_IBUF
    BUFGCTRL_X0Y0        BUFG (Prop_bufg_I_O)         0.029     1.128 r  clk_IBUF_BUFG_inst/O
                         net (fo=81, routed)          0.937     2.065    U_I2C_MASTER/u_i2c_master/clk_IBUF_BUFG
    SLICE_X3Y122         FDCE                                         r  U_I2C_MASTER/u_i2c_master/tx_shift_reg_reg[3]/C
                         clock pessimism             -0.516     1.549    
    SLICE_X3Y122         FDCE (Hold_fdce_C_D)         0.092     1.641    U_I2C_MASTER/u_i2c_master/tx_shift_reg_reg[3]
  -------------------------------------------------------------------
                         required time                         -1.641    
                         arrival time                           1.860    
  -------------------------------------------------------------------
                         slack                                  0.220    





Pulse Width Checks
--------------------------------------------------------------------------------------
Clock Name:         sys_clk_pin
Waveform(ns):       { 0.000 5.000 }
Period(ns):         10.000
Sources:            { clk }

Check Type        Corner  Lib Pin  Reference Pin  Required(ns)  Actual(ns)  Slack(ns)  Location       Pin
Min Period        n/a     BUFG/I   n/a            2.155         10.000      7.845      BUFGCTRL_X0Y0  clk_IBUF_BUFG_inst/I
Min Period        n/a     FDPE/C   n/a            1.000         10.000      9.000      SLICE_X1Y124   FSM_onehot_state_reg[0]/C
Min Period        n/a     FDCE/C   n/a            1.000         10.000      9.000      SLICE_X1Y124   FSM_onehot_state_reg[10]/C
Min Period        n/a     FDCE/C   n/a            1.000         10.000      9.000      SLICE_X1Y124   FSM_onehot_state_reg[1]/C
Min Period        n/a     FDCE/C   n/a            1.000         10.000      9.000      SLICE_X1Y123   FSM_onehot_state_reg[2]/C
Min Period        n/a     FDCE/C   n/a            1.000         10.000      9.000      SLICE_X1Y123   FSM_onehot_state_reg[3]/C
Min Period        n/a     FDCE/C   n/a            1.000         10.000      9.000      SLICE_X1Y123   FSM_onehot_state_reg[4]/C
Min Period        n/a     FDCE/C   n/a            1.000         10.000      9.000      SLICE_X1Y123   FSM_onehot_state_reg[5]/C
Min Period        n/a     FDCE/C   n/a            1.000         10.000      9.000      SLICE_X1Y123   FSM_onehot_state_reg[6]/C
Min Period        n/a     FDCE/C   n/a            1.000         10.000      9.000      SLICE_X1Y123   FSM_onehot_state_reg[7]/C
Low Pulse Width   Fast    FDPE/C   n/a            0.500         5.000       4.500      SLICE_X1Y124   FSM_onehot_state_reg[0]/C
Low Pulse Width   Fast    FDCE/C   n/a            0.500         5.000       4.500      SLICE_X1Y124   FSM_onehot_state_reg[10]/C
Low Pulse Width   Fast    FDCE/C   n/a            0.500         5.000       4.500      SLICE_X1Y124   FSM_onehot_state_reg[1]/C
Low Pulse Width   Slow    FDCE/C   n/a            0.500         5.000       4.500      SLICE_X1Y123   FSM_onehot_state_reg[2]/C
Low Pulse Width   Slow    FDCE/C   n/a            0.500         5.000       4.500      SLICE_X1Y123   FSM_onehot_state_reg[3]/C
Low Pulse Width   Slow    FDCE/C   n/a            0.500         5.000       4.500      SLICE_X1Y123   FSM_onehot_state_reg[4]/C
Low Pulse Width   Slow    FDCE/C   n/a            0.500         5.000       4.500      SLICE_X1Y123   FSM_onehot_state_reg[5]/C
Low Pulse Width   Slow    FDCE/C   n/a            0.500         5.000       4.500      SLICE_X1Y123   FSM_onehot_state_reg[6]/C
Low Pulse Width   Slow    FDCE/C   n/a            0.500         5.000       4.500      SLICE_X1Y123   FSM_onehot_state_reg[7]/C
Low Pulse Width   Slow    FDCE/C   n/a            0.500         5.000       4.500      SLICE_X1Y123   FSM_onehot_state_reg[8]/C
High Pulse Width  Slow    FDPE/C   n/a            0.500         5.000       4.500      SLICE_X1Y124   FSM_onehot_state_reg[0]/C
High Pulse Width  Slow    FDCE/C   n/a            0.500         5.000       4.500      SLICE_X1Y124   FSM_onehot_state_reg[10]/C
High Pulse Width  Slow    FDCE/C   n/a            0.500         5.000       4.500      SLICE_X1Y124   FSM_onehot_state_reg[1]/C
High Pulse Width  Slow    FDCE/C   n/a            0.500         5.000       4.500      SLICE_X6Y125   U_BTN_DEBOUNCE/clk_100khz_reg_reg/C
High Pulse Width  Slow    FDCE/C   n/a            0.500         5.000       4.500      SLICE_X5Y125   U_BTN_DEBOUNCE/counter_reg_reg[2]/C
High Pulse Width  Slow    FDCE/C   n/a            0.500         5.000       4.500      SLICE_X4Y125   U_BTN_DEBOUNCE/counter_reg_reg[3]/C
High Pulse Width  Slow    FDCE/C   n/a            0.500         5.000       4.500      SLICE_X4Y125   U_BTN_DEBOUNCE/counter_reg_reg[4]/C
High Pulse Width  Slow    FDCE/C   n/a            0.500         5.000       4.500      SLICE_X4Y125   U_BTN_DEBOUNCE/counter_reg_reg[5]/C
High Pulse Width  Slow    FDCE/C   n/a            0.500         5.000       4.500      SLICE_X5Y125   U_BTN_DEBOUNCE/counter_reg_reg[6]/C
High Pulse Width  Slow    FDCE/C   n/a            0.500         5.000       4.500      SLICE_X5Y125   U_BTN_DEBOUNCE/counter_reg_reg[7]/C



