Copyright 1986-2020 Xilinx, Inc. All Rights Reserved.
-----------------------------------------------------------------------------------------------------------------------------------------------------------------------------------------------------
| Tool Version : Vivado v.2020.2 (win64) Build 3064766 Wed Nov 18 09:12:45 MST 2020
| Date         : Fri Apr 17 17:25:29 2026
| Host         : DESKTOP-7CFQ9ND running 64-bit major release  (build 9200)
| Command      : report_timing_summary -max_paths 10 -file top_master_timing_summary_routed.rpt -pb top_master_timing_summary_routed.pb -rpx top_master_timing_summary_routed.rpx -warn_on_violation
| Design       : top_master
| Device       : 7a35t-cpg236
| Speed File   : -1  PRODUCTION 1.23 2018-06-13
-----------------------------------------------------------------------------------------------------------------------------------------------------------------------------------------------------

Timing Summary Report

------------------------------------------------------------------------------------------------
| Timer Settings
| --------------
------------------------------------------------------------------------------------------------

  Enable Multi Corner Analysis               :  Yes
  Enable Pessimism Removal                   :  Yes
  Pessimism Removal Resolution               :  Nearest Common Node
  Enable Input Delay Default Clock           :  No
  Enable Preset / Clear Arcs                 :  No
  Disable Flight Delays                      :  No
  Ignore I/O Paths                           :  No
  Timing Early Launch at Borrowing Latches   :  No
  Borrow Time for Max Delay Exceptions       :  Yes
  Merge Timing Exceptions                    :  Yes

  Corner  Analyze    Analyze    
  Name    Max Paths  Min Paths  
  ------  ---------  ---------  
  Slow    Yes        Yes        
  Fast    Yes        Yes        



check_timing report

Table of Contents
-----------------
1. checking no_clock (8)
2. checking constant_clock (0)
3. checking pulse_width_clock (0)
4. checking unconstrained_internal_endpoints (16)
5. checking no_input_delay (11)
6. checking no_output_delay (11)
7. checking multiple_clock (0)
8. checking generated_clocks (0)
9. checking loops (0)
10. checking partial_input_delay (0)
11. checking partial_output_delay (0)
12. checking latch_loops (0)

1. checking no_clock (8)
------------------------
 There are 8 register/latch pins with no clock driven by root clock pin: U_BTN_DEBOUNCE/clk_100khz_reg_reg/Q (HIGH)


2. checking constant_clock (0)
------------------------------
 There are 0 register/latch pins with constant_clock.


3. checking pulse_width_clock (0)
---------------------------------
 There are 0 register/latch pins which need pulse_width check


4. checking unconstrained_internal_endpoints (16)
-------------------------------------------------
 There are 16 pins that are not constrained for maximum delay. (HIGH)

 There are 0 pins that are not constrained for maximum delay due to constant clock.


5. checking no_input_delay (11)
-------------------------------
 There are 11 input ports with no input delay specified. (HIGH)

 There are 0 input ports with no input delay but user has a false path constraint.


6. checking no_output_delay (11)
--------------------------------
 There are 11 ports with no output delay specified. (HIGH)

 There are 0 ports with no output delay but user has a false path constraint

 There are 0 ports with no output delay but with a timing clock defined on it or propagating through it


7. checking multiple_clock (0)
------------------------------
 There are 0 register/latch pins with multiple clocks.


8. checking generated_clocks (0)
--------------------------------
 There are 0 generated clocks that are not connected to a clock source.


9. checking loops (0)
---------------------
 There are 0 combinational loops in the design.


10. checking partial_input_delay (0)
------------------------------------
 There are 0 input ports with partial input delay specified.


11. checking partial_output_delay (0)
-------------------------------------
 There are 0 ports with partial output delay specified.


12. checking latch_loops (0)
----------------------------
 There are 0 combinational latch loops in the design through latch input



------------------------------------------------------------------------------------------------
| Design Timing Summary
| ---------------------
------------------------------------------------------------------------------------------------

    WNS(ns)      TNS(ns)  TNS Failing Endpoints  TNS Total Endpoints      WHS(ns)      THS(ns)  THS Failing Endpoints  THS Total Endpoints     WPWS(ns)     TPWS(ns)  TPWS Failing Endpoints  TPWS Total Endpoints  
    -------      -------  ---------------------  -------------------      -------      -------  ---------------------  -------------------     --------     --------  ----------------------  --------------------  
      6.478        0.000                      0                   94        0.117        0.000                      0                   94        4.500        0.000                       0                    57  


All user specified timing constraints are met.


------------------------------------------------------------------------------------------------
| Clock Summary
| -------------
------------------------------------------------------------------------------------------------

Clock        Waveform(ns)       Period(ns)      Frequency(MHz)
-----        ------------       ----------      --------------
sys_clk_pin  {0.000 5.000}      10.000          100.000         


------------------------------------------------------------------------------------------------
| Intra Clock Table
| -----------------
------------------------------------------------------------------------------------------------

Clock             WNS(ns)      TNS(ns)  TNS Failing Endpoints  TNS Total Endpoints      WHS(ns)      THS(ns)  THS Failing Endpoints  THS Total Endpoints     WPWS(ns)     TPWS(ns)  TPWS Failing Endpoints  TPWS Total Endpoints  
-----             -------      -------  ---------------------  -------------------      -------      -------  ---------------------  -------------------     --------     --------  ----------------------  --------------------  
sys_clk_pin         6.478        0.000                      0                   94        0.117        0.000                      0                   94        4.500        0.000                       0                    57  


------------------------------------------------------------------------------------------------
| Inter Clock Table
| -----------------
------------------------------------------------------------------------------------------------

From Clock    To Clock          WNS(ns)      TNS(ns)  TNS Failing Endpoints  TNS Total Endpoints      WHS(ns)      THS(ns)  THS Failing Endpoints  THS Total Endpoints  
----------    --------          -------      -------  ---------------------  -------------------      -------      -------  ---------------------  -------------------  


------------------------------------------------------------------------------------------------
| Other Path Groups Table
| -----------------------
------------------------------------------------------------------------------------------------

Path Group    From Clock    To Clock          WNS(ns)      TNS(ns)  TNS Failing Endpoints  TNS Total Endpoints      WHS(ns)      THS(ns)  THS Failing Endpoints  THS Total Endpoints  
----------    ----------    --------          -------      -------  ---------------------  -------------------      -------      -------  ---------------------  -------------------  


------------------------------------------------------------------------------------------------
| Timing Details
| --------------
------------------------------------------------------------------------------------------------


---------------------------------------------------------------------------------------------------
From Clock:  sys_clk_pin
  To Clock:  sys_clk_pin

Setup :            0  Failing Endpoints,  Worst Slack        6.478ns,  Total Violation        0.000ns
Hold  :            0  Failing Endpoints,  Worst Slack        0.117ns,  Total Violation        0.000ns
PW    :            0  Failing Endpoints,  Worst Slack        4.500ns,  Total Violation        0.000ns
---------------------------------------------------------------------------------------------------


Max Delay Paths
--------------------------------------------------------------------------------------
Slack (MET) :             6.478ns  (required time - arrival time)
  Source:                 U_SPI_MASTER/step_reg/C
                            (rising edge-triggered cell FDCE clocked by sys_clk_pin  {rise@0.000ns fall@5.000ns period=10.000ns})
  Destination:            U_SPI_MASTER/tx_shift_reg_reg[0]/CE
                            (rising edge-triggered cell FDCE clocked by sys_clk_pin  {rise@0.000ns fall@5.000ns period=10.000ns})
  Path Group:             sys_clk_pin
  Path Type:              Setup (Max at Slow Process Corner)
  Requirement:            10.000ns  (sys_clk_pin rise@10.000ns - sys_clk_pin rise@0.000ns)
  Data Path Delay:        3.256ns  (logic 0.828ns (25.433%)  route 2.428ns (74.567%))
  Logic Levels:           3  (LUT2=1 LUT5=1 LUT6=1)
  Clock Path Skew:        -0.026ns (DCD - SCD + CPR)
    Destination Clock Delay (DCD):    4.848ns = ( 14.848 - 10.000 ) 
    Source Clock Delay      (SCD):    5.146ns
    Clock Pessimism Removal (CPR):    0.272ns
  Clock Uncertainty:      0.035ns  ((TSJ^2 + TIJ^2)^1/2 + DJ) / 2 + PE
    Total System Jitter     (TSJ):    0.071ns
    Total Input Jitter      (TIJ):    0.000ns
    Discrete Jitter          (DJ):    0.000ns
    Phase Error              (PE):    0.000ns

    Location             Delay type                Incr(ns)  Path(ns)    Netlist Resource(s)
  -------------------------------------------------------------------    -------------------
                         (clock sys_clk_pin rise edge)
                                                      0.000     0.000 r  
    W5                                                0.000     0.000 r  clk (IN)
                         net (fo=0)                   0.000     0.000    clk
    W5                   IBUF (Prop_ibuf_I_O)         1.458     1.458 r  clk_IBUF_inst/O
                         net (fo=1, routed)           1.967     3.425    clk_IBUF
    BUFGCTRL_X0Y0        BUFG (Prop_bufg_I_O)         0.096     3.521 r  clk_IBUF_BUFG_inst/O
                         net (fo=56, routed)          1.625     5.146    U_SPI_MASTER/CLK
    SLICE_X61Y95         FDCE                                         r  U_SPI_MASTER/step_reg/C
  -------------------------------------------------------------------    -------------------
    SLICE_X61Y95         FDCE (Prop_fdce_C_Q)         0.456     5.602 r  U_SPI_MASTER/step_reg/Q
                         net (fo=11, routed)          0.863     6.464    U_SPI_MASTER/step_reg_n_0
    SLICE_X62Y96         LUT6 (Prop_lut6_I3_O)        0.124     6.588 r  U_SPI_MASTER/mosi_i_3/O
                         net (fo=2, routed)           0.599     7.188    U_BTN_DEBOUNCE/bit_cnt_reg[2]
    SLICE_X61Y96         LUT5 (Prop_lut5_I4_O)        0.124     7.312 r  U_BTN_DEBOUNCE/bit_cnt[2]_i_2/O
                         net (fo=4, routed)           0.452     7.764    U_SPI_MASTER/bit_cnt
    SLICE_X62Y95         LUT2 (Prop_lut2_I1_O)        0.124     7.888 r  U_SPI_MASTER/tx_shift_reg[7]_i_1/O
                         net (fo=8, routed)           0.514     8.401    U_SPI_MASTER/tx_shift_reg
    SLICE_X61Y92         FDCE                                         r  U_SPI_MASTER/tx_shift_reg_reg[0]/CE
  -------------------------------------------------------------------    -------------------

                         (clock sys_clk_pin rise edge)
                                                     10.000    10.000 r  
    W5                                                0.000    10.000 r  clk (IN)
                         net (fo=0)                   0.000    10.000    clk
    W5                   IBUF (Prop_ibuf_I_O)         1.388    11.388 r  clk_IBUF_inst/O
                         net (fo=1, routed)           1.862    13.250    clk_IBUF
    BUFGCTRL_X0Y0        BUFG (Prop_bufg_I_O)         0.091    13.341 r  clk_IBUF_BUFG_inst/O
                         net (fo=56, routed)          1.507    14.848    U_SPI_MASTER/CLK
    SLICE_X61Y92         FDCE                                         r  U_SPI_MASTER/tx_shift_reg_reg[0]/C
                         clock pessimism              0.272    15.120    
                         clock uncertainty           -0.035    15.085    
    SLICE_X61Y92         FDCE (Setup_fdce_C_CE)      -0.205    14.880    U_SPI_MASTER/tx_shift_reg_reg[0]
  -------------------------------------------------------------------
                         required time                         14.880    
                         arrival time                          -8.401    
  -------------------------------------------------------------------
                         slack                                  6.478    

Slack (MET) :             6.514ns  (required time - arrival time)
  Source:                 U_SPI_MASTER/step_reg/C
                            (rising edge-triggered cell FDCE clocked by sys_clk_pin  {rise@0.000ns fall@5.000ns period=10.000ns})
  Destination:            U_SPI_MASTER/tx_shift_reg_reg[1]/CE
                            (rising edge-triggered cell FDCE clocked by sys_clk_pin  {rise@0.000ns fall@5.000ns period=10.000ns})
  Path Group:             sys_clk_pin
  Path Type:              Setup (Max at Slow Process Corner)
  Requirement:            10.000ns  (sys_clk_pin rise@10.000ns - sys_clk_pin rise@0.000ns)
  Data Path Delay:        3.256ns  (logic 0.828ns (25.433%)  route 2.428ns (74.567%))
  Logic Levels:           3  (LUT2=1 LUT5=1 LUT6=1)
  Clock Path Skew:        -0.026ns (DCD - SCD + CPR)
    Destination Clock Delay (DCD):    4.848ns = ( 14.848 - 10.000 ) 
    Source Clock Delay      (SCD):    5.146ns
    Clock Pessimism Removal (CPR):    0.272ns
  Clock Uncertainty:      0.035ns  ((TSJ^2 + TIJ^2)^1/2 + DJ) / 2 + PE
    Total System Jitter     (TSJ):    0.071ns
    Total Input Jitter      (TIJ):    0.000ns
    Discrete Jitter          (DJ):    0.000ns
    Phase Error              (PE):    0.000ns

    Location             Delay type                Incr(ns)  Path(ns)    Netlist Resource(s)
  -------------------------------------------------------------------    -------------------
                         (clock sys_clk_pin rise edge)
                                                      0.000     0.000 r  
    W5                                                0.000     0.000 r  clk (IN)
                         net (fo=0)                   0.000     0.000    clk
    W5                   IBUF (Prop_ibuf_I_O)         1.458     1.458 r  clk_IBUF_inst/O
                         net (fo=1, routed)           1.967     3.425    clk_IBUF
    BUFGCTRL_X0Y0        BUFG (Prop_bufg_I_O)         0.096     3.521 r  clk_IBUF_BUFG_inst/O
                         net (fo=56, routed)          1.625     5.146    U_SPI_MASTER/CLK
    SLICE_X61Y95         FDCE                                         r  U_SPI_MASTER/step_reg/C
  -------------------------------------------------------------------    -------------------
    SLICE_X61Y95         FDCE (Prop_fdce_C_Q)         0.456     5.602 r  U_SPI_MASTER/step_reg/Q
                         net (fo=11, routed)          0.863     6.464    U_SPI_MASTER/step_reg_n_0
    SLICE_X62Y96         LUT6 (Prop_lut6_I3_O)        0.124     6.588 r  U_SPI_MASTER/mosi_i_3/O
                         net (fo=2, routed)           0.599     7.188    U_BTN_DEBOUNCE/bit_cnt_reg[2]
    SLICE_X61Y96         LUT5 (Prop_lut5_I4_O)        0.124     7.312 r  U_BTN_DEBOUNCE/bit_cnt[2]_i_2/O
                         net (fo=4, routed)           0.452     7.764    U_SPI_MASTER/bit_cnt
    SLICE_X62Y95         LUT2 (Prop_lut2_I1_O)        0.124     7.888 r  U_SPI_MASTER/tx_shift_reg[7]_i_1/O
                         net (fo=8, routed)           0.514     8.401    U_SPI_MASTER/tx_shift_reg
    SLICE_X60Y92         FDCE                                         r  U_SPI_MASTER/tx_shift_reg_reg[1]/CE
  -------------------------------------------------------------------    -------------------

                         (clock sys_clk_pin rise edge)
                                                     10.000    10.000 r  
    W5                                                0.000    10.000 r  clk (IN)
                         net (fo=0)                   0.000    10.000    clk
    W5                   IBUF (Prop_ibuf_I_O)         1.388    11.388 r  clk_IBUF_inst/O
                         net (fo=1, routed)           1.862    13.250    clk_IBUF
    BUFGCTRL_X0Y0        BUFG (Prop_bufg_I_O)         0.091    13.341 r  clk_IBUF_BUFG_inst/O
                         net (fo=56, routed)          1.507    14.848    U_SPI_MASTER/CLK
    SLICE_X60Y92         FDCE                                         r  U_SPI_MASTER/tx_shift_reg_reg[1]/C
                         clock pessimism              0.272    15.120    
                         clock uncertainty           -0.035    15.085    
    SLICE_X60Y92         FDCE (Setup_fdce_C_CE)      -0.169    14.916    U_SPI_MASTER/tx_shift_reg_reg[1]
  -------------------------------------------------------------------
                         required time                         14.916    
                         arrival time                          -8.401    
  -------------------------------------------------------------------
                         slack                                  6.514    

Slack (MET) :             6.514ns  (required time - arrival time)
  Source:                 U_SPI_MASTER/step_reg/C
                            (rising edge-triggered cell FDCE clocked by sys_clk_pin  {rise@0.000ns fall@5.000ns period=10.000ns})
  Destination:            U_SPI_MASTER/tx_shift_reg_reg[2]/CE
                            (rising edge-triggered cell FDCE clocked by sys_clk_pin  {rise@0.000ns fall@5.000ns period=10.000ns})
  Path Group:             sys_clk_pin
  Path Type:              Setup (Max at Slow Process Corner)
  Requirement:            10.000ns  (sys_clk_pin rise@10.000ns - sys_clk_pin rise@0.000ns)
  Data Path Delay:        3.256ns  (logic 0.828ns (25.433%)  route 2.428ns (74.567%))
  Logic Levels:           3  (LUT2=1 LUT5=1 LUT6=1)
  Clock Path Skew:        -0.026ns (DCD - SCD + CPR)
    Destination Clock Delay (DCD):    4.848ns = ( 14.848 - 10.000 ) 
    Source Clock Delay      (SCD):    5.146ns
    Clock Pessimism Removal (CPR):    0.272ns
  Clock Uncertainty:      0.035ns  ((TSJ^2 + TIJ^2)^1/2 + DJ) / 2 + PE
    Total System Jitter     (TSJ):    0.071ns
    Total Input Jitter      (TIJ):    0.000ns
    Discrete Jitter          (DJ):    0.000ns
    Phase Error              (PE):    0.000ns

    Location             Delay type                Incr(ns)  Path(ns)    Netlist Resource(s)
  -------------------------------------------------------------------    -------------------
                         (clock sys_clk_pin rise edge)
                                                      0.000     0.000 r  
    W5                                                0.000     0.000 r  clk (IN)
                         net (fo=0)                   0.000     0.000    clk
    W5                   IBUF (Prop_ibuf_I_O)         1.458     1.458 r  clk_IBUF_inst/O
                         net (fo=1, routed)           1.967     3.425    clk_IBUF
    BUFGCTRL_X0Y0        BUFG (Prop_bufg_I_O)         0.096     3.521 r  clk_IBUF_BUFG_inst/O
                         net (fo=56, routed)          1.625     5.146    U_SPI_MASTER/CLK
    SLICE_X61Y95         FDCE                                         r  U_SPI_MASTER/step_reg/C
  -------------------------------------------------------------------    -------------------
    SLICE_X61Y95         FDCE (Prop_fdce_C_Q)         0.456     5.602 r  U_SPI_MASTER/step_reg/Q
                         net (fo=11, routed)          0.863     6.464    U_SPI_MASTER/step_reg_n_0
    SLICE_X62Y96         LUT6 (Prop_lut6_I3_O)        0.124     6.588 r  U_SPI_MASTER/mosi_i_3/O
                         net (fo=2, routed)           0.599     7.188    U_BTN_DEBOUNCE/bit_cnt_reg[2]
    SLICE_X61Y96         LUT5 (Prop_lut5_I4_O)        0.124     7.312 r  U_BTN_DEBOUNCE/bit_cnt[2]_i_2/O
                         net (fo=4, routed)           0.452     7.764    U_SPI_MASTER/bit_cnt
    SLICE_X62Y95         LUT2 (Prop_lut2_I1_O)        0.124     7.888 r  U_SPI_MASTER/tx_shift_reg[7]_i_1/O
                         net (fo=8, routed)           0.514     8.401    U_SPI_MASTER/tx_shift_reg
    SLICE_X60Y92         FDCE                                         r  U_SPI_MASTER/tx_shift_reg_reg[2]/CE
  -------------------------------------------------------------------    -------------------

                         (clock sys_clk_pin rise edge)
                                                     10.000    10.000 r  
    W5                                                0.000    10.000 r  clk (IN)
                         net (fo=0)                   0.000    10.000    clk
    W5                   IBUF (Prop_ibuf_I_O)         1.388    11.388 r  clk_IBUF_inst/O
                         net (fo=1, routed)           1.862    13.250    clk_IBUF
    BUFGCTRL_X0Y0        BUFG (Prop_bufg_I_O)         0.091    13.341 r  clk_IBUF_BUFG_inst/O
                         net (fo=56, routed)          1.507    14.848    U_SPI_MASTER/CLK
    SLICE_X60Y92         FDCE                                         r  U_SPI_MASTER/tx_shift_reg_reg[2]/C
                         clock pessimism              0.272    15.120    
                         clock uncertainty           -0.035    15.085    
    SLICE_X60Y92         FDCE (Setup_fdce_C_CE)      -0.169    14.916    U_SPI_MASTER/tx_shift_reg_reg[2]
  -------------------------------------------------------------------
                         required time                         14.916    
                         arrival time                          -8.401    
  -------------------------------------------------------------------
                         slack                                  6.514    

Slack (MET) :             6.514ns  (required time - arrival time)
  Source:                 U_SPI_MASTER/step_reg/C
                            (rising edge-triggered cell FDCE clocked by sys_clk_pin  {rise@0.000ns fall@5.000ns period=10.000ns})
  Destination:            U_SPI_MASTER/tx_shift_reg_reg[3]/CE
                            (rising edge-triggered cell FDCE clocked by sys_clk_pin  {rise@0.000ns fall@5.000ns period=10.000ns})
  Path Group:             sys_clk_pin
  Path Type:              Setup (Max at Slow Process Corner)
  Requirement:            10.000ns  (sys_clk_pin rise@10.000ns - sys_clk_pin rise@0.000ns)
  Data Path Delay:        3.256ns  (logic 0.828ns (25.433%)  route 2.428ns (74.567%))
  Logic Levels:           3  (LUT2=1 LUT5=1 LUT6=1)
  Clock Path Skew:        -0.026ns (DCD - SCD + CPR)
    Destination Clock Delay (DCD):    4.848ns = ( 14.848 - 10.000 ) 
    Source Clock Delay      (SCD):    5.146ns
    Clock Pessimism Removal (CPR):    0.272ns
  Clock Uncertainty:      0.035ns  ((TSJ^2 + TIJ^2)^1/2 + DJ) / 2 + PE
    Total System Jitter     (TSJ):    0.071ns
    Total Input Jitter      (TIJ):    0.000ns
    Discrete Jitter          (DJ):    0.000ns
    Phase Error              (PE):    0.000ns

    Location             Delay type                Incr(ns)  Path(ns)    Netlist Resource(s)
  -------------------------------------------------------------------    -------------------
                         (clock sys_clk_pin rise edge)
                                                      0.000     0.000 r  
    W5                                                0.000     0.000 r  clk (IN)
                         net (fo=0)                   0.000     0.000    clk
    W5                   IBUF (Prop_ibuf_I_O)         1.458     1.458 r  clk_IBUF_inst/O
                         net (fo=1, routed)           1.967     3.425    clk_IBUF
    BUFGCTRL_X0Y0        BUFG (Prop_bufg_I_O)         0.096     3.521 r  clk_IBUF_BUFG_inst/O
                         net (fo=56, routed)          1.625     5.146    U_SPI_MASTER/CLK
    SLICE_X61Y95         FDCE                                         r  U_SPI_MASTER/step_reg/C
  -------------------------------------------------------------------    -------------------
    SLICE_X61Y95         FDCE (Prop_fdce_C_Q)         0.456     5.602 r  U_SPI_MASTER/step_reg/Q
                         net (fo=11, routed)          0.863     6.464    U_SPI_MASTER/step_reg_n_0
    SLICE_X62Y96         LUT6 (Prop_lut6_I3_O)        0.124     6.588 r  U_SPI_MASTER/mosi_i_3/O
                         net (fo=2, routed)           0.599     7.188    U_BTN_DEBOUNCE/bit_cnt_reg[2]
    SLICE_X61Y96         LUT5 (Prop_lut5_I4_O)        0.124     7.312 r  U_BTN_DEBOUNCE/bit_cnt[2]_i_2/O
                         net (fo=4, routed)           0.452     7.764    U_SPI_MASTER/bit_cnt
    SLICE_X62Y95         LUT2 (Prop_lut2_I1_O)        0.124     7.888 r  U_SPI_MASTER/tx_shift_reg[7]_i_1/O
                         net (fo=8, routed)           0.514     8.401    U_SPI_MASTER/tx_shift_reg
    SLICE_X60Y92         FDCE                                         r  U_SPI_MASTER/tx_shift_reg_reg[3]/CE
  -------------------------------------------------------------------    -------------------

                         (clock sys_clk_pin rise edge)
                                                     10.000    10.000 r  
    W5                                                0.000    10.000 r  clk (IN)
                         net (fo=0)                   0.000    10.000    clk
    W5                   IBUF (Prop_ibuf_I_O)         1.388    11.388 r  clk_IBUF_inst/O
                         net (fo=1, routed)           1.862    13.250    clk_IBUF
    BUFGCTRL_X0Y0        BUFG (Prop_bufg_I_O)         0.091    13.341 r  clk_IBUF_BUFG_inst/O
                         net (fo=56, routed)          1.507    14.848    U_SPI_MASTER/CLK
    SLICE_X60Y92         FDCE                                         r  U_SPI_MASTER/tx_shift_reg_reg[3]/C
                         clock pessimism              0.272    15.120    
                         clock uncertainty           -0.035    15.085    
    SLICE_X60Y92         FDCE (Setup_fdce_C_CE)      -0.169    14.916    U_SPI_MASTER/tx_shift_reg_reg[3]
  -------------------------------------------------------------------
                         required time                         14.916    
                         arrival time                          -8.401    
  -------------------------------------------------------------------
                         slack                                  6.514    

Slack (MET) :             6.514ns  (required time - arrival time)
  Source:                 U_SPI_MASTER/step_reg/C
                            (rising edge-triggered cell FDCE clocked by sys_clk_pin  {rise@0.000ns fall@5.000ns period=10.000ns})
  Destination:            U_SPI_MASTER/tx_shift_reg_reg[4]/CE
                            (rising edge-triggered cell FDCE clocked by sys_clk_pin  {rise@0.000ns fall@5.000ns period=10.000ns})
  Path Group:             sys_clk_pin
  Path Type:              Setup (Max at Slow Process Corner)
  Requirement:            10.000ns  (sys_clk_pin rise@10.000ns - sys_clk_pin rise@0.000ns)
  Data Path Delay:        3.256ns  (logic 0.828ns (25.433%)  route 2.428ns (74.567%))
  Logic Levels:           3  (LUT2=1 LUT5=1 LUT6=1)
  Clock Path Skew:        -0.026ns (DCD - SCD + CPR)
    Destination Clock Delay (DCD):    4.848ns = ( 14.848 - 10.000 ) 
    Source Clock Delay      (SCD):    5.146ns
    Clock Pessimism Removal (CPR):    0.272ns
  Clock Uncertainty:      0.035ns  ((TSJ^2 + TIJ^2)^1/2 + DJ) / 2 + PE
    Total System Jitter     (TSJ):    0.071ns
    Total Input Jitter      (TIJ):    0.000ns
    Discrete Jitter          (DJ):    0.000ns
    Phase Error              (PE):    0.000ns

    Location             Delay type                Incr(ns)  Path(ns)    Netlist Resource(s)
  -------------------------------------------------------------------    -------------------
                         (clock sys_clk_pin rise edge)
                                                      0.000     0.000 r  
    W5                                                0.000     0.000 r  clk (IN)
                         net (fo=0)                   0.000     0.000    clk
    W5                   IBUF (Prop_ibuf_I_O)         1.458     1.458 r  clk_IBUF_inst/O
                         net (fo=1, routed)           1.967     3.425    clk_IBUF
    BUFGCTRL_X0Y0        BUFG (Prop_bufg_I_O)         0.096     3.521 r  clk_IBUF_BUFG_inst/O
                         net (fo=56, routed)          1.625     5.146    U_SPI_MASTER/CLK
    SLICE_X61Y95         FDCE                                         r  U_SPI_MASTER/step_reg/C
  -------------------------------------------------------------------    -------------------
    SLICE_X61Y95         FDCE (Prop_fdce_C_Q)         0.456     5.602 r  U_SPI_MASTER/step_reg/Q
                         net (fo=11, routed)          0.863     6.464    U_SPI_MASTER/step_reg_n_0
    SLICE_X62Y96         LUT6 (Prop_lut6_I3_O)        0.124     6.588 r  U_SPI_MASTER/mosi_i_3/O
                         net (fo=2, routed)           0.599     7.188    U_BTN_DEBOUNCE/bit_cnt_reg[2]
    SLICE_X61Y96         LUT5 (Prop_lut5_I4_O)        0.124     7.312 r  U_BTN_DEBOUNCE/bit_cnt[2]_i_2/O
                         net (fo=4, routed)           0.452     7.764    U_SPI_MASTER/bit_cnt
    SLICE_X62Y95         LUT2 (Prop_lut2_I1_O)        0.124     7.888 r  U_SPI_MASTER/tx_shift_reg[7]_i_1/O
                         net (fo=8, routed)           0.514     8.401    U_SPI_MASTER/tx_shift_reg
    SLICE_X60Y92         FDCE                                         r  U_SPI_MASTER/tx_shift_reg_reg[4]/CE
  -------------------------------------------------------------------    -------------------

                         (clock sys_clk_pin rise edge)
                                                     10.000    10.000 r  
    W5                                                0.000    10.000 r  clk (IN)
                         net (fo=0)                   0.000    10.000    clk
    W5                   IBUF (Prop_ibuf_I_O)         1.388    11.388 r  clk_IBUF_inst/O
                         net (fo=1, routed)           1.862    13.250    clk_IBUF
    BUFGCTRL_X0Y0        BUFG (Prop_bufg_I_O)         0.091    13.341 r  clk_IBUF_BUFG_inst/O
                         net (fo=56, routed)          1.507    14.848    U_SPI_MASTER/CLK
    SLICE_X60Y92         FDCE                                         r  U_SPI_MASTER/tx_shift_reg_reg[4]/C
                         clock pessimism              0.272    15.120    
                         clock uncertainty           -0.035    15.085    
    SLICE_X60Y92         FDCE (Setup_fdce_C_CE)      -0.169    14.916    U_SPI_MASTER/tx_shift_reg_reg[4]
  -------------------------------------------------------------------
                         required time                         14.916    
                         arrival time                          -8.401    
  -------------------------------------------------------------------
                         slack                                  6.514    

Slack (MET) :             6.528ns  (required time - arrival time)
  Source:                 U_SPI_MASTER/step_reg/C
                            (rising edge-triggered cell FDCE clocked by sys_clk_pin  {rise@0.000ns fall@5.000ns period=10.000ns})
  Destination:            U_SPI_MASTER/tx_shift_reg_reg[5]/CE
                            (rising edge-triggered cell FDCE clocked by sys_clk_pin  {rise@0.000ns fall@5.000ns period=10.000ns})
  Path Group:             sys_clk_pin
  Path Type:              Setup (Max at Slow Process Corner)
  Requirement:            10.000ns  (sys_clk_pin rise@10.000ns - sys_clk_pin rise@0.000ns)
  Data Path Delay:        3.242ns  (logic 0.828ns (25.536%)  route 2.414ns (74.464%))
  Logic Levels:           3  (LUT2=1 LUT5=1 LUT6=1)
  Clock Path Skew:        -0.025ns (DCD - SCD + CPR)
    Destination Clock Delay (DCD):    4.849ns = ( 14.849 - 10.000 ) 
    Source Clock Delay      (SCD):    5.146ns
    Clock Pessimism Removal (CPR):    0.272ns
  Clock Uncertainty:      0.035ns  ((TSJ^2 + TIJ^2)^1/2 + DJ) / 2 + PE
    Total System Jitter     (TSJ):    0.071ns
    Total Input Jitter      (TIJ):    0.000ns
    Discrete Jitter          (DJ):    0.000ns
    Phase Error              (PE):    0.000ns

    Location             Delay type                Incr(ns)  Path(ns)    Netlist Resource(s)
  -------------------------------------------------------------------    -------------------
                         (clock sys_clk_pin rise edge)
                                                      0.000     0.000 r  
    W5                                                0.000     0.000 r  clk (IN)
                         net (fo=0)                   0.000     0.000    clk
    W5                   IBUF (Prop_ibuf_I_O)         1.458     1.458 r  clk_IBUF_inst/O
                         net (fo=1, routed)           1.967     3.425    clk_IBUF
    BUFGCTRL_X0Y0        BUFG (Prop_bufg_I_O)         0.096     3.521 r  clk_IBUF_BUFG_inst/O
                         net (fo=56, routed)          1.625     5.146    U_SPI_MASTER/CLK
    SLICE_X61Y95         FDCE                                         r  U_SPI_MASTER/step_reg/C
  -------------------------------------------------------------------    -------------------
    SLICE_X61Y95         FDCE (Prop_fdce_C_Q)         0.456     5.602 r  U_SPI_MASTER/step_reg/Q
                         net (fo=11, routed)          0.863     6.464    U_SPI_MASTER/step_reg_n_0
    SLICE_X62Y96         LUT6 (Prop_lut6_I3_O)        0.124     6.588 r  U_SPI_MASTER/mosi_i_3/O
                         net (fo=2, routed)           0.599     7.188    U_BTN_DEBOUNCE/bit_cnt_reg[2]
    SLICE_X61Y96         LUT5 (Prop_lut5_I4_O)        0.124     7.312 r  U_BTN_DEBOUNCE/bit_cnt[2]_i_2/O
                         net (fo=4, routed)           0.452     7.764    U_SPI_MASTER/bit_cnt
    SLICE_X62Y95         LUT2 (Prop_lut2_I1_O)        0.124     7.888 r  U_SPI_MASTER/tx_shift_reg[7]_i_1/O
                         net (fo=8, routed)           0.501     8.388    U_SPI_MASTER/tx_shift_reg
    SLICE_X60Y93         FDCE                                         r  U_SPI_MASTER/tx_shift_reg_reg[5]/CE
  -------------------------------------------------------------------    -------------------

                         (clock sys_clk_pin rise edge)
                                                     10.000    10.000 r  
    W5                                                0.000    10.000 r  clk (IN)
                         net (fo=0)                   0.000    10.000    clk
    W5                   IBUF (Prop_ibuf_I_O)         1.388    11.388 r  clk_IBUF_inst/O
                         net (fo=1, routed)           1.862    13.250    clk_IBUF
    BUFGCTRL_X0Y0        BUFG (Prop_bufg_I_O)         0.091    13.341 r  clk_IBUF_BUFG_inst/O
                         net (fo=56, routed)          1.508    14.849    U_SPI_MASTER/CLK
    SLICE_X60Y93         FDCE                                         r  U_SPI_MASTER/tx_shift_reg_reg[5]/C
                         clock pessimism              0.272    15.121    
                         clock uncertainty           -0.035    15.086    
    SLICE_X60Y93         FDCE (Setup_fdce_C_CE)      -0.169    14.917    U_SPI_MASTER/tx_shift_reg_reg[5]
  -------------------------------------------------------------------
                         required time                         14.917    
                         arrival time                          -8.388    
  -------------------------------------------------------------------
                         slack                                  6.528    

Slack (MET) :             6.528ns  (required time - arrival time)
  Source:                 U_SPI_MASTER/step_reg/C
                            (rising edge-triggered cell FDCE clocked by sys_clk_pin  {rise@0.000ns fall@5.000ns period=10.000ns})
  Destination:            U_SPI_MASTER/tx_shift_reg_reg[6]/CE
                            (rising edge-triggered cell FDCE clocked by sys_clk_pin  {rise@0.000ns fall@5.000ns period=10.000ns})
  Path Group:             sys_clk_pin
  Path Type:              Setup (Max at Slow Process Corner)
  Requirement:            10.000ns  (sys_clk_pin rise@10.000ns - sys_clk_pin rise@0.000ns)
  Data Path Delay:        3.242ns  (logic 0.828ns (25.536%)  route 2.414ns (74.464%))
  Logic Levels:           3  (LUT2=1 LUT5=1 LUT6=1)
  Clock Path Skew:        -0.025ns (DCD - SCD + CPR)
    Destination Clock Delay (DCD):    4.849ns = ( 14.849 - 10.000 ) 
    Source Clock Delay      (SCD):    5.146ns
    Clock Pessimism Removal (CPR):    0.272ns
  Clock Uncertainty:      0.035ns  ((TSJ^2 + TIJ^2)^1/2 + DJ) / 2 + PE
    Total System Jitter     (TSJ):    0.071ns
    Total Input Jitter      (TIJ):    0.000ns
    Discrete Jitter          (DJ):    0.000ns
    Phase Error              (PE):    0.000ns

    Location             Delay type                Incr(ns)  Path(ns)    Netlist Resource(s)
  -------------------------------------------------------------------    -------------------
                         (clock sys_clk_pin rise edge)
                                                      0.000     0.000 r  
    W5                                                0.000     0.000 r  clk (IN)
                         net (fo=0)                   0.000     0.000    clk
    W5                   IBUF (Prop_ibuf_I_O)         1.458     1.458 r  clk_IBUF_inst/O
                         net (fo=1, routed)           1.967     3.425    clk_IBUF
    BUFGCTRL_X0Y0        BUFG (Prop_bufg_I_O)         0.096     3.521 r  clk_IBUF_BUFG_inst/O
                         net (fo=56, routed)          1.625     5.146    U_SPI_MASTER/CLK
    SLICE_X61Y95         FDCE                                         r  U_SPI_MASTER/step_reg/C
  -------------------------------------------------------------------    -------------------
    SLICE_X61Y95         FDCE (Prop_fdce_C_Q)         0.456     5.602 r  U_SPI_MASTER/step_reg/Q
                         net (fo=11, routed)          0.863     6.464    U_SPI_MASTER/step_reg_n_0
    SLICE_X62Y96         LUT6 (Prop_lut6_I3_O)        0.124     6.588 r  U_SPI_MASTER/mosi_i_3/O
                         net (fo=2, routed)           0.599     7.188    U_BTN_DEBOUNCE/bit_cnt_reg[2]
    SLICE_X61Y96         LUT5 (Prop_lut5_I4_O)        0.124     7.312 r  U_BTN_DEBOUNCE/bit_cnt[2]_i_2/O
                         net (fo=4, routed)           0.452     7.764    U_SPI_MASTER/bit_cnt
    SLICE_X62Y95         LUT2 (Prop_lut2_I1_O)        0.124     7.888 r  U_SPI_MASTER/tx_shift_reg[7]_i_1/O
                         net (fo=8, routed)           0.501     8.388    U_SPI_MASTER/tx_shift_reg
    SLICE_X60Y93         FDCE                                         r  U_SPI_MASTER/tx_shift_reg_reg[6]/CE
  -------------------------------------------------------------------    -------------------

                         (clock sys_clk_pin rise edge)
                                                     10.000    10.000 r  
    W5                                                0.000    10.000 r  clk (IN)
                         net (fo=0)                   0.000    10.000    clk
    W5                   IBUF (Prop_ibuf_I_O)         1.388    11.388 r  clk_IBUF_inst/O
                         net (fo=1, routed)           1.862    13.250    clk_IBUF
    BUFGCTRL_X0Y0        BUFG (Prop_bufg_I_O)         0.091    13.341 r  clk_IBUF_BUFG_inst/O
                         net (fo=56, routed)          1.508    14.849    U_SPI_MASTER/CLK
    SLICE_X60Y93         FDCE                                         r  U_SPI_MASTER/tx_shift_reg_reg[6]/C
                         clock pessimism              0.272    15.121    
                         clock uncertainty           -0.035    15.086    
    SLICE_X60Y93         FDCE (Setup_fdce_C_CE)      -0.169    14.917    U_SPI_MASTER/tx_shift_reg_reg[6]
  -------------------------------------------------------------------
                         required time                         14.917    
                         arrival time                          -8.388    
  -------------------------------------------------------------------
                         slack                                  6.528    

Slack (MET) :             6.528ns  (required time - arrival time)
  Source:                 U_SPI_MASTER/step_reg/C
                            (rising edge-triggered cell FDCE clocked by sys_clk_pin  {rise@0.000ns fall@5.000ns period=10.000ns})
  Destination:            U_SPI_MASTER/tx_shift_reg_reg[7]/CE
                            (rising edge-triggered cell FDCE clocked by sys_clk_pin  {rise@0.000ns fall@5.000ns period=10.000ns})
  Path Group:             sys_clk_pin
  Path Type:              Setup (Max at Slow Process Corner)
  Requirement:            10.000ns  (sys_clk_pin rise@10.000ns - sys_clk_pin rise@0.000ns)
  Data Path Delay:        3.242ns  (logic 0.828ns (25.536%)  route 2.414ns (74.464%))
  Logic Levels:           3  (LUT2=1 LUT5=1 LUT6=1)
  Clock Path Skew:        -0.025ns (DCD - SCD + CPR)
    Destination Clock Delay (DCD):    4.849ns = ( 14.849 - 10.000 ) 
    Source Clock Delay      (SCD):    5.146ns
    Clock Pessimism Removal (CPR):    0.272ns
  Clock Uncertainty:      0.035ns  ((TSJ^2 + TIJ^2)^1/2 + DJ) / 2 + PE
    Total System Jitter     (TSJ):    0.071ns
    Total Input Jitter      (TIJ):    0.000ns
    Discrete Jitter          (DJ):    0.000ns
    Phase Error              (PE):    0.000ns

    Location             Delay type                Incr(ns)  Path(ns)    Netlist Resource(s)
  -------------------------------------------------------------------    -------------------
                         (clock sys_clk_pin rise edge)
                                                      0.000     0.000 r  
    W5                                                0.000     0.000 r  clk (IN)
                         net (fo=0)                   0.000     0.000    clk
    W5                   IBUF (Prop_ibuf_I_O)         1.458     1.458 r  clk_IBUF_inst/O
                         net (fo=1, routed)           1.967     3.425    clk_IBUF
    BUFGCTRL_X0Y0        BUFG (Prop_bufg_I_O)         0.096     3.521 r  clk_IBUF_BUFG_inst/O
                         net (fo=56, routed)          1.625     5.146    U_SPI_MASTER/CLK
    SLICE_X61Y95         FDCE                                         r  U_SPI_MASTER/step_reg/C
  -------------------------------------------------------------------    -------------------
    SLICE_X61Y95         FDCE (Prop_fdce_C_Q)         0.456     5.602 r  U_SPI_MASTER/step_reg/Q
                         net (fo=11, routed)          0.863     6.464    U_SPI_MASTER/step_reg_n_0
    SLICE_X62Y96         LUT6 (Prop_lut6_I3_O)        0.124     6.588 r  U_SPI_MASTER/mosi_i_3/O
                         net (fo=2, routed)           0.599     7.188    U_BTN_DEBOUNCE/bit_cnt_reg[2]
    SLICE_X61Y96         LUT5 (Prop_lut5_I4_O)        0.124     7.312 r  U_BTN_DEBOUNCE/bit_cnt[2]_i_2/O
                         net (fo=4, routed)           0.452     7.764    U_SPI_MASTER/bit_cnt
    SLICE_X62Y95         LUT2 (Prop_lut2_I1_O)        0.124     7.888 r  U_SPI_MASTER/tx_shift_reg[7]_i_1/O
                         net (fo=8, routed)           0.501     8.388    U_SPI_MASTER/tx_shift_reg
    SLICE_X60Y93         FDCE                                         r  U_SPI_MASTER/tx_shift_reg_reg[7]/CE
  -------------------------------------------------------------------    -------------------

                         (clock sys_clk_pin rise edge)
                                                     10.000    10.000 r  
    W5                                                0.000    10.000 r  clk (IN)
                         net (fo=0)                   0.000    10.000    clk
    W5                   IBUF (Prop_ibuf_I_O)         1.388    11.388 r  clk_IBUF_inst/O
                         net (fo=1, routed)           1.862    13.250    clk_IBUF
    BUFGCTRL_X0Y0        BUFG (Prop_bufg_I_O)         0.091    13.341 r  clk_IBUF_BUFG_inst/O
                         net (fo=56, routed)          1.508    14.849    U_SPI_MASTER/CLK
    SLICE_X60Y93         FDCE                                         r  U_SPI_MASTER/tx_shift_reg_reg[7]/C
                         clock pessimism              0.272    15.121    
                         clock uncertainty           -0.035    15.086    
    SLICE_X60Y93         FDCE (Setup_fdce_C_CE)      -0.169    14.917    U_SPI_MASTER/tx_shift_reg_reg[7]
  -------------------------------------------------------------------
                         required time                         14.917    
                         arrival time                          -8.388    
  -------------------------------------------------------------------
                         slack                                  6.528    

Slack (MET) :             6.662ns  (required time - arrival time)
  Source:                 U_BTN_DEBOUNCE/edge_reg_reg/C
                            (rising edge-triggered cell FDCE clocked by sys_clk_pin  {rise@0.000ns fall@5.000ns period=10.000ns})
  Destination:            U_SPI_MASTER/FSM_onehot_state_reg[0]/CE
                            (rising edge-triggered cell FDPE clocked by sys_clk_pin  {rise@0.000ns fall@5.000ns period=10.000ns})
  Path Group:             sys_clk_pin
  Path Type:              Setup (Max at Slow Process Corner)
  Requirement:            10.000ns  (sys_clk_pin rise@10.000ns - sys_clk_pin rise@0.000ns)
  Data Path Delay:        2.851ns  (logic 0.960ns (33.672%)  route 1.891ns (66.328%))
  Logic Levels:           2  (LUT4=2)
  Clock Path Skew:        -0.039ns (DCD - SCD + CPR)
    Destination Clock Delay (DCD):    4.850ns = ( 14.850 - 10.000 ) 
    Source Clock Delay      (SCD):    5.147ns
    Clock Pessimism Removal (CPR):    0.258ns
  Clock Uncertainty:      0.035ns  ((TSJ^2 + TIJ^2)^1/2 + DJ) / 2 + PE
    Total System Jitter     (TSJ):    0.071ns
    Total Input Jitter      (TIJ):    0.000ns
    Discrete Jitter          (DJ):    0.000ns
    Phase Error              (PE):    0.000ns

    Location             Delay type                Incr(ns)  Path(ns)    Netlist Resource(s)
  -------------------------------------------------------------------    -------------------
                         (clock sys_clk_pin rise edge)
                                                      0.000     0.000 r  
    W5                                                0.000     0.000 r  clk (IN)
                         net (fo=0)                   0.000     0.000    clk
    W5                   IBUF (Prop_ibuf_I_O)         1.458     1.458 r  clk_IBUF_inst/O
                         net (fo=1, routed)           1.967     3.425    clk_IBUF
    BUFGCTRL_X0Y0        BUFG (Prop_bufg_I_O)         0.096     3.521 r  clk_IBUF_BUFG_inst/O
                         net (fo=56, routed)          1.626     5.147    U_BTN_DEBOUNCE/CLK
    SLICE_X61Y98         FDCE                                         r  U_BTN_DEBOUNCE/edge_reg_reg/C
  -------------------------------------------------------------------    -------------------
    SLICE_X61Y98         FDCE (Prop_fdce_C_Q)         0.456     5.603 f  U_BTN_DEBOUNCE/edge_reg_reg/Q
                         net (fo=3, routed)           0.813     6.415    U_BTN_DEBOUNCE/edge_reg
    SLICE_X61Y96         LUT4 (Prop_lut4_I1_O)        0.152     6.567 r  U_BTN_DEBOUNCE/FSM_onehot_state[3]_i_3/O
                         net (fo=2, routed)           0.739     7.307    U_SPI_MASTER/step_reg_0
    SLICE_X62Y95         LUT4 (Prop_lut4_I0_O)        0.352     7.659 r  U_SPI_MASTER/FSM_onehot_state[3]_i_1/O
                         net (fo=4, routed)           0.339     7.998    U_SPI_MASTER/FSM_onehot_state[3]_i_1_n_0
    SLICE_X62Y96         FDPE                                         r  U_SPI_MASTER/FSM_onehot_state_reg[0]/CE
  -------------------------------------------------------------------    -------------------

                         (clock sys_clk_pin rise edge)
                                                     10.000    10.000 r  
    W5                                                0.000    10.000 r  clk (IN)
                         net (fo=0)                   0.000    10.000    clk
    W5                   IBUF (Prop_ibuf_I_O)         1.388    11.388 r  clk_IBUF_inst/O
                         net (fo=1, routed)           1.862    13.250    clk_IBUF
    BUFGCTRL_X0Y0        BUFG (Prop_bufg_I_O)         0.091    13.341 r  clk_IBUF_BUFG_inst/O
                         net (fo=56, routed)          1.509    14.850    U_SPI_MASTER/CLK
    SLICE_X62Y96         FDPE                                         r  U_SPI_MASTER/FSM_onehot_state_reg[0]/C
                         clock pessimism              0.258    15.108    
                         clock uncertainty           -0.035    15.073    
    SLICE_X62Y96         FDPE (Setup_fdpe_C_CE)      -0.413    14.660    U_SPI_MASTER/FSM_onehot_state_reg[0]
  -------------------------------------------------------------------
                         required time                         14.660    
                         arrival time                          -7.998    
  -------------------------------------------------------------------
                         slack                                  6.662    

Slack (MET) :             6.662ns  (required time - arrival time)
  Source:                 U_BTN_DEBOUNCE/edge_reg_reg/C
                            (rising edge-triggered cell FDCE clocked by sys_clk_pin  {rise@0.000ns fall@5.000ns period=10.000ns})
  Destination:            U_SPI_MASTER/FSM_onehot_state_reg[1]/CE
                            (rising edge-triggered cell FDCE clocked by sys_clk_pin  {rise@0.000ns fall@5.000ns period=10.000ns})
  Path Group:             sys_clk_pin
  Path Type:              Setup (Max at Slow Process Corner)
  Requirement:            10.000ns  (sys_clk_pin rise@10.000ns - sys_clk_pin rise@0.000ns)
  Data Path Delay:        2.851ns  (logic 0.960ns (33.672%)  route 1.891ns (66.328%))
  Logic Levels:           2  (LUT4=2)
  Clock Path Skew:        -0.039ns (DCD - SCD + CPR)
    Destination Clock Delay (DCD):    4.850ns = ( 14.850 - 10.000 ) 
    Source Clock Delay      (SCD):    5.147ns
    Clock Pessimism Removal (CPR):    0.258ns
  Clock Uncertainty:      0.035ns  ((TSJ^2 + TIJ^2)^1/2 + DJ) / 2 + PE
    Total System Jitter     (TSJ):    0.071ns
    Total Input Jitter      (TIJ):    0.000ns
    Discrete Jitter          (DJ):    0.000ns
    Phase Error              (PE):    0.000ns

    Location             Delay type                Incr(ns)  Path(ns)    Netlist Resource(s)
  -------------------------------------------------------------------    -------------------
                         (clock sys_clk_pin rise edge)
                                                      0.000     0.000 r  
    W5                                                0.000     0.000 r  clk (IN)
                         net (fo=0)                   0.000     0.000    clk
    W5                   IBUF (Prop_ibuf_I_O)         1.458     1.458 r  clk_IBUF_inst/O
                         net (fo=1, routed)           1.967     3.425    clk_IBUF
    BUFGCTRL_X0Y0        BUFG (Prop_bufg_I_O)         0.096     3.521 r  clk_IBUF_BUFG_inst/O
                         net (fo=56, routed)          1.626     5.147    U_BTN_DEBOUNCE/CLK
    SLICE_X61Y98         FDCE                                         r  U_BTN_DEBOUNCE/edge_reg_reg/C
  -------------------------------------------------------------------    -------------------
    SLICE_X61Y98         FDCE (Prop_fdce_C_Q)         0.456     5.603 f  U_BTN_DEBOUNCE/edge_reg_reg/Q
                         net (fo=3, routed)           0.813     6.415    U_BTN_DEBOUNCE/edge_reg
    SLICE_X61Y96         LUT4 (Prop_lut4_I1_O)        0.152     6.567 r  U_BTN_DEBOUNCE/FSM_onehot_state[3]_i_3/O
                         net (fo=2, routed)           0.739     7.307    U_SPI_MASTER/step_reg_0
    SLICE_X62Y95         LUT4 (Prop_lut4_I0_O)        0.352     7.659 r  U_SPI_MASTER/FSM_onehot_state[3]_i_1/O
                         net (fo=4, routed)           0.339     7.998    U_SPI_MASTER/FSM_onehot_state[3]_i_1_n_0
    SLICE_X62Y96         FDCE                                         r  U_SPI_MASTER/FSM_onehot_state_reg[1]/CE
  -------------------------------------------------------------------    -------------------

                         (clock sys_clk_pin rise edge)
                                                     10.000    10.000 r  
    W5                                                0.000    10.000 r  clk (IN)
                         net (fo=0)                   0.000    10.000    clk
    W5                   IBUF (Prop_ibuf_I_O)         1.388    11.388 r  clk_IBUF_inst/O
                         net (fo=1, routed)           1.862    13.250    clk_IBUF
    BUFGCTRL_X0Y0        BUFG (Prop_bufg_I_O)         0.091    13.341 r  clk_IBUF_BUFG_inst/O
                         net (fo=56, routed)          1.509    14.850    U_SPI_MASTER/CLK
    SLICE_X62Y96         FDCE                                         r  U_SPI_MASTER/FSM_onehot_state_reg[1]/C
                         clock pessimism              0.258    15.108    
                         clock uncertainty           -0.035    15.073    
    SLICE_X62Y96         FDCE (Setup_fdce_C_CE)      -0.413    14.660    U_SPI_MASTER/FSM_onehot_state_reg[1]
  -------------------------------------------------------------------
                         required time                         14.660    
                         arrival time                          -7.998    
  -------------------------------------------------------------------
                         slack                                  6.662    





Min Delay Paths
--------------------------------------------------------------------------------------
Slack (MET) :             0.117ns  (arrival time - required time)
  Source:                 U_SPI_MASTER/rx_shift_reg_reg[2]/C
                            (rising edge-triggered cell FDCE clocked by sys_clk_pin  {rise@0.000ns fall@5.000ns period=10.000ns})
  Destination:            U_SPI_MASTER/rx_data_reg[2]/D
                            (rising edge-triggered cell FDCE clocked by sys_clk_pin  {rise@0.000ns fall@5.000ns period=10.000ns})
  Path Group:             sys_clk_pin
  Path Type:              Hold (Min at Fast Process Corner)
  Requirement:            0.000ns  (sys_clk_pin rise@0.000ns - sys_clk_pin rise@0.000ns)
  Data Path Delay:        0.206ns  (logic 0.141ns (68.378%)  route 0.065ns (31.622%))
  Logic Levels:           0  
  Clock Path Skew:        0.013ns (DCD - SCD - CPR)
    Destination Clock Delay (DCD):    1.989ns
    Source Clock Delay      (SCD):    1.475ns
    Clock Pessimism Removal (CPR):    0.501ns

    Location             Delay type                Incr(ns)  Path(ns)    Netlist Resource(s)
  -------------------------------------------------------------------    -------------------
                         (clock sys_clk_pin rise edge)
                                                      0.000     0.000 r  
    W5                                                0.000     0.000 r  clk (IN)
                         net (fo=0)                   0.000     0.000    clk
    W5                   IBUF (Prop_ibuf_I_O)         0.226     0.226 r  clk_IBUF_inst/O
                         net (fo=1, routed)           0.631     0.858    clk_IBUF
    BUFGCTRL_X0Y0        BUFG (Prop_bufg_I_O)         0.026     0.884 r  clk_IBUF_BUFG_inst/O
                         net (fo=56, routed)          0.592     1.475    U_SPI_MASTER/CLK
    SLICE_X61Y94         FDCE                                         r  U_SPI_MASTER/rx_shift_reg_reg[2]/C
  -------------------------------------------------------------------    -------------------
    SLICE_X61Y94         FDCE (Prop_fdce_C_Q)         0.141     1.616 r  U_SPI_MASTER/rx_shift_reg_reg[2]/Q
                         net (fo=3, routed)           0.065     1.681    U_SPI_MASTER/p_0_in[3]
    SLICE_X60Y94         FDCE                                         r  U_SPI_MASTER/rx_data_reg[2]/D
  -------------------------------------------------------------------    -------------------

                         (clock sys_clk_pin rise edge)
                                                      0.000     0.000 r  
    W5                                                0.000     0.000 r  clk (IN)
                         net (fo=0)                   0.000     0.000    clk
    W5                   IBUF (Prop_ibuf_I_O)         0.414     0.414 r  clk_IBUF_inst/O
                         net (fo=1, routed)           0.685     1.099    clk_IBUF
    BUFGCTRL_X0Y0        BUFG (Prop_bufg_I_O)         0.029     1.128 r  clk_IBUF_BUFG_inst/O
                         net (fo=56, routed)          0.861     1.989    U_SPI_MASTER/CLK
    SLICE_X60Y94         FDCE                                         r  U_SPI_MASTER/rx_data_reg[2]/C
                         clock pessimism             -0.501     1.488    
    SLICE_X60Y94         FDCE (Hold_fdce_C_D)         0.076     1.564    U_SPI_MASTER/rx_data_reg[2]
  -------------------------------------------------------------------
                         required time                         -1.564    
                         arrival time                           1.681    
  -------------------------------------------------------------------
                         slack                                  0.117    

Slack (MET) :             0.167ns  (arrival time - required time)
  Source:                 U_SPI_MASTER/FSM_onehot_state_reg[0]/C
                            (rising edge-triggered cell FDPE clocked by sys_clk_pin  {rise@0.000ns fall@5.000ns period=10.000ns})
  Destination:            U_SPI_MASTER/FSM_onehot_state_reg[1]/D
                            (rising edge-triggered cell FDCE clocked by sys_clk_pin  {rise@0.000ns fall@5.000ns period=10.000ns})
  Path Group:             sys_clk_pin
  Path Type:              Hold (Min at Fast Process Corner)
  Requirement:            0.000ns  (sys_clk_pin rise@0.000ns - sys_clk_pin rise@0.000ns)
  Data Path Delay:        0.242ns  (logic 0.141ns (58.320%)  route 0.101ns (41.680%))
  Logic Levels:           0  
  Clock Path Skew:        0.000ns (DCD - SCD - CPR)
    Destination Clock Delay (DCD):    1.991ns
    Source Clock Delay      (SCD):    1.476ns
    Clock Pessimism Removal (CPR):    0.515ns

    Location             Delay type                Incr(ns)  Path(ns)    Netlist Resource(s)
  -------------------------------------------------------------------    -------------------
                         (clock sys_clk_pin rise edge)
                                                      0.000     0.000 r  
    W5                                                0.000     0.000 r  clk (IN)
                         net (fo=0)                   0.000     0.000    clk
    W5                   IBUF (Prop_ibuf_I_O)         0.226     0.226 r  clk_IBUF_inst/O
                         net (fo=1, routed)           0.631     0.858    clk_IBUF
    BUFGCTRL_X0Y0        BUFG (Prop_bufg_I_O)         0.026     0.884 r  clk_IBUF_BUFG_inst/O
                         net (fo=56, routed)          0.593     1.476    U_SPI_MASTER/CLK
    SLICE_X62Y96         FDPE                                         r  U_SPI_MASTER/FSM_onehot_state_reg[0]/C
  -------------------------------------------------------------------    -------------------
    SLICE_X62Y96         FDPE (Prop_fdpe_C_Q)         0.141     1.617 r  U_SPI_MASTER/FSM_onehot_state_reg[0]/Q
                         net (fo=16, routed)          0.101     1.718    U_SPI_MASTER/Q[0]
    SLICE_X62Y96         FDCE                                         r  U_SPI_MASTER/FSM_onehot_state_reg[1]/D
  -------------------------------------------------------------------    -------------------

                         (clock sys_clk_pin rise edge)
                                                      0.000     0.000 r  
    W5                                                0.000     0.000 r  clk (IN)
                         net (fo=0)                   0.000     0.000    clk
    W5                   IBUF (Prop_ibuf_I_O)         0.414     0.414 r  clk_IBUF_inst/O
                         net (fo=1, routed)           0.685     1.099    clk_IBUF
    BUFGCTRL_X0Y0        BUFG (Prop_bufg_I_O)         0.029     1.128 r  clk_IBUF_BUFG_inst/O
                         net (fo=56, routed)          0.863     1.991    U_SPI_MASTER/CLK
    SLICE_X62Y96         FDCE                                         r  U_SPI_MASTER/FSM_onehot_state_reg[1]/C
                         clock pessimism             -0.515     1.476    
    SLICE_X62Y96         FDCE (Hold_fdce_C_D)         0.075     1.551    U_SPI_MASTER/FSM_onehot_state_reg[1]
  -------------------------------------------------------------------
                         required time                         -1.551    
                         arrival time                           1.718    
  -------------------------------------------------------------------
                         slack                                  0.167    

Slack (MET) :             0.181ns  (arrival time - required time)
  Source:                 U_SPI_MASTER/rx_shift_reg_reg[0]/C
                            (rising edge-triggered cell FDCE clocked by sys_clk_pin  {rise@0.000ns fall@5.000ns period=10.000ns})
  Destination:            U_SPI_MASTER/rx_data_reg[0]/D
                            (rising edge-triggered cell FDCE clocked by sys_clk_pin  {rise@0.000ns fall@5.000ns period=10.000ns})
  Path Group:             sys_clk_pin
  Path Type:              Hold (Min at Fast Process Corner)
  Requirement:            0.000ns  (sys_clk_pin rise@0.000ns - sys_clk_pin rise@0.000ns)
  Data Path Delay:        0.269ns  (logic 0.141ns (52.443%)  route 0.128ns (47.557%))
  Logic Levels:           0  
  Clock Path Skew:        0.013ns (DCD - SCD - CPR)
    Destination Clock Delay (DCD):    1.989ns
    Source Clock Delay      (SCD):    1.475ns
    Clock Pessimism Removal (CPR):    0.501ns

    Location             Delay type                Incr(ns)  Path(ns)    Netlist Resource(s)
  -------------------------------------------------------------------    -------------------
                         (clock sys_clk_pin rise edge)
                                                      0.000     0.000 r  
    W5                                                0.000     0.000 r  clk (IN)
                         net (fo=0)                   0.000     0.000    clk
    W5                   IBUF (Prop_ibuf_I_O)         0.226     0.226 r  clk_IBUF_inst/O
                         net (fo=1, routed)           0.631     0.858    clk_IBUF
    BUFGCTRL_X0Y0        BUFG (Prop_bufg_I_O)         0.026     0.884 r  clk_IBUF_BUFG_inst/O
                         net (fo=56, routed)          0.592     1.475    U_SPI_MASTER/CLK
    SLICE_X61Y94         FDCE                                         r  U_SPI_MASTER/rx_shift_reg_reg[0]/C
  -------------------------------------------------------------------    -------------------
    SLICE_X61Y94         FDCE (Prop_fdce_C_Q)         0.141     1.616 r  U_SPI_MASTER/rx_shift_reg_reg[0]/Q
                         net (fo=3, routed)           0.128     1.744    U_SPI_MASTER/p_0_in[1]
    SLICE_X60Y94         FDCE                                         r  U_SPI_MASTER/rx_data_reg[0]/D
  -------------------------------------------------------------------    -------------------

                         (clock sys_clk_pin rise edge)
                                                      0.000     0.000 r  
    W5                                                0.000     0.000 r  clk (IN)
                         net (fo=0)                   0.000     0.000    clk
    W5                   IBUF (Prop_ibuf_I_O)         0.414     0.414 r  clk_IBUF_inst/O
                         net (fo=1, routed)           0.685     1.099    clk_IBUF
    BUFGCTRL_X0Y0        BUFG (Prop_bufg_I_O)         0.029     1.128 r  clk_IBUF_BUFG_inst/O
                         net (fo=56, routed)          0.861     1.989    U_SPI_MASTER/CLK
    SLICE_X60Y94         FDCE                                         r  U_SPI_MASTER/rx_data_reg[0]/C
                         clock pessimism             -0.501     1.488    
    SLICE_X60Y94         FDCE (Hold_fdce_C_D)         0.075     1.563    U_SPI_MASTER/rx_data_reg[0]
  -------------------------------------------------------------------
                         required time                         -1.563    
                         arrival time                           1.744    
  -------------------------------------------------------------------
                         slack                                  0.181    

Slack (MET) :             0.220ns  (arrival time - required time)
  Source:                 U_BTN_DEBOUNCE/counter_reg_reg[4]/C
                            (rising edge-triggered cell FDCE clocked by sys_clk_pin  {rise@0.000ns fall@5.000ns period=10.000ns})
  Destination:            U_BTN_DEBOUNCE/counter_reg_reg[5]/D
                            (rising edge-triggered cell FDCE clocked by sys_clk_pin  {rise@0.000ns fall@5.000ns period=10.000ns})
  Path Group:             sys_clk_pin
  Path Type:              Hold (Min at Fast Process Corner)
  Requirement:            0.000ns  (sys_clk_pin rise@0.000ns - sys_clk_pin rise@0.000ns)
  Data Path Delay:        0.311ns  (logic 0.227ns (72.920%)  route 0.084ns (27.079%))
  Logic Levels:           1  (LUT6=1)
  Clock Path Skew:        0.000ns (DCD - SCD - CPR)
    Destination Clock Delay (DCD):    1.990ns
    Source Clock Delay      (SCD):    1.476ns
    Clock Pessimism Removal (CPR):    0.514ns

    Location             Delay type                Incr(ns)  Path(ns)    Netlist Resource(s)
  -------------------------------------------------------------------    -------------------
                         (clock sys_clk_pin rise edge)
                                                      0.000     0.000 r  
    W5                                                0.000     0.000 r  clk (IN)
                         net (fo=0)                   0.000     0.000    clk
    W5                   IBUF (Prop_ibuf_I_O)         0.226     0.226 r  clk_IBUF_inst/O
                         net (fo=1, routed)           0.631     0.858    clk_IBUF
    BUFGCTRL_X0Y0        BUFG (Prop_bufg_I_O)         0.026     0.884 r  clk_IBUF_BUFG_inst/O
                         net (fo=56, routed)          0.593     1.476    U_BTN_DEBOUNCE/CLK
    SLICE_X61Y98         FDCE                                         r  U_BTN_DEBOUNCE/counter_reg_reg[4]/C
  -------------------------------------------------------------------    -------------------
    SLICE_X61Y98         FDCE (Prop_fdce_C_Q)         0.128     1.604 r  U_BTN_DEBOUNCE/counter_reg_reg[4]/Q
                         net (fo=9, routed)           0.084     1.689    U_BTN_DEBOUNCE/counter_reg[4]
    SLICE_X61Y98         LUT6 (Prop_lut6_I4_O)        0.099     1.788 r  U_BTN_DEBOUNCE/counter_reg[5]_i_1/O
                         net (fo=1, routed)           0.000     1.788    U_BTN_DEBOUNCE/counter_reg_0[5]
    SLICE_X61Y98         FDCE                                         r  U_BTN_DEBOUNCE/counter_reg_reg[5]/D
  -------------------------------------------------------------------    -------------------

                         (clock sys_clk_pin rise edge)
                                                      0.000     0.000 r  
    W5                                                0.000     0.000 r  clk (IN)
                         net (fo=0)                   0.000     0.000    clk
    W5                   IBUF (Prop_ibuf_I_O)         0.414     0.414 r  clk_IBUF_inst/O
                         net (fo=1, routed)           0.685     1.099    clk_IBUF
    BUFGCTRL_X0Y0        BUFG (Prop_bufg_I_O)         0.029     1.128 r  clk_IBUF_BUFG_inst/O
                         net (fo=56, routed)          0.863     1.990    U_BTN_DEBOUNCE/CLK
    SLICE_X61Y98         FDCE                                         r  U_BTN_DEBOUNCE/counter_reg_reg[5]/C
                         clock pessimism             -0.514     1.476    
    SLICE_X61Y98         FDCE (Hold_fdce_C_D)         0.091     1.567    U_BTN_DEBOUNCE/counter_reg_reg[5]
  -------------------------------------------------------------------
                         required time                         -1.567    
                         arrival time                           1.788    
  -------------------------------------------------------------------
                         slack                                  0.220    

Slack (MET) :             0.227ns  (arrival time - required time)
  Source:                 U_SPI_MASTER/half_tick_reg/C
                            (rising edge-triggered cell FDCE clocked by sys_clk_pin  {rise@0.000ns fall@5.000ns period=10.000ns})
  Destination:            U_SPI_MASTER/sclk_r_reg/D
                            (rising edge-triggered cell FDCE clocked by sys_clk_pin  {rise@0.000ns fall@5.000ns period=10.000ns})
  Path Group:             sys_clk_pin
  Path Type:              Hold (Min at Fast Process Corner)
  Requirement:            0.000ns  (sys_clk_pin rise@0.000ns - sys_clk_pin rise@0.000ns)
  Data Path Delay:        0.334ns  (logic 0.186ns (55.627%)  route 0.148ns (44.373%))
  Logic Levels:           1  (LUT6=1)
  Clock Path Skew:        0.015ns (DCD - SCD - CPR)
    Destination Clock Delay (DCD):    1.989ns
    Source Clock Delay      (SCD):    1.476ns
    Clock Pessimism Removal (CPR):    0.498ns

    Location             Delay type                Incr(ns)  Path(ns)    Netlist Resource(s)
  -------------------------------------------------------------------    -------------------
                         (clock sys_clk_pin rise edge)
                                                      0.000     0.000 r  
    W5                                                0.000     0.000 r  clk (IN)
                         net (fo=0)                   0.000     0.000    clk
    W5                   IBUF (Prop_ibuf_I_O)         0.226     0.226 r  clk_IBUF_inst/O
                         net (fo=1, routed)           0.631     0.858    clk_IBUF
    BUFGCTRL_X0Y0        BUFG (Prop_bufg_I_O)         0.026     0.884 r  clk_IBUF_BUFG_inst/O
                         net (fo=56, routed)          0.593     1.476    U_SPI_MASTER/CLK
    SLICE_X61Y97         FDCE                                         r  U_SPI_MASTER/half_tick_reg/C
  -------------------------------------------------------------------    -------------------
    SLICE_X61Y97         FDCE (Prop_fdce_C_Q)         0.141     1.617 r  U_SPI_MASTER/half_tick_reg/Q
                         net (fo=6, routed)           0.148     1.766    U_SPI_MASTER/half_tick
    SLICE_X61Y96         LUT6 (Prop_lut6_I4_O)        0.045     1.811 r  U_SPI_MASTER/sclk_r_i_1/O
                         net (fo=1, routed)           0.000     1.811    U_SPI_MASTER/sclk_r_i_1_n_0
    SLICE_X61Y96         FDCE                                         r  U_SPI_MASTER/sclk_r_reg/D
  -------------------------------------------------------------------    -------------------

                         (clock sys_clk_pin rise edge)
                                                      0.000     0.000 r  
    W5                                                0.000     0.000 r  clk (IN)
                         net (fo=0)                   0.000     0.000    clk
    W5                   IBUF (Prop_ibuf_I_O)         0.414     0.414 r  clk_IBUF_inst/O
                         net (fo=1, routed)           0.685     1.099    clk_IBUF
    BUFGCTRL_X0Y0        BUFG (Prop_bufg_I_O)         0.029     1.128 r  clk_IBUF_BUFG_inst/O
                         net (fo=56, routed)          0.861     1.989    U_SPI_MASTER/CLK
    SLICE_X61Y96         FDCE                                         r  U_SPI_MASTER/sclk_r_reg/C
                         clock pessimism             -0.498     1.491    
    SLICE_X61Y96         FDCE (Hold_fdce_C_D)         0.092     1.583    U_SPI_MASTER/sclk_r_reg
  -------------------------------------------------------------------
                         required time                         -1.583    
                         arrival time                           1.811    
  -------------------------------------------------------------------
                         slack                                  0.227    

Slack (MET) :             0.244ns  (arrival time - required time)
  Source:                 U_SPI_MASTER/div_cnt_reg[2]/C
                            (rising edge-triggered cell FDCE clocked by sys_clk_pin  {rise@0.000ns fall@5.000ns period=10.000ns})
  Destination:            U_SPI_MASTER/div_cnt_reg[3]/D
                            (rising edge-triggered cell FDCE clocked by sys_clk_pin  {rise@0.000ns fall@5.000ns period=10.000ns})
  Path Group:             sys_clk_pin
  Path Type:              Hold (Min at Fast Process Corner)
  Requirement:            0.000ns  (sys_clk_pin rise@0.000ns - sys_clk_pin rise@0.000ns)
  Data Path Delay:        0.351ns  (logic 0.183ns (52.101%)  route 0.168ns (47.899%))
  Logic Levels:           1  (LUT4=1)
  Clock Path Skew:        0.000ns (DCD - SCD - CPR)
    Destination Clock Delay (DCD):    1.990ns
    Source Clock Delay      (SCD):    1.476ns
    Clock Pessimism Removal (CPR):    0.514ns

    Location             Delay type                Incr(ns)  Path(ns)    Netlist Resource(s)
  -------------------------------------------------------------------    -------------------
                         (clock sys_clk_pin rise edge)
                                                      0.000     0.000 r  
    W5                                                0.000     0.000 r  clk (IN)
                         net (fo=0)                   0.000     0.000    clk
    W5                   IBUF (Prop_ibuf_I_O)         0.226     0.226 r  clk_IBUF_inst/O
                         net (fo=1, routed)           0.631     0.858    clk_IBUF
    BUFGCTRL_X0Y0        BUFG (Prop_bufg_I_O)         0.026     0.884 r  clk_IBUF_BUFG_inst/O
                         net (fo=56, routed)          0.593     1.476    U_SPI_MASTER/CLK
    SLICE_X61Y97         FDCE                                         r  U_SPI_MASTER/div_cnt_reg[2]/C
  -------------------------------------------------------------------    -------------------
    SLICE_X61Y97         FDCE (Prop_fdce_C_Q)         0.141     1.617 r  U_SPI_MASTER/div_cnt_reg[2]/Q
                         net (fo=6, routed)           0.168     1.785    U_SPI_MASTER/div_cnt_reg[2]
    SLICE_X61Y97         LUT4 (Prop_lut4_I3_O)        0.042     1.827 r  U_SPI_MASTER/div_cnt[3]_i_1/O
                         net (fo=1, routed)           0.000     1.827    U_SPI_MASTER/p_0_in__1[3]
    SLICE_X61Y97         FDCE                                         r  U_SPI_MASTER/div_cnt_reg[3]/D
  -------------------------------------------------------------------    -------------------

                         (clock sys_clk_pin rise edge)
                                                      0.000     0.000 r  
    W5                                                0.000     0.000 r  clk (IN)
                         net (fo=0)                   0.000     0.000    clk
    W5                   IBUF (Prop_ibuf_I_O)         0.414     0.414 r  clk_IBUF_inst/O
                         net (fo=1, routed)           0.685     1.099    clk_IBUF
    BUFGCTRL_X0Y0        BUFG (Prop_bufg_I_O)         0.029     1.128 r  clk_IBUF_BUFG_inst/O
                         net (fo=56, routed)          0.863     1.990    U_SPI_MASTER/CLK
    SLICE_X61Y97         FDCE                                         r  U_SPI_MASTER/div_cnt_reg[3]/C
                         clock pessimism             -0.514     1.476    
    SLICE_X61Y97         FDCE (Hold_fdce_C_D)         0.107     1.583    U_SPI_MASTER/div_cnt_reg[3]
  -------------------------------------------------------------------
                         required time                         -1.583    
                         arrival time                           1.827    
  -------------------------------------------------------------------
                         slack                                  0.244    

Slack (MET) :             0.246ns  (arrival time - required time)
  Source:                 U_SPI_MASTER/tx_shift_reg_reg[0]/C
                            (rising edge-triggered cell FDCE clocked by sys_clk_pin  {rise@0.000ns fall@5.000ns period=10.000ns})
  Destination:            U_SPI_MASTER/tx_shift_reg_reg[1]/D
                            (rising edge-triggered cell FDCE clocked by sys_clk_pin  {rise@0.000ns fall@5.000ns period=10.000ns})
  Path Group:             sys_clk_pin
  Path Type:              Hold (Min at Fast Process Corner)
  Requirement:            0.000ns  (sys_clk_pin rise@0.000ns - sys_clk_pin rise@0.000ns)
  Data Path Delay:        0.380ns  (logic 0.186ns (48.934%)  route 0.194ns (51.066%))
  Logic Levels:           1  (LUT5=1)
  Clock Path Skew:        0.013ns (DCD - SCD - CPR)
    Destination Clock Delay (DCD):    1.988ns
    Source Clock Delay      (SCD):    1.474ns
    Clock Pessimism Removal (CPR):    0.501ns

    Location             Delay type                Incr(ns)  Path(ns)    Netlist Resource(s)
  -------------------------------------------------------------------    -------------------
                         (clock sys_clk_pin rise edge)
                                                      0.000     0.000 r  
    W5                                                0.000     0.000 r  clk (IN)
                         net (fo=0)                   0.000     0.000    clk
    W5                   IBUF (Prop_ibuf_I_O)         0.226     0.226 r  clk_IBUF_inst/O
                         net (fo=1, routed)           0.631     0.858    clk_IBUF
    BUFGCTRL_X0Y0        BUFG (Prop_bufg_I_O)         0.026     0.884 r  clk_IBUF_BUFG_inst/O
                         net (fo=56, routed)          0.591     1.474    U_SPI_MASTER/CLK
    SLICE_X61Y92         FDCE                                         r  U_SPI_MASTER/tx_shift_reg_reg[0]/C
  -------------------------------------------------------------------    -------------------
    SLICE_X61Y92         FDCE (Prop_fdce_C_Q)         0.141     1.615 r  U_SPI_MASTER/tx_shift_reg_reg[0]/Q
                         net (fo=1, routed)           0.194     1.809    U_SPI_MASTER/in14[1]
    SLICE_X60Y92         LUT5 (Prop_lut5_I4_O)        0.045     1.854 r  U_SPI_MASTER/tx_shift_reg[1]_i_1/O
                         net (fo=1, routed)           0.000     1.854    U_SPI_MASTER/tx_shift_reg[1]_i_1_n_0
    SLICE_X60Y92         FDCE                                         r  U_SPI_MASTER/tx_shift_reg_reg[1]/D
  -------------------------------------------------------------------    -------------------

                         (clock sys_clk_pin rise edge)
                                                      0.000     0.000 r  
    W5                                                0.000     0.000 r  clk (IN)
                         net (fo=0)                   0.000     0.000    clk
    W5                   IBUF (Prop_ibuf_I_O)         0.414     0.414 r  clk_IBUF_inst/O
                         net (fo=1, routed)           0.685     1.099    clk_IBUF
    BUFGCTRL_X0Y0        BUFG (Prop_bufg_I_O)         0.029     1.128 r  clk_IBUF_BUFG_inst/O
                         net (fo=56, routed)          0.860     1.988    U_SPI_MASTER/CLK
    SLICE_X60Y92         FDCE                                         r  U_SPI_MASTER/tx_shift_reg_reg[1]/C
                         clock pessimism             -0.501     1.487    
    SLICE_X60Y92         FDCE (Hold_fdce_C_D)         0.121     1.608    U_SPI_MASTER/tx_shift_reg_reg[1]
  -------------------------------------------------------------------
                         required time                         -1.608    
                         arrival time                           1.854    
  -------------------------------------------------------------------
                         slack                                  0.246    

Slack (MET) :             0.246ns  (arrival time - required time)
  Source:                 U_SPI_MASTER/rx_shift_reg_reg[6]/C
                            (rising edge-triggered cell FDCE clocked by sys_clk_pin  {rise@0.000ns fall@5.000ns period=10.000ns})
  Destination:            U_SPI_MASTER/rx_shift_reg_reg[7]/D
                            (rising edge-triggered cell FDCE clocked by sys_clk_pin  {rise@0.000ns fall@5.000ns period=10.000ns})
  Path Group:             sys_clk_pin
  Path Type:              Hold (Min at Fast Process Corner)
  Requirement:            0.000ns  (sys_clk_pin rise@0.000ns - sys_clk_pin rise@0.000ns)
  Data Path Delay:        0.353ns  (logic 0.183ns (51.797%)  route 0.170ns (48.203%))
  Logic Levels:           1  (LUT3=1)
  Clock Path Skew:        0.000ns (DCD - SCD - CPR)
    Destination Clock Delay (DCD):    1.989ns
    Source Clock Delay      (SCD):    1.475ns
    Clock Pessimism Removal (CPR):    0.514ns

    Location             Delay type                Incr(ns)  Path(ns)    Netlist Resource(s)
  -------------------------------------------------------------------    -------------------
                         (clock sys_clk_pin rise edge)
                                                      0.000     0.000 r  
    W5                                                0.000     0.000 r  clk (IN)
                         net (fo=0)                   0.000     0.000    clk
    W5                   IBUF (Prop_ibuf_I_O)         0.226     0.226 r  clk_IBUF_inst/O
                         net (fo=1, routed)           0.631     0.858    clk_IBUF
    BUFGCTRL_X0Y0        BUFG (Prop_bufg_I_O)         0.026     0.884 r  clk_IBUF_BUFG_inst/O
                         net (fo=56, routed)          0.592     1.475    U_SPI_MASTER/CLK
    SLICE_X61Y94         FDCE                                         r  U_SPI_MASTER/rx_shift_reg_reg[6]/C
  -------------------------------------------------------------------    -------------------
    SLICE_X61Y94         FDCE (Prop_fdce_C_Q)         0.141     1.616 r  U_SPI_MASTER/rx_shift_reg_reg[6]/Q
                         net (fo=3, routed)           0.170     1.787    U_SPI_MASTER/p_0_in[7]
    SLICE_X61Y94         LUT3 (Prop_lut3_I2_O)        0.042     1.829 r  U_SPI_MASTER/rx_shift_reg[7]_i_1/O
                         net (fo=1, routed)           0.000     1.829    U_SPI_MASTER/p_0_in__0[7]
    SLICE_X61Y94         FDCE                                         r  U_SPI_MASTER/rx_shift_reg_reg[7]/D
  -------------------------------------------------------------------    -------------------

                         (clock sys_clk_pin rise edge)
                                                      0.000     0.000 r  
    W5                                                0.000     0.000 r  clk (IN)
                         net (fo=0)                   0.000     0.000    clk
    W5                   IBUF (Prop_ibuf_I_O)         0.414     0.414 r  clk_IBUF_inst/O
                         net (fo=1, routed)           0.685     1.099    clk_IBUF
    BUFGCTRL_X0Y0        BUFG (Prop_bufg_I_O)         0.029     1.128 r  clk_IBUF_BUFG_inst/O
                         net (fo=56, routed)          0.861     1.989    U_SPI_MASTER/CLK
    SLICE_X61Y94         FDCE                                         r  U_SPI_MASTER/rx_shift_reg_reg[7]/C
                         clock pessimism             -0.514     1.475    
    SLICE_X61Y94         FDCE (Hold_fdce_C_D)         0.107     1.582    U_SPI_MASTER/rx_shift_reg_reg[7]
  -------------------------------------------------------------------
                         required time                         -1.582    
                         arrival time                           1.829    
  -------------------------------------------------------------------
                         slack                                  0.246    

Slack (MET) :             0.248ns  (arrival time - required time)
  Source:                 U_BTN_DEBOUNCE/counter_reg_reg[3]/C
                            (rising edge-triggered cell FDCE clocked by sys_clk_pin  {rise@0.000ns fall@5.000ns period=10.000ns})
  Destination:            U_BTN_DEBOUNCE/counter_reg_reg[6]/D
                            (rising edge-triggered cell FDCE clocked by sys_clk_pin  {rise@0.000ns fall@5.000ns period=10.000ns})
  Path Group:             sys_clk_pin
  Path Type:              Hold (Min at Fast Process Corner)
  Requirement:            0.000ns  (sys_clk_pin rise@0.000ns - sys_clk_pin rise@0.000ns)
  Data Path Delay:        0.381ns  (logic 0.186ns (48.880%)  route 0.195ns (51.120%))
  Logic Levels:           1  (LUT6=1)
  Clock Path Skew:        0.013ns (DCD - SCD - CPR)
    Destination Clock Delay (DCD):    1.990ns
    Source Clock Delay      (SCD):    1.476ns
    Clock Pessimism Removal (CPR):    0.501ns

    Location             Delay type                Incr(ns)  Path(ns)    Netlist Resource(s)
  -------------------------------------------------------------------    -------------------
                         (clock sys_clk_pin rise edge)
                                                      0.000     0.000 r  
    W5                                                0.000     0.000 r  clk (IN)
                         net (fo=0)                   0.000     0.000    clk
    W5                   IBUF (Prop_ibuf_I_O)         0.226     0.226 r  clk_IBUF_inst/O
                         net (fo=1, routed)           0.631     0.858    clk_IBUF
    BUFGCTRL_X0Y0        BUFG (Prop_bufg_I_O)         0.026     0.884 r  clk_IBUF_BUFG_inst/O
                         net (fo=56, routed)          0.593     1.476    U_BTN_DEBOUNCE/CLK
    SLICE_X61Y98         FDCE                                         r  U_BTN_DEBOUNCE/counter_reg_reg[3]/C
  -------------------------------------------------------------------    -------------------
    SLICE_X61Y98         FDCE (Prop_fdce_C_Q)         0.141     1.617 r  U_BTN_DEBOUNCE/counter_reg_reg[3]/Q
                         net (fo=9, routed)           0.195     1.812    U_BTN_DEBOUNCE/counter_reg[3]
    SLICE_X60Y98         LUT6 (Prop_lut6_I1_O)        0.045     1.857 r  U_BTN_DEBOUNCE/counter_reg[6]_i_1/O
                         net (fo=1, routed)           0.000     1.857    U_BTN_DEBOUNCE/counter_reg_0[6]
    SLICE_X60Y98         FDCE                                         r  U_BTN_DEBOUNCE/counter_reg_reg[6]/D
  -------------------------------------------------------------------    -------------------

                         (clock sys_clk_pin rise edge)
                                                      0.000     0.000 r  
    W5                                                0.000     0.000 r  clk (IN)
                         net (fo=0)                   0.000     0.000    clk
    W5                   IBUF (Prop_ibuf_I_O)         0.414     0.414 r  clk_IBUF_inst/O
                         net (fo=1, routed)           0.685     1.099    clk_IBUF
    BUFGCTRL_X0Y0        BUFG (Prop_bufg_I_O)         0.029     1.128 r  clk_IBUF_BUFG_inst/O
                         net (fo=56, routed)          0.863     1.990    U_BTN_DEBOUNCE/CLK
    SLICE_X60Y98         FDCE                                         r  U_BTN_DEBOUNCE/counter_reg_reg[6]/C
                         clock pessimism             -0.501     1.489    
    SLICE_X60Y98         FDCE (Hold_fdce_C_D)         0.120     1.609    U_BTN_DEBOUNCE/counter_reg_reg[6]
  -------------------------------------------------------------------
                         required time                         -1.609    
                         arrival time                           1.857    
  -------------------------------------------------------------------
                         slack                                  0.248    

Slack (MET) :             0.250ns  (arrival time - required time)
  Source:                 U_SPI_MASTER/rx_shift_reg_reg[3]/C
                            (rising edge-triggered cell FDCE clocked by sys_clk_pin  {rise@0.000ns fall@5.000ns period=10.000ns})
  Destination:            U_SPI_MASTER/rx_shift_reg_reg[4]/D
                            (rising edge-triggered cell FDCE clocked by sys_clk_pin  {rise@0.000ns fall@5.000ns period=10.000ns})
  Path Group:             sys_clk_pin
  Path Type:              Hold (Min at Fast Process Corner)
  Requirement:            0.000ns  (sys_clk_pin rise@0.000ns - sys_clk_pin rise@0.000ns)
  Data Path Delay:        0.342ns  (logic 0.226ns (66.090%)  route 0.116ns (33.910%))
  Logic Levels:           1  (LUT3=1)
  Clock Path Skew:        0.000ns (DCD - SCD - CPR)
    Destination Clock Delay (DCD):    1.989ns
    Source Clock Delay      (SCD):    1.475ns
    Clock Pessimism Removal (CPR):    0.514ns

    Location             Delay type                Incr(ns)  Path(ns)    Netlist Resource(s)
  -------------------------------------------------------------------    -------------------
                         (clock sys_clk_pin rise edge)
                                                      0.000     0.000 r  
    W5                                                0.000     0.000 r  clk (IN)
                         net (fo=0)                   0.000     0.000    clk
    W5                   IBUF (Prop_ibuf_I_O)         0.226     0.226 r  clk_IBUF_inst/O
                         net (fo=1, routed)           0.631     0.858    clk_IBUF
    BUFGCTRL_X0Y0        BUFG (Prop_bufg_I_O)         0.026     0.884 r  clk_IBUF_BUFG_inst/O
                         net (fo=56, routed)          0.592     1.475    U_SPI_MASTER/CLK
    SLICE_X61Y94         FDCE                                         r  U_SPI_MASTER/rx_shift_reg_reg[3]/C
  -------------------------------------------------------------------    -------------------
    SLICE_X61Y94         FDCE (Prop_fdce_C_Q)         0.128     1.603 r  U_SPI_MASTER/rx_shift_reg_reg[3]/Q
                         net (fo=3, routed)           0.116     1.719    U_SPI_MASTER/p_0_in[4]
    SLICE_X61Y94         LUT3 (Prop_lut3_I2_O)        0.098     1.817 r  U_SPI_MASTER/rx_shift_reg[4]_i_1/O
                         net (fo=1, routed)           0.000     1.817    U_SPI_MASTER/p_0_in__0[4]
    SLICE_X61Y94         FDCE                                         r  U_SPI_MASTER/rx_shift_reg_reg[4]/D
  -------------------------------------------------------------------    -------------------

                         (clock sys_clk_pin rise edge)
                                                      0.000     0.000 r  
    W5                                                0.000     0.000 r  clk (IN)
                         net (fo=0)                   0.000     0.000    clk
    W5                   IBUF (Prop_ibuf_I_O)         0.414     0.414 r  clk_IBUF_inst/O
                         net (fo=1, routed)           0.685     1.099    clk_IBUF
    BUFGCTRL_X0Y0        BUFG (Prop_bufg_I_O)         0.029     1.128 r  clk_IBUF_BUFG_inst/O
                         net (fo=56, routed)          0.861     1.989    U_SPI_MASTER/CLK
    SLICE_X61Y94         FDCE                                         r  U_SPI_MASTER/rx_shift_reg_reg[4]/C
                         clock pessimism             -0.514     1.475    
    SLICE_X61Y94         FDCE (Hold_fdce_C_D)         0.092     1.567    U_SPI_MASTER/rx_shift_reg_reg[4]
  -------------------------------------------------------------------
                         required time                         -1.567    
                         arrival time                           1.817    
  -------------------------------------------------------------------
                         slack                                  0.250    





Pulse Width Checks
--------------------------------------------------------------------------------------
Clock Name:         sys_clk_pin
Waveform(ns):       { 0.000 5.000 }
Period(ns):         10.000
Sources:            { clk }

Check Type        Corner  Lib Pin  Reference Pin  Required(ns)  Actual(ns)  Slack(ns)  Location       Pin
Min Period        n/a     BUFG/I   n/a            2.155         10.000      7.845      BUFGCTRL_X0Y0  clk_IBUF_BUFG_inst/I
Min Period        n/a     FDCE/C   n/a            1.000         10.000      9.000      SLICE_X59Y98   U_BTN_DEBOUNCE/clk_100khz_reg_reg/C
Min Period        n/a     FDCE/C   n/a            1.000         10.000      9.000      SLICE_X62Y98   U_BTN_DEBOUNCE/counter_reg_reg[0]/C
Min Period        n/a     FDCE/C   n/a            1.000         10.000      9.000      SLICE_X62Y98   U_BTN_DEBOUNCE/counter_reg_reg[1]/C
Min Period        n/a     FDCE/C   n/a            1.000         10.000      9.000      SLICE_X60Y98   U_BTN_DEBOUNCE/counter_reg_reg[2]/C
Min Period        n/a     FDCE/C   n/a            1.000         10.000      9.000      SLICE_X61Y98   U_BTN_DEBOUNCE/counter_reg_reg[3]/C
Min Period        n/a     FDCE/C   n/a            1.000         10.000      9.000      SLICE_X61Y98   U_BTN_DEBOUNCE/counter_reg_reg[4]/C
Min Period        n/a     FDCE/C   n/a            1.000         10.000      9.000      SLICE_X61Y98   U_BTN_DEBOUNCE/counter_reg_reg[5]/C
Min Period        n/a     FDCE/C   n/a            1.000         10.000      9.000      SLICE_X60Y98   U_BTN_DEBOUNCE/counter_reg_reg[6]/C
Min Period        n/a     FDCE/C   n/a            1.000         10.000      9.000      SLICE_X60Y98   U_BTN_DEBOUNCE/counter_reg_reg[7]/C
Low Pulse Width   Slow    FDCE/C   n/a            0.500         5.000       4.500      SLICE_X59Y98   U_BTN_DEBOUNCE/clk_100khz_reg_reg/C
Low Pulse Width   Slow    FDCE/C   n/a            0.500         5.000       4.500      SLICE_X62Y98   U_BTN_DEBOUNCE/counter_reg_reg[0]/C
Low Pulse Width   Slow    FDCE/C   n/a            0.500         5.000       4.500      SLICE_X62Y98   U_BTN_DEBOUNCE/counter_reg_reg[1]/C
Low Pulse Width   Slow    FDCE/C   n/a            0.500         5.000       4.500      SLICE_X60Y98   U_BTN_DEBOUNCE/counter_reg_reg[2]/C
Low Pulse Width   Slow    FDCE/C   n/a            0.500         5.000       4.500      SLICE_X61Y98   U_BTN_DEBOUNCE/counter_reg_reg[3]/C
Low Pulse Width   Slow    FDCE/C   n/a            0.500         5.000       4.500      SLICE_X61Y98   U_BTN_DEBOUNCE/counter_reg_reg[4]/C
Low Pulse Width   Slow    FDCE/C   n/a            0.500         5.000       4.500      SLICE_X61Y98   U_BTN_DEBOUNCE/counter_reg_reg[5]/C
Low Pulse Width   Slow    FDCE/C   n/a            0.500         5.000       4.500      SLICE_X60Y98   U_BTN_DEBOUNCE/counter_reg_reg[6]/C
Low Pulse Width   Slow    FDCE/C   n/a            0.500         5.000       4.500      SLICE_X60Y98   U_BTN_DEBOUNCE/counter_reg_reg[7]/C
Low Pulse Width   Slow    FDCE/C   n/a            0.500         5.000       4.500      SLICE_X59Y98   U_BTN_DEBOUNCE/counter_reg_reg[8]/C
High Pulse Width  Slow    FDPE/C   n/a            0.500         5.000       4.500      SLICE_X62Y96   U_SPI_MASTER/FSM_onehot_state_reg[0]/C
High Pulse Width  Slow    FDCE/C   n/a            0.500         5.000       4.500      SLICE_X62Y96   U_SPI_MASTER/FSM_onehot_state_reg[1]/C
High Pulse Width  Slow    FDCE/C   n/a            0.500         5.000       4.500      SLICE_X62Y96   U_SPI_MASTER/FSM_onehot_state_reg[2]/C
High Pulse Width  Slow    FDCE/C   n/a            0.500         5.000       4.500      SLICE_X62Y96   U_SPI_MASTER/FSM_onehot_state_reg[3]/C
High Pulse Width  Slow    FDCE/C   n/a            0.500         5.000       4.500      SLICE_X63Y96   U_SPI_MASTER/bit_cnt_reg[0]/C
High Pulse Width  Slow    FDCE/C   n/a            0.500         5.000       4.500      SLICE_X63Y96   U_SPI_MASTER/bit_cnt_reg[1]/C
High Pulse Width  Slow    FDCE/C   n/a            0.500         5.000       4.500      SLICE_X63Y96   U_SPI_MASTER/bit_cnt_reg[2]/C
High Pulse Width  Slow    FDPE/C   n/a            0.500         5.000       4.500      SLICE_X60Y96   U_SPI_MASTER/cs_n_reg/C
High Pulse Width  Slow    FDPE/C   n/a            0.500         5.000       4.500      SLICE_X62Y95   U_SPI_MASTER/mosi_reg/C
High Pulse Width  Slow    FDCE/C   n/a            0.500         5.000       4.500      SLICE_X60Y94   U_SPI_MASTER/rx_data_reg[0]/C



