Copyright 1986-2020 Xilinx, Inc. All Rights Reserved.
---------------------------------------------------------------------------------------
| Tool Version : Vivado v.2020.2 (win64) Build 3064766 Wed Nov 18 09:12:45 MST 2020
| Date         : Mon Mar 30 09:09:34 2026
| Host         : DESKTOP-7CFQ9ND running 64-bit major release  (build 9200)
| Command      : report_control_sets -verbose -file Top_module_control_sets_placed.rpt
| Design       : Top_module
| Device       : xc7a35t
---------------------------------------------------------------------------------------

Control Set Information

Table of Contents
-----------------
1. Summary
2. Histogram
3. Flip-Flop Distribution
4. Detailed Control Set Information

1. Summary
----------

+----------------------------------------------------------+-------+
|                          Status                          | Count |
+----------------------------------------------------------+-------+
| Total control sets                                       |    30 |
|    Minimum number of control sets                        |    30 |
|    Addition due to synthesis replication                 |     0 |
|    Addition due to physical synthesis replication        |     0 |
| Unused register locations in slices containing registers |    42 |
+----------------------------------------------------------+-------+
* Control sets can be merged at opt_design using control_set_merge or merge_equivalent_drivers
** Run report_qor_suggestions for automated merging and remapping suggestions


2. Histogram
------------

+--------------------+-------+
|       Fanout       | Count |
+--------------------+-------+
| Total control sets |    30 |
| >= 0 to < 4        |     1 |
| >= 4 to < 6        |     5 |
| >= 6 to < 8        |     2 |
| >= 8 to < 10       |     3 |
| >= 10 to < 12      |     1 |
| >= 12 to < 14      |     0 |
| >= 14 to < 16      |     0 |
| >= 16              |    18 |
+--------------------+-------+
* Control sets can be remapped at either synth_design or opt_design


3. Flip-Flop Distribution
-------------------------

+--------------+-----------------------+------------------------+-----------------+--------------+
| Clock Enable | Synchronous Set/Reset | Asynchronous Set/Reset | Total Registers | Total Slices |
+--------------+-----------------------+------------------------+-----------------+--------------+
| No           | No                    | No                     |              10 |            4 |
| No           | No                    | Yes                    |              46 |           14 |
| No           | Yes                   | No                     |               0 |            0 |
| Yes          | No                    | No                     |              68 |           29 |
| Yes          | No                    | Yes                    |             246 |           89 |
| Yes          | Yes                   | No                     |             228 |          118 |
+--------------+-----------------------+------------------------+-----------------+--------------+


4. Detailed Control Set Information
-----------------------------------

+----------------+------------------------------------------------------------+------------------+------------------+----------------+--------------+
|  Clock Signal  |                        Enable Signal                       | Set/Reset Signal | Slice Load Count | Bel Load Count | Bels / Slice |
+----------------+------------------------------------------------------------+------------------+------------------+----------------+--------------+
|  clk_IBUF_BUFG | U_APB/U_UART/U_UART_CORE/U_UART/U_TX/n_tx_out              | rst_IBUF         |                1 |              1 |         1.00 |
|  clk_IBUF_BUFG | U_APB/U_UART/U_UART_CORE/U_UART/U_RX/n_baud_cnt            | rst_IBUF         |                1 |              4 |         4.00 |
|  clk_IBUF_BUFG | U_APB/U_UART/U_UART_CORE/U_UART/U_TX/n_baud_cnt            | rst_IBUF         |                1 |              4 |         4.00 |
|  clk_IBUF_BUFG | U_CPU/U_CONTROL/FSM_sequential_state_q[3]_i_1_n_0          | rst_IBUF         |                2 |              4 |         2.00 |
|  clk_IBUF_BUFG | U_APB/U_UART/U_UART_CORE/U_TX_FIFO/U_FIFO_CNTL/E[0]        | rst_IBUF         |                1 |              5 |         5.00 |
|  clk_IBUF_BUFG | U_APB/U_APB_MASTER/u_bridge/req_write_q_reg_1[0]           | rst_IBUF         |                1 |              5 |         5.00 |
|  clk_IBUF_BUFG | U_APB/U_UART/U_UART_CORE/U_UART/U_RX/E[0]                  | rst_IBUF         |                2 |              6 |         3.00 |
|  clk_IBUF_BUFG | U_APB/U_APB_MASTER/u_bridge/req_write_q_reg_2[0]           | rst_IBUF         |                2 |              6 |         3.00 |
|  clk_IBUF_BUFG | U_APB/U_UART/U_UART_CORE/U_UART/U_RX/n_rx_buf              | rst_IBUF         |                1 |              8 |         8.00 |
|  clk_IBUF_BUFG | U_APB/U_UART/U_UART_CORE/U_UART/U_TX/n_tx_buf              | rst_IBUF         |                2 |              8 |         4.00 |
|  clk_IBUF_BUFG | U_APB/U_APB_MASTER/u_bridge/req_addr_q_reg[3]_2[0]         | rst_IBUF         |                3 |              8 |         2.67 |
|  clk_IBUF_BUFG |                                                            |                  |                4 |             10 |         2.50 |
|  clk_IBUF_BUFG | U_APB/U_UART/U_UART_CORE/U_UART/U_RX/E[0]                  |                  |                2 |             16 |         8.00 |
|  clk_IBUF_BUFG | U_APB/U_APB_MASTER/u_bridge/GPO_CTL_REG                    | rst_IBUF         |                5 |             16 |         3.20 |
|  clk_IBUF_BUFG | U_APB/U_APB_MASTER/u_bridge/GPIO_CTL_REG                   | rst_IBUF         |                7 |             16 |         2.29 |
|  clk_IBUF_BUFG | U_APB/U_APB_MASTER/u_bridge/FSM_onehot_state_q_reg[2]_1[0] | rst_IBUF         |                8 |             16 |         2.00 |
|  clk_IBUF_BUFG | U_APB/U_APB_MASTER/u_bridge/FSM_onehot_state_q_reg[2]_2[0] | rst_IBUF         |                8 |             16 |         2.00 |
|  clk_IBUF_BUFG | U_APB/U_APB_MASTER/u_bridge/req_addr_q_reg[3]_1[0]         | rst_IBUF         |                8 |             16 |         2.00 |
|  clk_IBUF_BUFG | U_APB/U_APB_MASTER/u_bridge/req_write_q_reg_1[0]           |                  |                2 |             16 |         8.00 |
|  clk_IBUF_BUFG | U_APB/U_APB_MASTER/u_bridge/psel_q_reg[1]_0[0]             | rst_IBUF         |               11 |             32 |         2.91 |
|  clk_IBUF_BUFG | U_APB/U_APB_MASTER/u_bridge/req_write_q_reg_0[0]           | rst_IBUF         |               12 |             32 |         2.67 |
|  clk_IBUF_BUFG | U_CPU/U_CONTROL/FSM_sequential_state_q_reg[3]_1[0]         | rst_IBUF         |               12 |             32 |         2.67 |
|  clk_IBUF_BUFG | U_CPU/U_CONTROL/FSM_sequential_state_q_reg[1]_7[0]         | rst_IBUF         |               26 |             32 |         1.23 |
|  clk_IBUF_BUFG | U_CPU/U_CONTROL/FSM_sequential_state_q_reg[2]_1[0]         | rst_IBUF         |               23 |             32 |         1.39 |
|  clk_IBUF_BUFG |                                                            | rst_IBUF         |               14 |             46 |         3.29 |
|  clk_IBUF_BUFG | U_MEMORY_CONTROLLER/FSM_onehot_state_q_reg[0][0]           | rst_IBUF         |               15 |             47 |         3.13 |
|  clk_IBUF_BUFG | U_CPU/U_CONTROL/E[0]                                       | rst_IBUF         |               30 |             64 |         2.13 |
|  clk_IBUF_BUFG | U_CPU/U_CONTROL/w_alu_src_a_sel[0]                         | rst_IBUF         |               25 |             64 |         2.56 |
|  clk_IBUF_BUFG | U_CPU/U_CONTROL/FSM_sequential_state_q_reg[0]_0[0]         |                  |               29 |             68 |         2.34 |
|  clk_IBUF_BUFG | U_CPU/U_CONTROL/p_0_in4_out                                |                  |               12 |             96 |         8.00 |
+----------------+------------------------------------------------------------+------------------+------------------+----------------+--------------+


