Copyright 1986-2020 Xilinx, Inc. All Rights Reserved.
------------------------------------------------------------------------------------------------
| Tool Version : Vivado v.2020.2 (win64) Build 3064766 Wed Nov 18 09:12:45 MST 2020
| Date         : Mon Feb  2 16:52:23 2026
| Host         : DESKTOP-7CFQ9ND running 64-bit major release  (build 9200)
| Command      : report_control_sets -verbose -file top_stopwatch_watch_control_sets_placed.rpt
| Design       : top_stopwatch_watch
| Device       : xc7a35t
------------------------------------------------------------------------------------------------

Control Set Information

Table of Contents
-----------------
1. Summary
2. Histogram
3. Flip-Flop Distribution
4. Detailed Control Set Information

1. Summary
----------

+----------------------------------------------------------+-------+
|                          Status                          | Count |
+----------------------------------------------------------+-------+
| Total control sets                                       |    15 |
|    Minimum number of control sets                        |    15 |
|    Addition due to synthesis replication                 |     0 |
|    Addition due to physical synthesis replication        |     0 |
| Unused register locations in slices containing registers |    24 |
+----------------------------------------------------------+-------+
* Control sets can be merged at opt_design using control_set_merge or merge_equivalent_drivers
** Run report_qor_suggestions for automated merging and remapping suggestions


2. Histogram
------------

+--------------------+-------+
|       Fanout       | Count |
+--------------------+-------+
| Total control sets |    15 |
| >= 0 to < 4        |     1 |
| >= 4 to < 6        |     2 |
| >= 6 to < 8        |     6 |
| >= 8 to < 10       |     4 |
| >= 10 to < 12      |     0 |
| >= 12 to < 14      |     0 |
| >= 14 to < 16      |     0 |
| >= 16              |     2 |
+--------------------+-------+
* Control sets can be remapped at either synth_design or opt_design


3. Flip-Flop Distribution
-------------------------

+--------------+-----------------------+------------------------+-----------------+--------------+
| Clock Enable | Synchronous Set/Reset | Asynchronous Set/Reset | Total Registers | Total Slices |
+--------------+-----------------------+------------------------+-----------------+--------------+
| No           | No                    | No                     |               0 |            0 |
| No           | No                    | Yes                    |             131 |           45 |
| No           | Yes                   | No                     |               0 |            0 |
| Yes          | No                    | No                     |               0 |            0 |
| Yes          | No                    | Yes                    |              69 |           34 |
| Yes          | Yes                   | No                     |               0 |            0 |
+--------------+-----------------------+------------------------+-----------------+--------------+


4. Detailed Control Set Information
-----------------------------------

+--------------------------------------+---------------------------------------------------+------------------+------------------+----------------+--------------+
|             Clock Signal             |                   Enable Signal                   | Set/Reset Signal | Slice Load Count | Bel Load Count | Bels / Slice |
+--------------------------------------+---------------------------------------------------+------------------+------------------+----------------+--------------+
|  U_FND_cNTL/U_CLK_DIV/CLK            |                                                   | reset_IBUF       |                2 |              3 |         1.50 |
|  clk_IBUF_BUFG                       | U_STOPWATCH_DATAPATH/min_counter/E[0]             | reset_IBUF       |                2 |              5 |         2.50 |
|  clk_IBUF_BUFG                       | U_WATCH_DATAPATH/w_min_counter/E[0]               | reset_IBUF       |                2 |              5 |         2.50 |
|  clk_IBUF_BUFG                       | U_CONTROL_UNIT/E[0]                               | reset_IBUF       |                5 |              6 |         1.20 |
|  clk_IBUF_BUFG                       | U_CONTROL_UNIT/FSM_onehot_current_st_reg[2]_0[0]  | reset_IBUF       |                3 |              6 |         2.00 |
|  clk_IBUF_BUFG                       | U_WATCH_DATAPATH/w_sec_counter/edge_reg_reg_0[0]  | reset_IBUF       |                4 |              6 |         1.50 |
|  clk_IBUF_BUFG                       | U_WATCH_DATAPATH/w_msec_counter/edge_reg_reg_0[0] | reset_IBUF       |                3 |              6 |         2.00 |
|  clk_IBUF_BUFG                       | U_CONTROL_UNIT/FSM_onehot_current_st_reg[2]_1[0]  | reset_IBUF       |                6 |              7 |         1.17 |
|  clk_IBUF_BUFG                       | U_WATCH_DATAPATH/U_WATCH_TICK/E[0]                | reset_IBUF       |                3 |              7 |         2.33 |
|  U_BD_CLEAR/clk_100khz_reg_reg_n_0   |                                                   | reset_IBUF       |                3 |              8 |         2.67 |
|  U_BD_DOWN/clk_100khz_reg_reg_n_0    |                                                   | reset_IBUF       |                3 |              8 |         2.67 |
|  U_BD_RUNSTOP/clk_100khz_reg_reg_n_0 |                                                   | reset_IBUF       |                2 |              8 |         4.00 |
|  U_BD_UP/clk_100khz_reg_reg_n_0      |                                                   | reset_IBUF       |                3 |              8 |         2.67 |
|  clk_IBUF_BUFG                       | U_CONTROL_UNIT/w_run_stop                         | reset_IBUF       |                6 |             21 |         3.50 |
|  clk_IBUF_BUFG                       |                                                   | reset_IBUF       |               32 |             96 |         3.00 |
+--------------------------------------+---------------------------------------------------+------------------+------------------+----------------+--------------+


