Copyright 1986-2020 Xilinx, Inc. All Rights Reserved.
-----------------------------------------------------------------------------------------------------------------------------------------------------------------------------------------------
| Tool Version : Vivado v.2020.2 (win64) Build 3064766 Wed Nov 18 09:12:45 MST 2020
| Date         : Fri Feb  6 16:26:39 2026
| Host         : DESKTOP-7CFQ9ND running 64-bit major release  (build 9200)
| Command      : report_timing_summary -max_paths 10 -file uart_top_timing_summary_routed.rpt -pb uart_top_timing_summary_routed.pb -rpx uart_top_timing_summary_routed.rpx -warn_on_violation
| Design       : uart_top
| Device       : 7a35t-cpg236
| Speed File   : -1  PRODUCTION 1.23 2018-06-13
-----------------------------------------------------------------------------------------------------------------------------------------------------------------------------------------------

Timing Summary Report

------------------------------------------------------------------------------------------------
| Timer Settings
| --------------
------------------------------------------------------------------------------------------------

  Enable Multi Corner Analysis               :  Yes
  Enable Pessimism Removal                   :  Yes
  Pessimism Removal Resolution               :  Nearest Common Node
  Enable Input Delay Default Clock           :  No
  Enable Preset / Clear Arcs                 :  No
  Disable Flight Delays                      :  No
  Ignore I/O Paths                           :  No
  Timing Early Launch at Borrowing Latches   :  No
  Borrow Time for Max Delay Exceptions       :  Yes
  Merge Timing Exceptions                    :  Yes

  Corner  Analyze    Analyze    
  Name    Max Paths  Min Paths  
  ------  ---------  ---------  
  Slow    Yes        Yes        
  Fast    Yes        Yes        



check_timing report

Table of Contents
-----------------
1. checking no_clock (0)
2. checking constant_clock (0)
3. checking pulse_width_clock (0)
4. checking unconstrained_internal_endpoints (0)
5. checking no_input_delay (2)
6. checking no_output_delay (1)
7. checking multiple_clock (0)
8. checking generated_clocks (0)
9. checking loops (0)
10. checking partial_input_delay (0)
11. checking partial_output_delay (0)
12. checking latch_loops (0)

1. checking no_clock (0)
------------------------
 There are 0 register/latch pins with no clock.


2. checking constant_clock (0)
------------------------------
 There are 0 register/latch pins with constant_clock.


3. checking pulse_width_clock (0)
---------------------------------
 There are 0 register/latch pins which need pulse_width check


4. checking unconstrained_internal_endpoints (0)
------------------------------------------------
 There are 0 pins that are not constrained for maximum delay.

 There are 0 pins that are not constrained for maximum delay due to constant clock.


5. checking no_input_delay (2)
------------------------------
 There are 2 input ports with no input delay specified. (HIGH)

 There are 0 input ports with no input delay but user has a false path constraint.


6. checking no_output_delay (1)
-------------------------------
 There is 1 port with no output delay specified. (HIGH)

 There are 0 ports with no output delay but user has a false path constraint

 There are 0 ports with no output delay but with a timing clock defined on it or propagating through it


7. checking multiple_clock (0)
------------------------------
 There are 0 register/latch pins with multiple clocks.


8. checking generated_clocks (0)
--------------------------------
 There are 0 generated clocks that are not connected to a clock source.


9. checking loops (0)
---------------------
 There are 0 combinational loops in the design.


10. checking partial_input_delay (0)
------------------------------------
 There are 0 input ports with partial input delay specified.


11. checking partial_output_delay (0)
-------------------------------------
 There are 0 ports with partial output delay specified.


12. checking latch_loops (0)
----------------------------
 There are 0 combinational latch loops in the design through latch input



------------------------------------------------------------------------------------------------
| Design Timing Summary
| ---------------------
------------------------------------------------------------------------------------------------

    WNS(ns)      TNS(ns)  TNS Failing Endpoints  TNS Total Endpoints      WHS(ns)      THS(ns)  THS Failing Endpoints  THS Total Endpoints     WPWS(ns)     TPWS(ns)  TPWS Failing Endpoints  TPWS Total Endpoints  
    -------      -------  ---------------------  -------------------      -------      -------  ---------------------  -------------------     --------     --------  ----------------------  --------------------  
      6.160        0.000                      0                   78        0.199        0.000                      0                   78        4.500        0.000                       0                    51  


All user specified timing constraints are met.


------------------------------------------------------------------------------------------------
| Clock Summary
| -------------
------------------------------------------------------------------------------------------------

Clock        Waveform(ns)       Period(ns)      Frequency(MHz)
-----        ------------       ----------      --------------
sys_clk_pin  {0.000 5.000}      10.000          100.000         


------------------------------------------------------------------------------------------------
| Intra Clock Table
| -----------------
------------------------------------------------------------------------------------------------

Clock             WNS(ns)      TNS(ns)  TNS Failing Endpoints  TNS Total Endpoints      WHS(ns)      THS(ns)  THS Failing Endpoints  THS Total Endpoints     WPWS(ns)     TPWS(ns)  TPWS Failing Endpoints  TPWS Total Endpoints  
-----             -------      -------  ---------------------  -------------------      -------      -------  ---------------------  -------------------     --------     --------  ----------------------  --------------------  
sys_clk_pin         6.160        0.000                      0                   78        0.199        0.000                      0                   78        4.500        0.000                       0                    51  


------------------------------------------------------------------------------------------------
| Inter Clock Table
| -----------------
------------------------------------------------------------------------------------------------

From Clock    To Clock          WNS(ns)      TNS(ns)  TNS Failing Endpoints  TNS Total Endpoints      WHS(ns)      THS(ns)  THS Failing Endpoints  THS Total Endpoints  
----------    --------          -------      -------  ---------------------  -------------------      -------      -------  ---------------------  -------------------  


------------------------------------------------------------------------------------------------
| Other Path Groups Table
| -----------------------
------------------------------------------------------------------------------------------------

Path Group    From Clock    To Clock          WNS(ns)      TNS(ns)  TNS Failing Endpoints  TNS Total Endpoints      WHS(ns)      THS(ns)  THS Failing Endpoints  THS Total Endpoints  
----------    ----------    --------          -------      -------  ---------------------  -------------------      -------      -------  ---------------------  -------------------  


------------------------------------------------------------------------------------------------
| Timing Details
| --------------
------------------------------------------------------------------------------------------------


---------------------------------------------------------------------------------------------------
From Clock:  sys_clk_pin
  To Clock:  sys_clk_pin

Setup :            0  Failing Endpoints,  Worst Slack        6.160ns,  Total Violation        0.000ns
Hold  :            0  Failing Endpoints,  Worst Slack        0.199ns,  Total Violation        0.000ns
PW    :            0  Failing Endpoints,  Worst Slack        4.500ns,  Total Violation        0.000ns
---------------------------------------------------------------------------------------------------


Max Delay Paths
--------------------------------------------------------------------------------------
Slack (MET) :             6.160ns  (required time - arrival time)
  Source:                 U_UART_RX/b_tick_cnt_reg_reg[1]/C
                            (rising edge-triggered cell FDCE clocked by sys_clk_pin  {rise@0.000ns fall@5.000ns period=10.000ns})
  Destination:            U_UART_RX/b_tick_cnt_reg_reg[1]/D
                            (rising edge-triggered cell FDCE clocked by sys_clk_pin  {rise@0.000ns fall@5.000ns period=10.000ns})
  Path Group:             sys_clk_pin
  Path Type:              Setup (Max at Slow Process Corner)
  Requirement:            10.000ns  (sys_clk_pin rise@10.000ns - sys_clk_pin rise@0.000ns)
  Data Path Delay:        3.550ns  (logic 1.222ns (34.423%)  route 2.328ns (65.577%))
  Logic Levels:           3  (LUT2=1 LUT3=1 LUT6=1)
  Clock Path Skew:        0.000ns (DCD - SCD + CPR)
    Destination Clock Delay (DCD):    5.023ns = ( 15.023 - 10.000 ) 
    Source Clock Delay      (SCD):    5.329ns
    Clock Pessimism Removal (CPR):    0.306ns
  Clock Uncertainty:      0.035ns  ((TSJ^2 + TIJ^2)^1/2 + DJ) / 2 + PE
    Total System Jitter     (TSJ):    0.071ns
    Total Input Jitter      (TIJ):    0.000ns
    Discrete Jitter          (DJ):    0.000ns
    Phase Error              (PE):    0.000ns

    Location             Delay type                Incr(ns)  Path(ns)    Netlist Resource(s)
  -------------------------------------------------------------------    -------------------
                         (clock sys_clk_pin rise edge)
                                                      0.000     0.000 r  
    W5                                                0.000     0.000 r  clk (IN)
                         net (fo=0)                   0.000     0.000    clk
    W5                   IBUF (Prop_ibuf_I_O)         1.458     1.458 r  clk_IBUF_inst/O
                         net (fo=1, routed)           1.967     3.425    clk_IBUF
    BUFGCTRL_X0Y0        BUFG (Prop_bufg_I_O)         0.096     3.521 r  clk_IBUF_BUFG_inst/O
                         net (fo=50, routed)          1.808     5.329    U_UART_RX/CLK
    SLICE_X5Y104         FDCE                                         r  U_UART_RX/b_tick_cnt_reg_reg[1]/C
  -------------------------------------------------------------------    -------------------
    SLICE_X5Y104         FDCE (Prop_fdce_C_Q)         0.419     5.748 f  U_UART_RX/b_tick_cnt_reg_reg[1]/Q
                         net (fo=6, routed)           0.674     6.422    U_UART_RX/b_tick_cnt_reg[1]
    SLICE_X4Y104         LUT2 (Prop_lut2_I0_O)        0.325     6.747 r  U_UART_RX/b_tick_cnt_reg[4]_i_4/O
                         net (fo=4, routed)           0.470     7.218    U_UART_RX/b_tick_cnt_reg[4]_i_4_n_0
    SLICE_X5Y104         LUT6 (Prop_lut6_I1_O)        0.326     7.544 r  U_UART_RX/b_tick_cnt_reg[1]_i_2/O
                         net (fo=2, routed)           0.678     8.222    U_UART_RX/b_tick_cnt_reg[1]_i_2_n_0
    SLICE_X5Y104         LUT3 (Prop_lut3_I0_O)        0.152     8.374 r  U_UART_RX/b_tick_cnt_reg[1]_i_1/O
                         net (fo=1, routed)           0.506     8.879    U_UART_RX/b_tick_cnt_reg[1]_i_1_n_0
    SLICE_X5Y104         FDCE                                         r  U_UART_RX/b_tick_cnt_reg_reg[1]/D
  -------------------------------------------------------------------    -------------------

                         (clock sys_clk_pin rise edge)
                                                     10.000    10.000 r  
    W5                                                0.000    10.000 r  clk (IN)
                         net (fo=0)                   0.000    10.000    clk
    W5                   IBUF (Prop_ibuf_I_O)         1.388    11.388 r  clk_IBUF_inst/O
                         net (fo=1, routed)           1.862    13.250    clk_IBUF
    BUFGCTRL_X0Y0        BUFG (Prop_bufg_I_O)         0.091    13.341 r  clk_IBUF_BUFG_inst/O
                         net (fo=50, routed)          1.682    15.023    U_UART_RX/CLK
    SLICE_X5Y104         FDCE                                         r  U_UART_RX/b_tick_cnt_reg_reg[1]/C
                         clock pessimism              0.306    15.329    
                         clock uncertainty           -0.035    15.294    
    SLICE_X5Y104         FDCE (Setup_fdce_C_D)       -0.255    15.039    U_UART_RX/b_tick_cnt_reg_reg[1]
  -------------------------------------------------------------------
                         required time                         15.039    
                         arrival time                          -8.879    
  -------------------------------------------------------------------
                         slack                                  6.160    

Slack (MET) :             6.233ns  (required time - arrival time)
  Source:                 U_UART_RX/bit_cnt_reg_reg[0]/C
                            (rising edge-triggered cell FDCE clocked by sys_clk_pin  {rise@0.000ns fall@5.000ns period=10.000ns})
  Destination:            U_UART_RX/FSM_sequential_c_state_reg[1]/D
                            (rising edge-triggered cell FDCE clocked by sys_clk_pin  {rise@0.000ns fall@5.000ns period=10.000ns})
  Path Group:             sys_clk_pin
  Path Type:              Setup (Max at Slow Process Corner)
  Requirement:            10.000ns  (sys_clk_pin rise@10.000ns - sys_clk_pin rise@0.000ns)
  Data Path Delay:        3.754ns  (logic 1.230ns (32.764%)  route 2.524ns (67.236%))
  Logic Levels:           3  (LUT4=2 LUT6=1)
  Clock Path Skew:        -0.025ns (DCD - SCD + CPR)
    Destination Clock Delay (DCD):    5.023ns = ( 15.023 - 10.000 ) 
    Source Clock Delay      (SCD):    5.329ns
    Clock Pessimism Removal (CPR):    0.281ns
  Clock Uncertainty:      0.035ns  ((TSJ^2 + TIJ^2)^1/2 + DJ) / 2 + PE
    Total System Jitter     (TSJ):    0.071ns
    Total Input Jitter      (TIJ):    0.000ns
    Discrete Jitter          (DJ):    0.000ns
    Phase Error              (PE):    0.000ns

    Location             Delay type                Incr(ns)  Path(ns)    Netlist Resource(s)
  -------------------------------------------------------------------    -------------------
                         (clock sys_clk_pin rise edge)
                                                      0.000     0.000 r  
    W5                                                0.000     0.000 r  clk (IN)
                         net (fo=0)                   0.000     0.000    clk
    W5                   IBUF (Prop_ibuf_I_O)         1.458     1.458 r  clk_IBUF_inst/O
                         net (fo=1, routed)           1.967     3.425    clk_IBUF
    BUFGCTRL_X0Y0        BUFG (Prop_bufg_I_O)         0.096     3.521 r  clk_IBUF_BUFG_inst/O
                         net (fo=50, routed)          1.808     5.329    U_UART_RX/CLK
    SLICE_X5Y105         FDCE                                         r  U_UART_RX/bit_cnt_reg_reg[0]/C
  -------------------------------------------------------------------    -------------------
    SLICE_X5Y105         FDCE (Prop_fdce_C_Q)         0.419     5.748 r  U_UART_RX/bit_cnt_reg_reg[0]/Q
                         net (fo=5, routed)           0.873     6.622    U_UART_RX/sel0[0]
    SLICE_X5Y105         LUT4 (Prop_lut4_I2_O)        0.327     6.949 r  U_UART_RX/FSM_sequential_c_state[1]_i_4/O
                         net (fo=1, routed)           0.973     7.921    U_UART_RX/FSM_sequential_c_state[1]_i_4_n_0
    SLICE_X5Y106         LUT6 (Prop_lut6_I1_O)        0.332     8.253 r  U_UART_RX/FSM_sequential_c_state[1]_i_2/O
                         net (fo=2, routed)           0.678     8.931    U_UART_RX/FSM_sequential_c_state[1]_i_2_n_0
    SLICE_X5Y106         LUT4 (Prop_lut4_I2_O)        0.152     9.083 r  U_UART_RX/FSM_sequential_c_state[1]_i_1/O
                         net (fo=1, routed)           0.000     9.083    U_UART_RX/FSM_sequential_c_state[1]_i_1_n_0
    SLICE_X5Y106         FDCE                                         r  U_UART_RX/FSM_sequential_c_state_reg[1]/D
  -------------------------------------------------------------------    -------------------

                         (clock sys_clk_pin rise edge)
                                                     10.000    10.000 r  
    W5                                                0.000    10.000 r  clk (IN)
                         net (fo=0)                   0.000    10.000    clk
    W5                   IBUF (Prop_ibuf_I_O)         1.388    11.388 r  clk_IBUF_inst/O
                         net (fo=1, routed)           1.862    13.250    clk_IBUF
    BUFGCTRL_X0Y0        BUFG (Prop_bufg_I_O)         0.091    13.341 r  clk_IBUF_BUFG_inst/O
                         net (fo=50, routed)          1.682    15.023    U_UART_RX/CLK
    SLICE_X5Y106         FDCE                                         r  U_UART_RX/FSM_sequential_c_state_reg[1]/C
                         clock pessimism              0.281    15.304    
                         clock uncertainty           -0.035    15.269    
    SLICE_X5Y106         FDCE (Setup_fdce_C_D)        0.047    15.316    U_UART_RX/FSM_sequential_c_state_reg[1]
  -------------------------------------------------------------------
                         required time                         15.316    
                         arrival time                          -9.083    
  -------------------------------------------------------------------
                         slack                                  6.233    

Slack (MET) :             6.249ns  (required time - arrival time)
  Source:                 U_BAUD_TICK/b_tick_reg/C
                            (rising edge-triggered cell FDCE clocked by sys_clk_pin  {rise@0.000ns fall@5.000ns period=10.000ns})
  Destination:            U_UART_RX/bit_cnt_reg_reg[0]/D
                            (rising edge-triggered cell FDCE clocked by sys_clk_pin  {rise@0.000ns fall@5.000ns period=10.000ns})
  Path Group:             sys_clk_pin
  Path Type:              Setup (Max at Slow Process Corner)
  Requirement:            10.000ns  (sys_clk_pin rise@10.000ns - sys_clk_pin rise@0.000ns)
  Data Path Delay:        3.628ns  (logic 1.061ns (29.242%)  route 2.567ns (70.758%))
  Logic Levels:           3  (LUT3=1 LUT4=1 LUT6=1)
  Clock Path Skew:        -0.040ns (DCD - SCD + CPR)
    Destination Clock Delay (DCD):    5.023ns = ( 15.023 - 10.000 ) 
    Source Clock Delay      (SCD):    5.330ns
    Clock Pessimism Removal (CPR):    0.267ns
  Clock Uncertainty:      0.035ns  ((TSJ^2 + TIJ^2)^1/2 + DJ) / 2 + PE
    Total System Jitter     (TSJ):    0.071ns
    Total Input Jitter      (TIJ):    0.000ns
    Discrete Jitter          (DJ):    0.000ns
    Phase Error              (PE):    0.000ns

    Location             Delay type                Incr(ns)  Path(ns)    Netlist Resource(s)
  -------------------------------------------------------------------    -------------------
                         (clock sys_clk_pin rise edge)
                                                      0.000     0.000 r  
    W5                                                0.000     0.000 r  clk (IN)
                         net (fo=0)                   0.000     0.000    clk
    W5                   IBUF (Prop_ibuf_I_O)         1.458     1.458 r  clk_IBUF_inst/O
                         net (fo=1, routed)           1.967     3.425    clk_IBUF
    BUFGCTRL_X0Y0        BUFG (Prop_bufg_I_O)         0.096     3.521 r  clk_IBUF_BUFG_inst/O
                         net (fo=50, routed)          1.809     5.330    U_BAUD_TICK/CLK
    SLICE_X3Y106         FDCE                                         r  U_BAUD_TICK/b_tick_reg/C
  -------------------------------------------------------------------    -------------------
    SLICE_X3Y106         FDCE (Prop_fdce_C_Q)         0.456     5.786 r  U_BAUD_TICK/b_tick_reg/Q
                         net (fo=12, routed)          1.279     7.065    U_UART_RX/w_b_tick
    SLICE_X4Y106         LUT4 (Prop_lut4_I3_O)        0.149     7.214 r  U_UART_RX/buf_reg[7]_i_3/O
                         net (fo=3, routed)           0.326     7.540    U_UART_RX/buf_reg[7]_i_3_n_0
    SLICE_X5Y105         LUT6 (Prop_lut6_I4_O)        0.332     7.872 r  U_UART_RX/bit_cnt_reg[2]_i_2__0/O
                         net (fo=3, routed)           0.584     8.456    U_UART_RX/bit_cnt_next
    SLICE_X5Y105         LUT3 (Prop_lut3_I1_O)        0.124     8.580 r  U_UART_RX/bit_cnt_reg[0]_i_1/O
                         net (fo=1, routed)           0.379     8.959    U_UART_RX/bit_cnt_reg[0]_i_1_n_0
    SLICE_X5Y105         FDCE                                         r  U_UART_RX/bit_cnt_reg_reg[0]/D
  -------------------------------------------------------------------    -------------------

                         (clock sys_clk_pin rise edge)
                                                     10.000    10.000 r  
    W5                                                0.000    10.000 r  clk (IN)
                         net (fo=0)                   0.000    10.000    clk
    W5                   IBUF (Prop_ibuf_I_O)         1.388    11.388 r  clk_IBUF_inst/O
                         net (fo=1, routed)           1.862    13.250    clk_IBUF
    BUFGCTRL_X0Y0        BUFG (Prop_bufg_I_O)         0.091    13.341 r  clk_IBUF_BUFG_inst/O
                         net (fo=50, routed)          1.682    15.023    U_UART_RX/CLK
    SLICE_X5Y105         FDCE                                         r  U_UART_RX/bit_cnt_reg_reg[0]/C
                         clock pessimism              0.267    15.290    
                         clock uncertainty           -0.035    15.255    
    SLICE_X5Y105         FDCE (Setup_fdce_C_D)       -0.047    15.208    U_UART_RX/bit_cnt_reg_reg[0]
  -------------------------------------------------------------------
                         required time                         15.208    
                         arrival time                          -8.959    
  -------------------------------------------------------------------
                         slack                                  6.249    

Slack (MET) :             6.334ns  (required time - arrival time)
  Source:                 U_BAUD_TICK/b_tick_reg/C
                            (rising edge-triggered cell FDCE clocked by sys_clk_pin  {rise@0.000ns fall@5.000ns period=10.000ns})
  Destination:            U_UART_TX/data_in_buf_reg_reg[3]/CE
                            (rising edge-triggered cell FDCE clocked by sys_clk_pin  {rise@0.000ns fall@5.000ns period=10.000ns})
  Path Group:             sys_clk_pin
  Path Type:              Setup (Max at Slow Process Corner)
  Requirement:            10.000ns  (sys_clk_pin rise@10.000ns - sys_clk_pin rise@0.000ns)
  Data Path Delay:        3.401ns  (logic 0.828ns (24.348%)  route 2.573ns (75.652%))
  Logic Levels:           3  (LUT3=1 LUT5=2)
  Clock Path Skew:        -0.025ns (DCD - SCD + CPR)
    Destination Clock Delay (DCD):    5.024ns = ( 15.024 - 10.000 ) 
    Source Clock Delay      (SCD):    5.330ns
    Clock Pessimism Removal (CPR):    0.281ns
  Clock Uncertainty:      0.035ns  ((TSJ^2 + TIJ^2)^1/2 + DJ) / 2 + PE
    Total System Jitter     (TSJ):    0.071ns
    Total Input Jitter      (TIJ):    0.000ns
    Discrete Jitter          (DJ):    0.000ns
    Phase Error              (PE):    0.000ns

    Location             Delay type                Incr(ns)  Path(ns)    Netlist Resource(s)
  -------------------------------------------------------------------    -------------------
                         (clock sys_clk_pin rise edge)
                                                      0.000     0.000 r  
    W5                                                0.000     0.000 r  clk (IN)
                         net (fo=0)                   0.000     0.000    clk
    W5                   IBUF (Prop_ibuf_I_O)         1.458     1.458 r  clk_IBUF_inst/O
                         net (fo=1, routed)           1.967     3.425    clk_IBUF
    BUFGCTRL_X0Y0        BUFG (Prop_bufg_I_O)         0.096     3.521 r  clk_IBUF_BUFG_inst/O
                         net (fo=50, routed)          1.809     5.330    U_BAUD_TICK/CLK
    SLICE_X3Y106         FDCE                                         r  U_BAUD_TICK/b_tick_reg/C
  -------------------------------------------------------------------    -------------------
    SLICE_X3Y106         FDCE (Prop_fdce_C_Q)         0.456     5.786 r  U_BAUD_TICK/b_tick_reg/Q
                         net (fo=12, routed)          0.874     6.660    U_UART_TX/w_b_tick
    SLICE_X2Y108         LUT5 (Prop_lut5_I3_O)        0.124     6.784 r  U_UART_TX/bit_cnt_reg[2]_i_3/O
                         net (fo=2, routed)           0.667     7.451    U_UART_TX/bit_cnt_reg[2]_i_3_n_0
    SLICE_X2Y107         LUT5 (Prop_lut5_I0_O)        0.124     7.575 r  U_UART_TX/data_in_buf_reg[7]_i_3/O
                         net (fo=1, routed)           0.466     8.041    U_UART_TX/data_in_buf_reg[7]_i_3_n_0
    SLICE_X2Y107         LUT3 (Prop_lut3_I0_O)        0.124     8.165 r  U_UART_TX/data_in_buf_reg[7]_i_1/O
                         net (fo=8, routed)           0.566     8.731    U_UART_TX/data_in_buf_next
    SLICE_X0Y106         FDCE                                         r  U_UART_TX/data_in_buf_reg_reg[3]/CE
  -------------------------------------------------------------------    -------------------

                         (clock sys_clk_pin rise edge)
                                                     10.000    10.000 r  
    W5                                                0.000    10.000 r  clk (IN)
                         net (fo=0)                   0.000    10.000    clk
    W5                   IBUF (Prop_ibuf_I_O)         1.388    11.388 r  clk_IBUF_inst/O
                         net (fo=1, routed)           1.862    13.250    clk_IBUF
    BUFGCTRL_X0Y0        BUFG (Prop_bufg_I_O)         0.091    13.341 r  clk_IBUF_BUFG_inst/O
                         net (fo=50, routed)          1.683    15.024    U_UART_TX/CLK
    SLICE_X0Y106         FDCE                                         r  U_UART_TX/data_in_buf_reg_reg[3]/C
                         clock pessimism              0.281    15.305    
                         clock uncertainty           -0.035    15.270    
    SLICE_X0Y106         FDCE (Setup_fdce_C_CE)      -0.205    15.065    U_UART_TX/data_in_buf_reg_reg[3]
  -------------------------------------------------------------------
                         required time                         15.065    
                         arrival time                          -8.731    
  -------------------------------------------------------------------
                         slack                                  6.334    

Slack (MET) :             6.334ns  (required time - arrival time)
  Source:                 U_BAUD_TICK/b_tick_reg/C
                            (rising edge-triggered cell FDCE clocked by sys_clk_pin  {rise@0.000ns fall@5.000ns period=10.000ns})
  Destination:            U_UART_TX/data_in_buf_reg_reg[4]/CE
                            (rising edge-triggered cell FDCE clocked by sys_clk_pin  {rise@0.000ns fall@5.000ns period=10.000ns})
  Path Group:             sys_clk_pin
  Path Type:              Setup (Max at Slow Process Corner)
  Requirement:            10.000ns  (sys_clk_pin rise@10.000ns - sys_clk_pin rise@0.000ns)
  Data Path Delay:        3.401ns  (logic 0.828ns (24.348%)  route 2.573ns (75.652%))
  Logic Levels:           3  (LUT3=1 LUT5=2)
  Clock Path Skew:        -0.025ns (DCD - SCD + CPR)
    Destination Clock Delay (DCD):    5.024ns = ( 15.024 - 10.000 ) 
    Source Clock Delay      (SCD):    5.330ns
    Clock Pessimism Removal (CPR):    0.281ns
  Clock Uncertainty:      0.035ns  ((TSJ^2 + TIJ^2)^1/2 + DJ) / 2 + PE
    Total System Jitter     (TSJ):    0.071ns
    Total Input Jitter      (TIJ):    0.000ns
    Discrete Jitter          (DJ):    0.000ns
    Phase Error              (PE):    0.000ns

    Location             Delay type                Incr(ns)  Path(ns)    Netlist Resource(s)
  -------------------------------------------------------------------    -------------------
                         (clock sys_clk_pin rise edge)
                                                      0.000     0.000 r  
    W5                                                0.000     0.000 r  clk (IN)
                         net (fo=0)                   0.000     0.000    clk
    W5                   IBUF (Prop_ibuf_I_O)         1.458     1.458 r  clk_IBUF_inst/O
                         net (fo=1, routed)           1.967     3.425    clk_IBUF
    BUFGCTRL_X0Y0        BUFG (Prop_bufg_I_O)         0.096     3.521 r  clk_IBUF_BUFG_inst/O
                         net (fo=50, routed)          1.809     5.330    U_BAUD_TICK/CLK
    SLICE_X3Y106         FDCE                                         r  U_BAUD_TICK/b_tick_reg/C
  -------------------------------------------------------------------    -------------------
    SLICE_X3Y106         FDCE (Prop_fdce_C_Q)         0.456     5.786 r  U_BAUD_TICK/b_tick_reg/Q
                         net (fo=12, routed)          0.874     6.660    U_UART_TX/w_b_tick
    SLICE_X2Y108         LUT5 (Prop_lut5_I3_O)        0.124     6.784 r  U_UART_TX/bit_cnt_reg[2]_i_3/O
                         net (fo=2, routed)           0.667     7.451    U_UART_TX/bit_cnt_reg[2]_i_3_n_0
    SLICE_X2Y107         LUT5 (Prop_lut5_I0_O)        0.124     7.575 r  U_UART_TX/data_in_buf_reg[7]_i_3/O
                         net (fo=1, routed)           0.466     8.041    U_UART_TX/data_in_buf_reg[7]_i_3_n_0
    SLICE_X2Y107         LUT3 (Prop_lut3_I0_O)        0.124     8.165 r  U_UART_TX/data_in_buf_reg[7]_i_1/O
                         net (fo=8, routed)           0.566     8.731    U_UART_TX/data_in_buf_next
    SLICE_X0Y106         FDCE                                         r  U_UART_TX/data_in_buf_reg_reg[4]/CE
  -------------------------------------------------------------------    -------------------

                         (clock sys_clk_pin rise edge)
                                                     10.000    10.000 r  
    W5                                                0.000    10.000 r  clk (IN)
                         net (fo=0)                   0.000    10.000    clk
    W5                   IBUF (Prop_ibuf_I_O)         1.388    11.388 r  clk_IBUF_inst/O
                         net (fo=1, routed)           1.862    13.250    clk_IBUF
    BUFGCTRL_X0Y0        BUFG (Prop_bufg_I_O)         0.091    13.341 r  clk_IBUF_BUFG_inst/O
                         net (fo=50, routed)          1.683    15.024    U_UART_TX/CLK
    SLICE_X0Y106         FDCE                                         r  U_UART_TX/data_in_buf_reg_reg[4]/C
                         clock pessimism              0.281    15.305    
                         clock uncertainty           -0.035    15.270    
    SLICE_X0Y106         FDCE (Setup_fdce_C_CE)      -0.205    15.065    U_UART_TX/data_in_buf_reg_reg[4]
  -------------------------------------------------------------------
                         required time                         15.065    
                         arrival time                          -8.731    
  -------------------------------------------------------------------
                         slack                                  6.334    

Slack (MET) :             6.334ns  (required time - arrival time)
  Source:                 U_BAUD_TICK/b_tick_reg/C
                            (rising edge-triggered cell FDCE clocked by sys_clk_pin  {rise@0.000ns fall@5.000ns period=10.000ns})
  Destination:            U_UART_TX/data_in_buf_reg_reg[5]/CE
                            (rising edge-triggered cell FDCE clocked by sys_clk_pin  {rise@0.000ns fall@5.000ns period=10.000ns})
  Path Group:             sys_clk_pin
  Path Type:              Setup (Max at Slow Process Corner)
  Requirement:            10.000ns  (sys_clk_pin rise@10.000ns - sys_clk_pin rise@0.000ns)
  Data Path Delay:        3.401ns  (logic 0.828ns (24.348%)  route 2.573ns (75.652%))
  Logic Levels:           3  (LUT3=1 LUT5=2)
  Clock Path Skew:        -0.025ns (DCD - SCD + CPR)
    Destination Clock Delay (DCD):    5.024ns = ( 15.024 - 10.000 ) 
    Source Clock Delay      (SCD):    5.330ns
    Clock Pessimism Removal (CPR):    0.281ns
  Clock Uncertainty:      0.035ns  ((TSJ^2 + TIJ^2)^1/2 + DJ) / 2 + PE
    Total System Jitter     (TSJ):    0.071ns
    Total Input Jitter      (TIJ):    0.000ns
    Discrete Jitter          (DJ):    0.000ns
    Phase Error              (PE):    0.000ns

    Location             Delay type                Incr(ns)  Path(ns)    Netlist Resource(s)
  -------------------------------------------------------------------    -------------------
                         (clock sys_clk_pin rise edge)
                                                      0.000     0.000 r  
    W5                                                0.000     0.000 r  clk (IN)
                         net (fo=0)                   0.000     0.000    clk
    W5                   IBUF (Prop_ibuf_I_O)         1.458     1.458 r  clk_IBUF_inst/O
                         net (fo=1, routed)           1.967     3.425    clk_IBUF
    BUFGCTRL_X0Y0        BUFG (Prop_bufg_I_O)         0.096     3.521 r  clk_IBUF_BUFG_inst/O
                         net (fo=50, routed)          1.809     5.330    U_BAUD_TICK/CLK
    SLICE_X3Y106         FDCE                                         r  U_BAUD_TICK/b_tick_reg/C
  -------------------------------------------------------------------    -------------------
    SLICE_X3Y106         FDCE (Prop_fdce_C_Q)         0.456     5.786 r  U_BAUD_TICK/b_tick_reg/Q
                         net (fo=12, routed)          0.874     6.660    U_UART_TX/w_b_tick
    SLICE_X2Y108         LUT5 (Prop_lut5_I3_O)        0.124     6.784 r  U_UART_TX/bit_cnt_reg[2]_i_3/O
                         net (fo=2, routed)           0.667     7.451    U_UART_TX/bit_cnt_reg[2]_i_3_n_0
    SLICE_X2Y107         LUT5 (Prop_lut5_I0_O)        0.124     7.575 r  U_UART_TX/data_in_buf_reg[7]_i_3/O
                         net (fo=1, routed)           0.466     8.041    U_UART_TX/data_in_buf_reg[7]_i_3_n_0
    SLICE_X2Y107         LUT3 (Prop_lut3_I0_O)        0.124     8.165 r  U_UART_TX/data_in_buf_reg[7]_i_1/O
                         net (fo=8, routed)           0.566     8.731    U_UART_TX/data_in_buf_next
    SLICE_X0Y106         FDCE                                         r  U_UART_TX/data_in_buf_reg_reg[5]/CE
  -------------------------------------------------------------------    -------------------

                         (clock sys_clk_pin rise edge)
                                                     10.000    10.000 r  
    W5                                                0.000    10.000 r  clk (IN)
                         net (fo=0)                   0.000    10.000    clk
    W5                   IBUF (Prop_ibuf_I_O)         1.388    11.388 r  clk_IBUF_inst/O
                         net (fo=1, routed)           1.862    13.250    clk_IBUF
    BUFGCTRL_X0Y0        BUFG (Prop_bufg_I_O)         0.091    13.341 r  clk_IBUF_BUFG_inst/O
                         net (fo=50, routed)          1.683    15.024    U_UART_TX/CLK
    SLICE_X0Y106         FDCE                                         r  U_UART_TX/data_in_buf_reg_reg[5]/C
                         clock pessimism              0.281    15.305    
                         clock uncertainty           -0.035    15.270    
    SLICE_X0Y106         FDCE (Setup_fdce_C_CE)      -0.205    15.065    U_UART_TX/data_in_buf_reg_reg[5]
  -------------------------------------------------------------------
                         required time                         15.065    
                         arrival time                          -8.731    
  -------------------------------------------------------------------
                         slack                                  6.334    

Slack (MET) :             6.334ns  (required time - arrival time)
  Source:                 U_BAUD_TICK/b_tick_reg/C
                            (rising edge-triggered cell FDCE clocked by sys_clk_pin  {rise@0.000ns fall@5.000ns period=10.000ns})
  Destination:            U_UART_TX/data_in_buf_reg_reg[6]/CE
                            (rising edge-triggered cell FDCE clocked by sys_clk_pin  {rise@0.000ns fall@5.000ns period=10.000ns})
  Path Group:             sys_clk_pin
  Path Type:              Setup (Max at Slow Process Corner)
  Requirement:            10.000ns  (sys_clk_pin rise@10.000ns - sys_clk_pin rise@0.000ns)
  Data Path Delay:        3.401ns  (logic 0.828ns (24.348%)  route 2.573ns (75.652%))
  Logic Levels:           3  (LUT3=1 LUT5=2)
  Clock Path Skew:        -0.025ns (DCD - SCD + CPR)
    Destination Clock Delay (DCD):    5.024ns = ( 15.024 - 10.000 ) 
    Source Clock Delay      (SCD):    5.330ns
    Clock Pessimism Removal (CPR):    0.281ns
  Clock Uncertainty:      0.035ns  ((TSJ^2 + TIJ^2)^1/2 + DJ) / 2 + PE
    Total System Jitter     (TSJ):    0.071ns
    Total Input Jitter      (TIJ):    0.000ns
    Discrete Jitter          (DJ):    0.000ns
    Phase Error              (PE):    0.000ns

    Location             Delay type                Incr(ns)  Path(ns)    Netlist Resource(s)
  -------------------------------------------------------------------    -------------------
                         (clock sys_clk_pin rise edge)
                                                      0.000     0.000 r  
    W5                                                0.000     0.000 r  clk (IN)
                         net (fo=0)                   0.000     0.000    clk
    W5                   IBUF (Prop_ibuf_I_O)         1.458     1.458 r  clk_IBUF_inst/O
                         net (fo=1, routed)           1.967     3.425    clk_IBUF
    BUFGCTRL_X0Y0        BUFG (Prop_bufg_I_O)         0.096     3.521 r  clk_IBUF_BUFG_inst/O
                         net (fo=50, routed)          1.809     5.330    U_BAUD_TICK/CLK
    SLICE_X3Y106         FDCE                                         r  U_BAUD_TICK/b_tick_reg/C
  -------------------------------------------------------------------    -------------------
    SLICE_X3Y106         FDCE (Prop_fdce_C_Q)         0.456     5.786 r  U_BAUD_TICK/b_tick_reg/Q
                         net (fo=12, routed)          0.874     6.660    U_UART_TX/w_b_tick
    SLICE_X2Y108         LUT5 (Prop_lut5_I3_O)        0.124     6.784 r  U_UART_TX/bit_cnt_reg[2]_i_3/O
                         net (fo=2, routed)           0.667     7.451    U_UART_TX/bit_cnt_reg[2]_i_3_n_0
    SLICE_X2Y107         LUT5 (Prop_lut5_I0_O)        0.124     7.575 r  U_UART_TX/data_in_buf_reg[7]_i_3/O
                         net (fo=1, routed)           0.466     8.041    U_UART_TX/data_in_buf_reg[7]_i_3_n_0
    SLICE_X2Y107         LUT3 (Prop_lut3_I0_O)        0.124     8.165 r  U_UART_TX/data_in_buf_reg[7]_i_1/O
                         net (fo=8, routed)           0.566     8.731    U_UART_TX/data_in_buf_next
    SLICE_X0Y106         FDCE                                         r  U_UART_TX/data_in_buf_reg_reg[6]/CE
  -------------------------------------------------------------------    -------------------

                         (clock sys_clk_pin rise edge)
                                                     10.000    10.000 r  
    W5                                                0.000    10.000 r  clk (IN)
                         net (fo=0)                   0.000    10.000    clk
    W5                   IBUF (Prop_ibuf_I_O)         1.388    11.388 r  clk_IBUF_inst/O
                         net (fo=1, routed)           1.862    13.250    clk_IBUF
    BUFGCTRL_X0Y0        BUFG (Prop_bufg_I_O)         0.091    13.341 r  clk_IBUF_BUFG_inst/O
                         net (fo=50, routed)          1.683    15.024    U_UART_TX/CLK
    SLICE_X0Y106         FDCE                                         r  U_UART_TX/data_in_buf_reg_reg[6]/C
                         clock pessimism              0.281    15.305    
                         clock uncertainty           -0.035    15.270    
    SLICE_X0Y106         FDCE (Setup_fdce_C_CE)      -0.205    15.065    U_UART_TX/data_in_buf_reg_reg[6]
  -------------------------------------------------------------------
                         required time                         15.065    
                         arrival time                          -8.731    
  -------------------------------------------------------------------
                         slack                                  6.334    

Slack (MET) :             6.334ns  (required time - arrival time)
  Source:                 U_BAUD_TICK/b_tick_reg/C
                            (rising edge-triggered cell FDCE clocked by sys_clk_pin  {rise@0.000ns fall@5.000ns period=10.000ns})
  Destination:            U_UART_TX/data_in_buf_reg_reg[7]/CE
                            (rising edge-triggered cell FDCE clocked by sys_clk_pin  {rise@0.000ns fall@5.000ns period=10.000ns})
  Path Group:             sys_clk_pin
  Path Type:              Setup (Max at Slow Process Corner)
  Requirement:            10.000ns  (sys_clk_pin rise@10.000ns - sys_clk_pin rise@0.000ns)
  Data Path Delay:        3.401ns  (logic 0.828ns (24.348%)  route 2.573ns (75.652%))
  Logic Levels:           3  (LUT3=1 LUT5=2)
  Clock Path Skew:        -0.025ns (DCD - SCD + CPR)
    Destination Clock Delay (DCD):    5.024ns = ( 15.024 - 10.000 ) 
    Source Clock Delay      (SCD):    5.330ns
    Clock Pessimism Removal (CPR):    0.281ns
  Clock Uncertainty:      0.035ns  ((TSJ^2 + TIJ^2)^1/2 + DJ) / 2 + PE
    Total System Jitter     (TSJ):    0.071ns
    Total Input Jitter      (TIJ):    0.000ns
    Discrete Jitter          (DJ):    0.000ns
    Phase Error              (PE):    0.000ns

    Location             Delay type                Incr(ns)  Path(ns)    Netlist Resource(s)
  -------------------------------------------------------------------    -------------------
                         (clock sys_clk_pin rise edge)
                                                      0.000     0.000 r  
    W5                                                0.000     0.000 r  clk (IN)
                         net (fo=0)                   0.000     0.000    clk
    W5                   IBUF (Prop_ibuf_I_O)         1.458     1.458 r  clk_IBUF_inst/O
                         net (fo=1, routed)           1.967     3.425    clk_IBUF
    BUFGCTRL_X0Y0        BUFG (Prop_bufg_I_O)         0.096     3.521 r  clk_IBUF_BUFG_inst/O
                         net (fo=50, routed)          1.809     5.330    U_BAUD_TICK/CLK
    SLICE_X3Y106         FDCE                                         r  U_BAUD_TICK/b_tick_reg/C
  -------------------------------------------------------------------    -------------------
    SLICE_X3Y106         FDCE (Prop_fdce_C_Q)         0.456     5.786 r  U_BAUD_TICK/b_tick_reg/Q
                         net (fo=12, routed)          0.874     6.660    U_UART_TX/w_b_tick
    SLICE_X2Y108         LUT5 (Prop_lut5_I3_O)        0.124     6.784 r  U_UART_TX/bit_cnt_reg[2]_i_3/O
                         net (fo=2, routed)           0.667     7.451    U_UART_TX/bit_cnt_reg[2]_i_3_n_0
    SLICE_X2Y107         LUT5 (Prop_lut5_I0_O)        0.124     7.575 r  U_UART_TX/data_in_buf_reg[7]_i_3/O
                         net (fo=1, routed)           0.466     8.041    U_UART_TX/data_in_buf_reg[7]_i_3_n_0
    SLICE_X2Y107         LUT3 (Prop_lut3_I0_O)        0.124     8.165 r  U_UART_TX/data_in_buf_reg[7]_i_1/O
                         net (fo=8, routed)           0.566     8.731    U_UART_TX/data_in_buf_next
    SLICE_X0Y106         FDCE                                         r  U_UART_TX/data_in_buf_reg_reg[7]/CE
  -------------------------------------------------------------------    -------------------

                         (clock sys_clk_pin rise edge)
                                                     10.000    10.000 r  
    W5                                                0.000    10.000 r  clk (IN)
                         net (fo=0)                   0.000    10.000    clk
    W5                   IBUF (Prop_ibuf_I_O)         1.388    11.388 r  clk_IBUF_inst/O
                         net (fo=1, routed)           1.862    13.250    clk_IBUF
    BUFGCTRL_X0Y0        BUFG (Prop_bufg_I_O)         0.091    13.341 r  clk_IBUF_BUFG_inst/O
                         net (fo=50, routed)          1.683    15.024    U_UART_TX/CLK
    SLICE_X0Y106         FDCE                                         r  U_UART_TX/data_in_buf_reg_reg[7]/C
                         clock pessimism              0.281    15.305    
                         clock uncertainty           -0.035    15.270    
    SLICE_X0Y106         FDCE (Setup_fdce_C_CE)      -0.205    15.065    U_UART_TX/data_in_buf_reg_reg[7]
  -------------------------------------------------------------------
                         required time                         15.065    
                         arrival time                          -8.731    
  -------------------------------------------------------------------
                         slack                                  6.334    

Slack (MET) :             6.342ns  (required time - arrival time)
  Source:                 U_BAUD_TICK/b_tick_reg/C
                            (rising edge-triggered cell FDCE clocked by sys_clk_pin  {rise@0.000ns fall@5.000ns period=10.000ns})
  Destination:            U_UART_TX/data_in_buf_reg_reg[0]/CE
                            (rising edge-triggered cell FDCE clocked by sys_clk_pin  {rise@0.000ns fall@5.000ns period=10.000ns})
  Path Group:             sys_clk_pin
  Path Type:              Setup (Max at Slow Process Corner)
  Requirement:            10.000ns  (sys_clk_pin rise@10.000ns - sys_clk_pin rise@0.000ns)
  Data Path Delay:        3.392ns  (logic 0.828ns (24.414%)  route 2.564ns (75.586%))
  Logic Levels:           3  (LUT3=1 LUT5=2)
  Clock Path Skew:        -0.026ns (DCD - SCD + CPR)
    Destination Clock Delay (DCD):    5.023ns = ( 15.023 - 10.000 ) 
    Source Clock Delay      (SCD):    5.330ns
    Clock Pessimism Removal (CPR):    0.281ns
  Clock Uncertainty:      0.035ns  ((TSJ^2 + TIJ^2)^1/2 + DJ) / 2 + PE
    Total System Jitter     (TSJ):    0.071ns
    Total Input Jitter      (TIJ):    0.000ns
    Discrete Jitter          (DJ):    0.000ns
    Phase Error              (PE):    0.000ns

    Location             Delay type                Incr(ns)  Path(ns)    Netlist Resource(s)
  -------------------------------------------------------------------    -------------------
                         (clock sys_clk_pin rise edge)
                                                      0.000     0.000 r  
    W5                                                0.000     0.000 r  clk (IN)
                         net (fo=0)                   0.000     0.000    clk
    W5                   IBUF (Prop_ibuf_I_O)         1.458     1.458 r  clk_IBUF_inst/O
                         net (fo=1, routed)           1.967     3.425    clk_IBUF
    BUFGCTRL_X0Y0        BUFG (Prop_bufg_I_O)         0.096     3.521 r  clk_IBUF_BUFG_inst/O
                         net (fo=50, routed)          1.809     5.330    U_BAUD_TICK/CLK
    SLICE_X3Y106         FDCE                                         r  U_BAUD_TICK/b_tick_reg/C
  -------------------------------------------------------------------    -------------------
    SLICE_X3Y106         FDCE (Prop_fdce_C_Q)         0.456     5.786 r  U_BAUD_TICK/b_tick_reg/Q
                         net (fo=12, routed)          0.874     6.660    U_UART_TX/w_b_tick
    SLICE_X2Y108         LUT5 (Prop_lut5_I3_O)        0.124     6.784 r  U_UART_TX/bit_cnt_reg[2]_i_3/O
                         net (fo=2, routed)           0.667     7.451    U_UART_TX/bit_cnt_reg[2]_i_3_n_0
    SLICE_X2Y107         LUT5 (Prop_lut5_I0_O)        0.124     7.575 r  U_UART_TX/data_in_buf_reg[7]_i_3/O
                         net (fo=1, routed)           0.466     8.041    U_UART_TX/data_in_buf_reg[7]_i_3_n_0
    SLICE_X2Y107         LUT3 (Prop_lut3_I0_O)        0.124     8.165 r  U_UART_TX/data_in_buf_reg[7]_i_1/O
                         net (fo=8, routed)           0.557     8.722    U_UART_TX/data_in_buf_next
    SLICE_X0Y107         FDCE                                         r  U_UART_TX/data_in_buf_reg_reg[0]/CE
  -------------------------------------------------------------------    -------------------

                         (clock sys_clk_pin rise edge)
                                                     10.000    10.000 r  
    W5                                                0.000    10.000 r  clk (IN)
                         net (fo=0)                   0.000    10.000    clk
    W5                   IBUF (Prop_ibuf_I_O)         1.388    11.388 r  clk_IBUF_inst/O
                         net (fo=1, routed)           1.862    13.250    clk_IBUF
    BUFGCTRL_X0Y0        BUFG (Prop_bufg_I_O)         0.091    13.341 r  clk_IBUF_BUFG_inst/O
                         net (fo=50, routed)          1.682    15.023    U_UART_TX/CLK
    SLICE_X0Y107         FDCE                                         r  U_UART_TX/data_in_buf_reg_reg[0]/C
                         clock pessimism              0.281    15.304    
                         clock uncertainty           -0.035    15.269    
    SLICE_X0Y107         FDCE (Setup_fdce_C_CE)      -0.205    15.064    U_UART_TX/data_in_buf_reg_reg[0]
  -------------------------------------------------------------------
                         required time                         15.064    
                         arrival time                          -8.722    
  -------------------------------------------------------------------
                         slack                                  6.342    

Slack (MET) :             6.342ns  (required time - arrival time)
  Source:                 U_BAUD_TICK/b_tick_reg/C
                            (rising edge-triggered cell FDCE clocked by sys_clk_pin  {rise@0.000ns fall@5.000ns period=10.000ns})
  Destination:            U_UART_TX/data_in_buf_reg_reg[1]/CE
                            (rising edge-triggered cell FDCE clocked by sys_clk_pin  {rise@0.000ns fall@5.000ns period=10.000ns})
  Path Group:             sys_clk_pin
  Path Type:              Setup (Max at Slow Process Corner)
  Requirement:            10.000ns  (sys_clk_pin rise@10.000ns - sys_clk_pin rise@0.000ns)
  Data Path Delay:        3.392ns  (logic 0.828ns (24.414%)  route 2.564ns (75.586%))
  Logic Levels:           3  (LUT3=1 LUT5=2)
  Clock Path Skew:        -0.026ns (DCD - SCD + CPR)
    Destination Clock Delay (DCD):    5.023ns = ( 15.023 - 10.000 ) 
    Source Clock Delay      (SCD):    5.330ns
    Clock Pessimism Removal (CPR):    0.281ns
  Clock Uncertainty:      0.035ns  ((TSJ^2 + TIJ^2)^1/2 + DJ) / 2 + PE
    Total System Jitter     (TSJ):    0.071ns
    Total Input Jitter      (TIJ):    0.000ns
    Discrete Jitter          (DJ):    0.000ns
    Phase Error              (PE):    0.000ns

    Location             Delay type                Incr(ns)  Path(ns)    Netlist Resource(s)
  -------------------------------------------------------------------    -------------------
                         (clock sys_clk_pin rise edge)
                                                      0.000     0.000 r  
    W5                                                0.000     0.000 r  clk (IN)
                         net (fo=0)                   0.000     0.000    clk
    W5                   IBUF (Prop_ibuf_I_O)         1.458     1.458 r  clk_IBUF_inst/O
                         net (fo=1, routed)           1.967     3.425    clk_IBUF
    BUFGCTRL_X0Y0        BUFG (Prop_bufg_I_O)         0.096     3.521 r  clk_IBUF_BUFG_inst/O
                         net (fo=50, routed)          1.809     5.330    U_BAUD_TICK/CLK
    SLICE_X3Y106         FDCE                                         r  U_BAUD_TICK/b_tick_reg/C
  -------------------------------------------------------------------    -------------------
    SLICE_X3Y106         FDCE (Prop_fdce_C_Q)         0.456     5.786 r  U_BAUD_TICK/b_tick_reg/Q
                         net (fo=12, routed)          0.874     6.660    U_UART_TX/w_b_tick
    SLICE_X2Y108         LUT5 (Prop_lut5_I3_O)        0.124     6.784 r  U_UART_TX/bit_cnt_reg[2]_i_3/O
                         net (fo=2, routed)           0.667     7.451    U_UART_TX/bit_cnt_reg[2]_i_3_n_0
    SLICE_X2Y107         LUT5 (Prop_lut5_I0_O)        0.124     7.575 r  U_UART_TX/data_in_buf_reg[7]_i_3/O
                         net (fo=1, routed)           0.466     8.041    U_UART_TX/data_in_buf_reg[7]_i_3_n_0
    SLICE_X2Y107         LUT3 (Prop_lut3_I0_O)        0.124     8.165 r  U_UART_TX/data_in_buf_reg[7]_i_1/O
                         net (fo=8, routed)           0.557     8.722    U_UART_TX/data_in_buf_next
    SLICE_X0Y107         FDCE                                         r  U_UART_TX/data_in_buf_reg_reg[1]/CE
  -------------------------------------------------------------------    -------------------

                         (clock sys_clk_pin rise edge)
                                                     10.000    10.000 r  
    W5                                                0.000    10.000 r  clk (IN)
                         net (fo=0)                   0.000    10.000    clk
    W5                   IBUF (Prop_ibuf_I_O)         1.388    11.388 r  clk_IBUF_inst/O
                         net (fo=1, routed)           1.862    13.250    clk_IBUF
    BUFGCTRL_X0Y0        BUFG (Prop_bufg_I_O)         0.091    13.341 r  clk_IBUF_BUFG_inst/O
                         net (fo=50, routed)          1.682    15.023    U_UART_TX/CLK
    SLICE_X0Y107         FDCE                                         r  U_UART_TX/data_in_buf_reg_reg[1]/C
                         clock pessimism              0.281    15.304    
                         clock uncertainty           -0.035    15.269    
    SLICE_X0Y107         FDCE (Setup_fdce_C_CE)      -0.205    15.064    U_UART_TX/data_in_buf_reg_reg[1]
  -------------------------------------------------------------------
                         required time                         15.064    
                         arrival time                          -8.722    
  -------------------------------------------------------------------
                         slack                                  6.342    





Min Delay Paths
--------------------------------------------------------------------------------------
Slack (MET) :             0.199ns  (arrival time - required time)
  Source:                 U_UART_TX/FSM_onehot_c_state_reg[2]/C
                            (rising edge-triggered cell FDCE clocked by sys_clk_pin  {rise@0.000ns fall@5.000ns period=10.000ns})
  Destination:            U_UART_TX/tx_reg_reg/D
                            (rising edge-triggered cell FDPE clocked by sys_clk_pin  {rise@0.000ns fall@5.000ns period=10.000ns})
  Path Group:             sys_clk_pin
  Path Type:              Hold (Min at Fast Process Corner)
  Requirement:            0.000ns  (sys_clk_pin rise@0.000ns - sys_clk_pin rise@0.000ns)
  Data Path Delay:        0.303ns  (logic 0.186ns (61.408%)  route 0.117ns (38.592%))
  Logic Levels:           1  (LUT4=1)
  Clock Path Skew:        0.013ns (DCD - SCD - CPR)
    Destination Clock Delay (DCD):    2.077ns
    Source Clock Delay      (SCD):    1.558ns
    Clock Pessimism Removal (CPR):    0.506ns

    Location             Delay type                Incr(ns)  Path(ns)    Netlist Resource(s)
  -------------------------------------------------------------------    -------------------
                         (clock sys_clk_pin rise edge)
                                                      0.000     0.000 r  
    W5                                                0.000     0.000 r  clk (IN)
                         net (fo=0)                   0.000     0.000    clk
    W5                   IBUF (Prop_ibuf_I_O)         0.226     0.226 r  clk_IBUF_inst/O
                         net (fo=1, routed)           0.631     0.858    clk_IBUF
    BUFGCTRL_X0Y0        BUFG (Prop_bufg_I_O)         0.026     0.884 r  clk_IBUF_BUFG_inst/O
                         net (fo=50, routed)          0.674     1.558    U_UART_TX/CLK
    SLICE_X1Y108         FDCE                                         r  U_UART_TX/FSM_onehot_c_state_reg[2]/C
  -------------------------------------------------------------------    -------------------
    SLICE_X1Y108         FDCE (Prop_fdce_C_Q)         0.141     1.699 r  U_UART_TX/FSM_onehot_c_state_reg[2]/Q
                         net (fo=17, routed)          0.117     1.816    U_UART_TX/FSM_onehot_c_state_reg_n_0_[2]
    SLICE_X0Y108         LUT4 (Prop_lut4_I3_O)        0.045     1.861 r  U_UART_TX/tx_reg_i_1/O
                         net (fo=1, routed)           0.000     1.861    U_UART_TX/tx_next
    SLICE_X0Y108         FDPE                                         r  U_UART_TX/tx_reg_reg/D
  -------------------------------------------------------------------    -------------------

                         (clock sys_clk_pin rise edge)
                                                      0.000     0.000 r  
    W5                                                0.000     0.000 r  clk (IN)
                         net (fo=0)                   0.000     0.000    clk
    W5                   IBUF (Prop_ibuf_I_O)         0.414     0.414 r  clk_IBUF_inst/O
                         net (fo=1, routed)           0.685     1.099    clk_IBUF
    BUFGCTRL_X0Y0        BUFG (Prop_bufg_I_O)         0.029     1.128 r  clk_IBUF_BUFG_inst/O
                         net (fo=50, routed)          0.949     2.077    U_UART_TX/CLK
    SLICE_X0Y108         FDPE                                         r  U_UART_TX/tx_reg_reg/C
                         clock pessimism             -0.506     1.571    
    SLICE_X0Y108         FDPE (Hold_fdpe_C_D)         0.091     1.662    U_UART_TX/tx_reg_reg
  -------------------------------------------------------------------
                         required time                         -1.662    
                         arrival time                           1.861    
  -------------------------------------------------------------------
                         slack                                  0.199    

Slack (MET) :             0.214ns  (arrival time - required time)
  Source:                 U_BAUD_TICK/counter_reg_reg[0]/C
                            (rising edge-triggered cell FDCE clocked by sys_clk_pin  {rise@0.000ns fall@5.000ns period=10.000ns})
  Destination:            U_BAUD_TICK/counter_reg_reg[1]/D
                            (rising edge-triggered cell FDCE clocked by sys_clk_pin  {rise@0.000ns fall@5.000ns period=10.000ns})
  Path Group:             sys_clk_pin
  Path Type:              Hold (Min at Fast Process Corner)
  Requirement:            0.000ns  (sys_clk_pin rise@0.000ns - sys_clk_pin rise@0.000ns)
  Data Path Delay:        0.340ns  (logic 0.186ns (54.642%)  route 0.154ns (45.358%))
  Logic Levels:           1  (LUT3=1)
  Clock Path Skew:        0.035ns (DCD - SCD - CPR)
    Destination Clock Delay (DCD):    2.076ns
    Source Clock Delay      (SCD):    1.559ns
    Clock Pessimism Removal (CPR):    0.482ns

    Location             Delay type                Incr(ns)  Path(ns)    Netlist Resource(s)
  -------------------------------------------------------------------    -------------------
                         (clock sys_clk_pin rise edge)
                                                      0.000     0.000 r  
    W5                                                0.000     0.000 r  clk (IN)
                         net (fo=0)                   0.000     0.000    clk
    W5                   IBUF (Prop_ibuf_I_O)         0.226     0.226 r  clk_IBUF_inst/O
                         net (fo=1, routed)           0.631     0.858    clk_IBUF
    BUFGCTRL_X0Y0        BUFG (Prop_bufg_I_O)         0.026     0.884 r  clk_IBUF_BUFG_inst/O
                         net (fo=50, routed)          0.675     1.559    U_BAUD_TICK/CLK
    SLICE_X3Y106         FDCE                                         r  U_BAUD_TICK/counter_reg_reg[0]/C
  -------------------------------------------------------------------    -------------------
    SLICE_X3Y106         FDCE (Prop_fdce_C_Q)         0.141     1.700 r  U_BAUD_TICK/counter_reg_reg[0]/Q
                         net (fo=10, routed)          0.154     1.854    U_BAUD_TICK/counter_reg[0]
    SLICE_X5Y105         LUT3 (Prop_lut3_I2_O)        0.045     1.899 r  U_BAUD_TICK/counter_reg[1]_i_1/O
                         net (fo=1, routed)           0.000     1.899    U_BAUD_TICK/counter_reg_0[1]
    SLICE_X5Y105         FDCE                                         r  U_BAUD_TICK/counter_reg_reg[1]/D
  -------------------------------------------------------------------    -------------------

                         (clock sys_clk_pin rise edge)
                                                      0.000     0.000 r  
    W5                                                0.000     0.000 r  clk (IN)
                         net (fo=0)                   0.000     0.000    clk
    W5                   IBUF (Prop_ibuf_I_O)         0.414     0.414 r  clk_IBUF_inst/O
                         net (fo=1, routed)           0.685     1.099    clk_IBUF
    BUFGCTRL_X0Y0        BUFG (Prop_bufg_I_O)         0.029     1.128 r  clk_IBUF_BUFG_inst/O
                         net (fo=50, routed)          0.948     2.076    U_BAUD_TICK/CLK
    SLICE_X5Y105         FDCE                                         r  U_BAUD_TICK/counter_reg_reg[1]/C
                         clock pessimism             -0.482     1.594    
    SLICE_X5Y105         FDCE (Hold_fdce_C_D)         0.091     1.685    U_BAUD_TICK/counter_reg_reg[1]
  -------------------------------------------------------------------
                         required time                         -1.685    
                         arrival time                           1.899    
  -------------------------------------------------------------------
                         slack                                  0.214    

Slack (MET) :             0.237ns  (arrival time - required time)
  Source:                 U_UART_TX/data_in_buf_reg_reg[3]/C
                            (rising edge-triggered cell FDCE clocked by sys_clk_pin  {rise@0.000ns fall@5.000ns period=10.000ns})
  Destination:            U_UART_TX/data_in_buf_reg_reg[2]/D
                            (rising edge-triggered cell FDCE clocked by sys_clk_pin  {rise@0.000ns fall@5.000ns period=10.000ns})
  Path Group:             sys_clk_pin
  Path Type:              Hold (Min at Fast Process Corner)
  Requirement:            0.000ns  (sys_clk_pin rise@0.000ns - sys_clk_pin rise@0.000ns)
  Data Path Delay:        0.344ns  (logic 0.186ns (54.147%)  route 0.158ns (45.853%))
  Logic Levels:           1  (LUT5=1)
  Clock Path Skew:        0.015ns (DCD - SCD - CPR)
    Destination Clock Delay (DCD):    2.077ns
    Source Clock Delay      (SCD):    1.559ns
    Clock Pessimism Removal (CPR):    0.503ns

    Location             Delay type                Incr(ns)  Path(ns)    Netlist Resource(s)
  -------------------------------------------------------------------    -------------------
                         (clock sys_clk_pin rise edge)
                                                      0.000     0.000 r  
    W5                                                0.000     0.000 r  clk (IN)
                         net (fo=0)                   0.000     0.000    clk
    W5                   IBUF (Prop_ibuf_I_O)         0.226     0.226 r  clk_IBUF_inst/O
                         net (fo=1, routed)           0.631     0.858    clk_IBUF
    BUFGCTRL_X0Y0        BUFG (Prop_bufg_I_O)         0.026     0.884 r  clk_IBUF_BUFG_inst/O
                         net (fo=50, routed)          0.675     1.559    U_UART_TX/CLK
    SLICE_X0Y106         FDCE                                         r  U_UART_TX/data_in_buf_reg_reg[3]/C
  -------------------------------------------------------------------    -------------------
    SLICE_X0Y106         FDCE (Prop_fdce_C_Q)         0.141     1.700 r  U_UART_TX/data_in_buf_reg_reg[3]/Q
                         net (fo=1, routed)           0.158     1.857    U_UART_TX/in6[2]
    SLICE_X0Y107         LUT5 (Prop_lut5_I3_O)        0.045     1.902 r  U_UART_TX/data_in_buf_reg[2]_i_1/O
                         net (fo=1, routed)           0.000     1.902    U_UART_TX/data_in_buf_reg[2]_i_1_n_0
    SLICE_X0Y107         FDCE                                         r  U_UART_TX/data_in_buf_reg_reg[2]/D
  -------------------------------------------------------------------    -------------------

                         (clock sys_clk_pin rise edge)
                                                      0.000     0.000 r  
    W5                                                0.000     0.000 r  clk (IN)
                         net (fo=0)                   0.000     0.000    clk
    W5                   IBUF (Prop_ibuf_I_O)         0.414     0.414 r  clk_IBUF_inst/O
                         net (fo=1, routed)           0.685     1.099    clk_IBUF
    BUFGCTRL_X0Y0        BUFG (Prop_bufg_I_O)         0.029     1.128 r  clk_IBUF_BUFG_inst/O
                         net (fo=50, routed)          0.949     2.077    U_UART_TX/CLK
    SLICE_X0Y107         FDCE                                         r  U_UART_TX/data_in_buf_reg_reg[2]/C
                         clock pessimism             -0.503     1.574    
    SLICE_X0Y107         FDCE (Hold_fdce_C_D)         0.092     1.666    U_UART_TX/data_in_buf_reg_reg[2]
  -------------------------------------------------------------------
                         required time                         -1.666    
                         arrival time                           1.902    
  -------------------------------------------------------------------
                         slack                                  0.237    

Slack (MET) :             0.244ns  (arrival time - required time)
  Source:                 U_BAUD_TICK/counter_reg_reg[7]/C
                            (rising edge-triggered cell FDCE clocked by sys_clk_pin  {rise@0.000ns fall@5.000ns period=10.000ns})
  Destination:            U_BAUD_TICK/counter_reg_reg[8]/D
                            (rising edge-triggered cell FDCE clocked by sys_clk_pin  {rise@0.000ns fall@5.000ns period=10.000ns})
  Path Group:             sys_clk_pin
  Path Type:              Hold (Min at Fast Process Corner)
  Requirement:            0.000ns  (sys_clk_pin rise@0.000ns - sys_clk_pin rise@0.000ns)
  Data Path Delay:        0.351ns  (logic 0.183ns (52.101%)  route 0.168ns (47.899%))
  Logic Levels:           1  (LUT5=1)
  Clock Path Skew:        0.000ns (DCD - SCD - CPR)
    Destination Clock Delay (DCD):    2.077ns
    Source Clock Delay      (SCD):    1.558ns
    Clock Pessimism Removal (CPR):    0.519ns

    Location             Delay type                Incr(ns)  Path(ns)    Netlist Resource(s)
  -------------------------------------------------------------------    -------------------
                         (clock sys_clk_pin rise edge)
                                                      0.000     0.000 r  
    W5                                                0.000     0.000 r  clk (IN)
                         net (fo=0)                   0.000     0.000    clk
    W5                   IBUF (Prop_ibuf_I_O)         0.226     0.226 r  clk_IBUF_inst/O
                         net (fo=1, routed)           0.631     0.858    clk_IBUF
    BUFGCTRL_X0Y0        BUFG (Prop_bufg_I_O)         0.026     0.884 r  clk_IBUF_BUFG_inst/O
                         net (fo=50, routed)          0.674     1.558    U_BAUD_TICK/CLK
    SLICE_X3Y107         FDCE                                         r  U_BAUD_TICK/counter_reg_reg[7]/C
  -------------------------------------------------------------------    -------------------
    SLICE_X3Y107         FDCE (Prop_fdce_C_Q)         0.141     1.699 r  U_BAUD_TICK/counter_reg_reg[7]/Q
                         net (fo=6, routed)           0.168     1.867    U_BAUD_TICK/counter_reg[7]
    SLICE_X3Y107         LUT5 (Prop_lut5_I4_O)        0.042     1.909 r  U_BAUD_TICK/counter_reg[8]_i_1/O
                         net (fo=1, routed)           0.000     1.909    U_BAUD_TICK/counter_reg_0[8]
    SLICE_X3Y107         FDCE                                         r  U_BAUD_TICK/counter_reg_reg[8]/D
  -------------------------------------------------------------------    -------------------

                         (clock sys_clk_pin rise edge)
                                                      0.000     0.000 r  
    W5                                                0.000     0.000 r  clk (IN)
                         net (fo=0)                   0.000     0.000    clk
    W5                   IBUF (Prop_ibuf_I_O)         0.414     0.414 r  clk_IBUF_inst/O
                         net (fo=1, routed)           0.685     1.099    clk_IBUF
    BUFGCTRL_X0Y0        BUFG (Prop_bufg_I_O)         0.029     1.128 r  clk_IBUF_BUFG_inst/O
                         net (fo=50, routed)          0.949     2.077    U_BAUD_TICK/CLK
    SLICE_X3Y107         FDCE                                         r  U_BAUD_TICK/counter_reg_reg[8]/C
                         clock pessimism             -0.519     1.558    
    SLICE_X3Y107         FDCE (Hold_fdce_C_D)         0.107     1.665    U_BAUD_TICK/counter_reg_reg[8]
  -------------------------------------------------------------------
                         required time                         -1.665    
                         arrival time                           1.909    
  -------------------------------------------------------------------
                         slack                                  0.244    

Slack (MET) :             0.244ns  (arrival time - required time)
  Source:                 U_BAUD_TICK/counter_reg_reg[2]/C
                            (rising edge-triggered cell FDCE clocked by sys_clk_pin  {rise@0.000ns fall@5.000ns period=10.000ns})
  Destination:            U_BAUD_TICK/counter_reg_reg[3]/D
                            (rising edge-triggered cell FDCE clocked by sys_clk_pin  {rise@0.000ns fall@5.000ns period=10.000ns})
  Path Group:             sys_clk_pin
  Path Type:              Hold (Min at Fast Process Corner)
  Requirement:            0.000ns  (sys_clk_pin rise@0.000ns - sys_clk_pin rise@0.000ns)
  Data Path Delay:        0.351ns  (logic 0.183ns (52.101%)  route 0.168ns (47.899%))
  Logic Levels:           1  (LUT5=1)
  Clock Path Skew:        0.000ns (DCD - SCD - CPR)
    Destination Clock Delay (DCD):    2.076ns
    Source Clock Delay      (SCD):    1.558ns
    Clock Pessimism Removal (CPR):    0.518ns

    Location             Delay type                Incr(ns)  Path(ns)    Netlist Resource(s)
  -------------------------------------------------------------------    -------------------
                         (clock sys_clk_pin rise edge)
                                                      0.000     0.000 r  
    W5                                                0.000     0.000 r  clk (IN)
                         net (fo=0)                   0.000     0.000    clk
    W5                   IBUF (Prop_ibuf_I_O)         0.226     0.226 r  clk_IBUF_inst/O
                         net (fo=1, routed)           0.631     0.858    clk_IBUF
    BUFGCTRL_X0Y0        BUFG (Prop_bufg_I_O)         0.026     0.884 r  clk_IBUF_BUFG_inst/O
                         net (fo=50, routed)          0.674     1.558    U_BAUD_TICK/CLK
    SLICE_X5Y106         FDCE                                         r  U_BAUD_TICK/counter_reg_reg[2]/C
  -------------------------------------------------------------------    -------------------
    SLICE_X5Y106         FDCE (Prop_fdce_C_Q)         0.141     1.699 r  U_BAUD_TICK/counter_reg_reg[2]/Q
                         net (fo=8, routed)           0.168     1.867    U_BAUD_TICK/counter_reg[2]
    SLICE_X5Y106         LUT5 (Prop_lut5_I3_O)        0.042     1.909 r  U_BAUD_TICK/counter_reg[3]_i_1/O
                         net (fo=1, routed)           0.000     1.909    U_BAUD_TICK/counter_reg_0[3]
    SLICE_X5Y106         FDCE                                         r  U_BAUD_TICK/counter_reg_reg[3]/D
  -------------------------------------------------------------------    -------------------

                         (clock sys_clk_pin rise edge)
                                                      0.000     0.000 r  
    W5                                                0.000     0.000 r  clk (IN)
                         net (fo=0)                   0.000     0.000    clk
    W5                   IBUF (Prop_ibuf_I_O)         0.414     0.414 r  clk_IBUF_inst/O
                         net (fo=1, routed)           0.685     1.099    clk_IBUF
    BUFGCTRL_X0Y0        BUFG (Prop_bufg_I_O)         0.029     1.128 r  clk_IBUF_BUFG_inst/O
                         net (fo=50, routed)          0.948     2.076    U_BAUD_TICK/CLK
    SLICE_X5Y106         FDCE                                         r  U_BAUD_TICK/counter_reg_reg[3]/C
                         clock pessimism             -0.518     1.558    
    SLICE_X5Y106         FDCE (Hold_fdce_C_D)         0.107     1.665    U_BAUD_TICK/counter_reg_reg[3]
  -------------------------------------------------------------------
                         required time                         -1.665    
                         arrival time                           1.909    
  -------------------------------------------------------------------
                         slack                                  0.244    

Slack (MET) :             0.249ns  (arrival time - required time)
  Source:                 U_UART_TX/FSM_onehot_c_state_reg[1]/C
                            (rising edge-triggered cell FDCE clocked by sys_clk_pin  {rise@0.000ns fall@5.000ns period=10.000ns})
  Destination:            U_UART_TX/FSM_onehot_c_state_reg[0]/D
                            (rising edge-triggered cell FDPE clocked by sys_clk_pin  {rise@0.000ns fall@5.000ns period=10.000ns})
  Path Group:             sys_clk_pin
  Path Type:              Hold (Min at Fast Process Corner)
  Requirement:            0.000ns  (sys_clk_pin rise@0.000ns - sys_clk_pin rise@0.000ns)
  Data Path Delay:        0.341ns  (logic 0.227ns (66.607%)  route 0.114ns (33.393%))
  Logic Levels:           1  (LUT4=1)
  Clock Path Skew:        0.000ns (DCD - SCD - CPR)
    Destination Clock Delay (DCD):    2.077ns
    Source Clock Delay      (SCD):    1.558ns
    Clock Pessimism Removal (CPR):    0.519ns

    Location             Delay type                Incr(ns)  Path(ns)    Netlist Resource(s)
  -------------------------------------------------------------------    -------------------
                         (clock sys_clk_pin rise edge)
                                                      0.000     0.000 r  
    W5                                                0.000     0.000 r  clk (IN)
                         net (fo=0)                   0.000     0.000    clk
    W5                   IBUF (Prop_ibuf_I_O)         0.226     0.226 r  clk_IBUF_inst/O
                         net (fo=1, routed)           0.631     0.858    clk_IBUF
    BUFGCTRL_X0Y0        BUFG (Prop_bufg_I_O)         0.026     0.884 r  clk_IBUF_BUFG_inst/O
                         net (fo=50, routed)          0.674     1.558    U_UART_TX/CLK
    SLICE_X1Y108         FDCE                                         r  U_UART_TX/FSM_onehot_c_state_reg[1]/C
  -------------------------------------------------------------------    -------------------
    SLICE_X1Y108         FDCE (Prop_fdce_C_Q)         0.128     1.686 f  U_UART_TX/FSM_onehot_c_state_reg[1]/Q
                         net (fo=12, routed)          0.114     1.799    U_UART_TX/FSM_onehot_c_state_reg_n_0_[1]
    SLICE_X1Y108         LUT4 (Prop_lut4_I3_O)        0.099     1.898 r  U_UART_TX/FSM_onehot_c_state[0]_i_1/O
                         net (fo=1, routed)           0.000     1.898    U_UART_TX/FSM_onehot_c_state[0]_i_1_n_0
    SLICE_X1Y108         FDPE                                         r  U_UART_TX/FSM_onehot_c_state_reg[0]/D
  -------------------------------------------------------------------    -------------------

                         (clock sys_clk_pin rise edge)
                                                      0.000     0.000 r  
    W5                                                0.000     0.000 r  clk (IN)
                         net (fo=0)                   0.000     0.000    clk
    W5                   IBUF (Prop_ibuf_I_O)         0.414     0.414 r  clk_IBUF_inst/O
                         net (fo=1, routed)           0.685     1.099    clk_IBUF
    BUFGCTRL_X0Y0        BUFG (Prop_bufg_I_O)         0.029     1.128 r  clk_IBUF_BUFG_inst/O
                         net (fo=50, routed)          0.949     2.077    U_UART_TX/CLK
    SLICE_X1Y108         FDPE                                         r  U_UART_TX/FSM_onehot_c_state_reg[0]/C
                         clock pessimism             -0.519     1.558    
    SLICE_X1Y108         FDPE (Hold_fdpe_C_D)         0.092     1.650    U_UART_TX/FSM_onehot_c_state_reg[0]
  -------------------------------------------------------------------
                         required time                         -1.650    
                         arrival time                           1.898    
  -------------------------------------------------------------------
                         slack                                  0.249    

Slack (MET) :             0.251ns  (arrival time - required time)
  Source:                 U_UART_TX/FSM_onehot_c_state_reg[1]/C
                            (rising edge-triggered cell FDCE clocked by sys_clk_pin  {rise@0.000ns fall@5.000ns period=10.000ns})
  Destination:            U_UART_TX/FSM_onehot_c_state_reg[3]/D
                            (rising edge-triggered cell FDCE clocked by sys_clk_pin  {rise@0.000ns fall@5.000ns period=10.000ns})
  Path Group:             sys_clk_pin
  Path Type:              Hold (Min at Fast Process Corner)
  Requirement:            0.000ns  (sys_clk_pin rise@0.000ns - sys_clk_pin rise@0.000ns)
  Data Path Delay:        0.342ns  (logic 0.227ns (66.412%)  route 0.115ns (33.587%))
  Logic Levels:           1  (LUT6=1)
  Clock Path Skew:        0.000ns (DCD - SCD - CPR)
    Destination Clock Delay (DCD):    2.077ns
    Source Clock Delay      (SCD):    1.558ns
    Clock Pessimism Removal (CPR):    0.519ns

    Location             Delay type                Incr(ns)  Path(ns)    Netlist Resource(s)
  -------------------------------------------------------------------    -------------------
                         (clock sys_clk_pin rise edge)
                                                      0.000     0.000 r  
    W5                                                0.000     0.000 r  clk (IN)
                         net (fo=0)                   0.000     0.000    clk
    W5                   IBUF (Prop_ibuf_I_O)         0.226     0.226 r  clk_IBUF_inst/O
                         net (fo=1, routed)           0.631     0.858    clk_IBUF
    BUFGCTRL_X0Y0        BUFG (Prop_bufg_I_O)         0.026     0.884 r  clk_IBUF_BUFG_inst/O
                         net (fo=50, routed)          0.674     1.558    U_UART_TX/CLK
    SLICE_X1Y108         FDCE                                         r  U_UART_TX/FSM_onehot_c_state_reg[1]/C
  -------------------------------------------------------------------    -------------------
    SLICE_X1Y108         FDCE (Prop_fdce_C_Q)         0.128     1.686 f  U_UART_TX/FSM_onehot_c_state_reg[1]/Q
                         net (fo=12, routed)          0.115     1.800    U_UART_TX/FSM_onehot_c_state_reg_n_0_[1]
    SLICE_X1Y108         LUT6 (Prop_lut6_I2_O)        0.099     1.899 r  U_UART_TX/FSM_onehot_c_state[3]_i_2/O
                         net (fo=1, routed)           0.000     1.899    U_UART_TX/FSM_onehot_c_state[3]_i_2_n_0
    SLICE_X1Y108         FDCE                                         r  U_UART_TX/FSM_onehot_c_state_reg[3]/D
  -------------------------------------------------------------------    -------------------

                         (clock sys_clk_pin rise edge)
                                                      0.000     0.000 r  
    W5                                                0.000     0.000 r  clk (IN)
                         net (fo=0)                   0.000     0.000    clk
    W5                   IBUF (Prop_ibuf_I_O)         0.414     0.414 r  clk_IBUF_inst/O
                         net (fo=1, routed)           0.685     1.099    clk_IBUF
    BUFGCTRL_X0Y0        BUFG (Prop_bufg_I_O)         0.029     1.128 r  clk_IBUF_BUFG_inst/O
                         net (fo=50, routed)          0.949     2.077    U_UART_TX/CLK
    SLICE_X1Y108         FDCE                                         r  U_UART_TX/FSM_onehot_c_state_reg[3]/C
                         clock pessimism             -0.519     1.558    
    SLICE_X1Y108         FDCE (Hold_fdce_C_D)         0.091     1.649    U_UART_TX/FSM_onehot_c_state_reg[3]
  -------------------------------------------------------------------
                         required time                         -1.649    
                         arrival time                           1.899    
  -------------------------------------------------------------------
                         slack                                  0.251    

Slack (MET) :             0.252ns  (arrival time - required time)
  Source:                 U_UART_TX/data_in_buf_reg_reg[5]/C
                            (rising edge-triggered cell FDCE clocked by sys_clk_pin  {rise@0.000ns fall@5.000ns period=10.000ns})
  Destination:            U_UART_TX/data_in_buf_reg_reg[4]/D
                            (rising edge-triggered cell FDCE clocked by sys_clk_pin  {rise@0.000ns fall@5.000ns period=10.000ns})
  Path Group:             sys_clk_pin
  Path Type:              Hold (Min at Fast Process Corner)
  Requirement:            0.000ns  (sys_clk_pin rise@0.000ns - sys_clk_pin rise@0.000ns)
  Data Path Delay:        0.344ns  (logic 0.186ns (54.103%)  route 0.158ns (45.897%))
  Logic Levels:           1  (LUT5=1)
  Clock Path Skew:        0.000ns (DCD - SCD - CPR)
    Destination Clock Delay (DCD):    2.078ns
    Source Clock Delay      (SCD):    1.559ns
    Clock Pessimism Removal (CPR):    0.519ns

    Location             Delay type                Incr(ns)  Path(ns)    Netlist Resource(s)
  -------------------------------------------------------------------    -------------------
                         (clock sys_clk_pin rise edge)
                                                      0.000     0.000 r  
    W5                                                0.000     0.000 r  clk (IN)
                         net (fo=0)                   0.000     0.000    clk
    W5                   IBUF (Prop_ibuf_I_O)         0.226     0.226 r  clk_IBUF_inst/O
                         net (fo=1, routed)           0.631     0.858    clk_IBUF
    BUFGCTRL_X0Y0        BUFG (Prop_bufg_I_O)         0.026     0.884 r  clk_IBUF_BUFG_inst/O
                         net (fo=50, routed)          0.675     1.559    U_UART_TX/CLK
    SLICE_X0Y106         FDCE                                         r  U_UART_TX/data_in_buf_reg_reg[5]/C
  -------------------------------------------------------------------    -------------------
    SLICE_X0Y106         FDCE (Prop_fdce_C_Q)         0.141     1.700 r  U_UART_TX/data_in_buf_reg_reg[5]/Q
                         net (fo=1, routed)           0.158     1.857    U_UART_TX/in6[4]
    SLICE_X0Y106         LUT5 (Prop_lut5_I3_O)        0.045     1.902 r  U_UART_TX/data_in_buf_reg[4]_i_1/O
                         net (fo=1, routed)           0.000     1.902    U_UART_TX/data_in_buf_reg[4]_i_1_n_0
    SLICE_X0Y106         FDCE                                         r  U_UART_TX/data_in_buf_reg_reg[4]/D
  -------------------------------------------------------------------    -------------------

                         (clock sys_clk_pin rise edge)
                                                      0.000     0.000 r  
    W5                                                0.000     0.000 r  clk (IN)
                         net (fo=0)                   0.000     0.000    clk
    W5                   IBUF (Prop_ibuf_I_O)         0.414     0.414 r  clk_IBUF_inst/O
                         net (fo=1, routed)           0.685     1.099    clk_IBUF
    BUFGCTRL_X0Y0        BUFG (Prop_bufg_I_O)         0.029     1.128 r  clk_IBUF_BUFG_inst/O
                         net (fo=50, routed)          0.950     2.078    U_UART_TX/CLK
    SLICE_X0Y106         FDCE                                         r  U_UART_TX/data_in_buf_reg_reg[4]/C
                         clock pessimism             -0.519     1.559    
    SLICE_X0Y106         FDCE (Hold_fdce_C_D)         0.092     1.651    U_UART_TX/data_in_buf_reg_reg[4]
  -------------------------------------------------------------------
                         required time                         -1.651    
                         arrival time                           1.902    
  -------------------------------------------------------------------
                         slack                                  0.252    

Slack (MET) :             0.252ns  (arrival time - required time)
  Source:                 U_UART_RX/FSM_sequential_c_state_reg[1]/C
                            (rising edge-triggered cell FDCE clocked by sys_clk_pin  {rise@0.000ns fall@5.000ns period=10.000ns})
  Destination:            U_UART_RX/b_tick_cnt_reg_reg[2]/D
                            (rising edge-triggered cell FDCE clocked by sys_clk_pin  {rise@0.000ns fall@5.000ns period=10.000ns})
  Path Group:             sys_clk_pin
  Path Type:              Hold (Min at Fast Process Corner)
  Requirement:            0.000ns  (sys_clk_pin rise@0.000ns - sys_clk_pin rise@0.000ns)
  Data Path Delay:        0.357ns  (logic 0.186ns (52.088%)  route 0.171ns (47.912%))
  Logic Levels:           1  (LUT4=1)
  Clock Path Skew:        0.013ns (DCD - SCD - CPR)
    Destination Clock Delay (DCD):    2.076ns
    Source Clock Delay      (SCD):    1.558ns
    Clock Pessimism Removal (CPR):    0.505ns

    Location             Delay type                Incr(ns)  Path(ns)    Netlist Resource(s)
  -------------------------------------------------------------------    -------------------
                         (clock sys_clk_pin rise edge)
                                                      0.000     0.000 r  
    W5                                                0.000     0.000 r  clk (IN)
                         net (fo=0)                   0.000     0.000    clk
    W5                   IBUF (Prop_ibuf_I_O)         0.226     0.226 r  clk_IBUF_inst/O
                         net (fo=1, routed)           0.631     0.858    clk_IBUF
    BUFGCTRL_X0Y0        BUFG (Prop_bufg_I_O)         0.026     0.884 r  clk_IBUF_BUFG_inst/O
                         net (fo=50, routed)          0.674     1.558    U_UART_RX/CLK
    SLICE_X5Y106         FDCE                                         r  U_UART_RX/FSM_sequential_c_state_reg[1]/C
  -------------------------------------------------------------------    -------------------
    SLICE_X5Y106         FDCE (Prop_fdce_C_Q)         0.141     1.699 r  U_UART_RX/FSM_sequential_c_state_reg[1]/Q
                         net (fo=25, routed)          0.171     1.870    U_UART_RX/c_state[1]
    SLICE_X4Y106         LUT4 (Prop_lut4_I1_O)        0.045     1.915 r  U_UART_RX/b_tick_cnt_reg[2]_i_1__0/O
                         net (fo=1, routed)           0.000     1.915    U_UART_RX/b_tick_cnt_reg[2]_i_1__0_n_0
    SLICE_X4Y106         FDCE                                         r  U_UART_RX/b_tick_cnt_reg_reg[2]/D
  -------------------------------------------------------------------    -------------------

                         (clock sys_clk_pin rise edge)
                                                      0.000     0.000 r  
    W5                                                0.000     0.000 r  clk (IN)
                         net (fo=0)                   0.000     0.000    clk
    W5                   IBUF (Prop_ibuf_I_O)         0.414     0.414 r  clk_IBUF_inst/O
                         net (fo=1, routed)           0.685     1.099    clk_IBUF
    BUFGCTRL_X0Y0        BUFG (Prop_bufg_I_O)         0.029     1.128 r  clk_IBUF_BUFG_inst/O
                         net (fo=50, routed)          0.948     2.076    U_UART_RX/CLK
    SLICE_X4Y106         FDCE                                         r  U_UART_RX/b_tick_cnt_reg_reg[2]/C
                         clock pessimism             -0.505     1.571    
    SLICE_X4Y106         FDCE (Hold_fdce_C_D)         0.092     1.663    U_UART_RX/b_tick_cnt_reg_reg[2]
  -------------------------------------------------------------------
                         required time                         -1.663    
                         arrival time                           1.915    
  -------------------------------------------------------------------
                         slack                                  0.252    

Slack (MET) :             0.252ns  (arrival time - required time)
  Source:                 U_BAUD_TICK/counter_reg_reg[7]/C
                            (rising edge-triggered cell FDCE clocked by sys_clk_pin  {rise@0.000ns fall@5.000ns period=10.000ns})
  Destination:            U_BAUD_TICK/counter_reg_reg[9]/D
                            (rising edge-triggered cell FDCE clocked by sys_clk_pin  {rise@0.000ns fall@5.000ns period=10.000ns})
  Path Group:             sys_clk_pin
  Path Type:              Hold (Min at Fast Process Corner)
  Requirement:            0.000ns  (sys_clk_pin rise@0.000ns - sys_clk_pin rise@0.000ns)
  Data Path Delay:        0.361ns  (logic 0.186ns (51.468%)  route 0.175ns (48.532%))
  Logic Levels:           1  (LUT6=1)
  Clock Path Skew:        0.017ns (DCD - SCD - CPR)
    Destination Clock Delay (DCD):    2.078ns
    Source Clock Delay      (SCD):    1.558ns
    Clock Pessimism Removal (CPR):    0.503ns

    Location             Delay type                Incr(ns)  Path(ns)    Netlist Resource(s)
  -------------------------------------------------------------------    -------------------
                         (clock sys_clk_pin rise edge)
                                                      0.000     0.000 r  
    W5                                                0.000     0.000 r  clk (IN)
                         net (fo=0)                   0.000     0.000    clk
    W5                   IBUF (Prop_ibuf_I_O)         0.226     0.226 r  clk_IBUF_inst/O
                         net (fo=1, routed)           0.631     0.858    clk_IBUF
    BUFGCTRL_X0Y0        BUFG (Prop_bufg_I_O)         0.026     0.884 r  clk_IBUF_BUFG_inst/O
                         net (fo=50, routed)          0.674     1.558    U_BAUD_TICK/CLK
    SLICE_X3Y107         FDCE                                         r  U_BAUD_TICK/counter_reg_reg[7]/C
  -------------------------------------------------------------------    -------------------
    SLICE_X3Y107         FDCE (Prop_fdce_C_Q)         0.141     1.699 r  U_BAUD_TICK/counter_reg_reg[7]/Q
                         net (fo=6, routed)           0.175     1.874    U_BAUD_TICK/counter_reg[7]
    SLICE_X3Y106         LUT6 (Prop_lut6_I2_O)        0.045     1.919 r  U_BAUD_TICK/counter_reg[9]_i_1/O
                         net (fo=1, routed)           0.000     1.919    U_BAUD_TICK/counter_reg_0[9]
    SLICE_X3Y106         FDCE                                         r  U_BAUD_TICK/counter_reg_reg[9]/D
  -------------------------------------------------------------------    -------------------

                         (clock sys_clk_pin rise edge)
                                                      0.000     0.000 r  
    W5                                                0.000     0.000 r  clk (IN)
                         net (fo=0)                   0.000     0.000    clk
    W5                   IBUF (Prop_ibuf_I_O)         0.414     0.414 r  clk_IBUF_inst/O
                         net (fo=1, routed)           0.685     1.099    clk_IBUF
    BUFGCTRL_X0Y0        BUFG (Prop_bufg_I_O)         0.029     1.128 r  clk_IBUF_BUFG_inst/O
                         net (fo=50, routed)          0.950     2.078    U_BAUD_TICK/CLK
    SLICE_X3Y106         FDCE                                         r  U_BAUD_TICK/counter_reg_reg[9]/C
                         clock pessimism             -0.503     1.575    
    SLICE_X3Y106         FDCE (Hold_fdce_C_D)         0.092     1.667    U_BAUD_TICK/counter_reg_reg[9]
  -------------------------------------------------------------------
                         required time                         -1.667    
                         arrival time                           1.919    
  -------------------------------------------------------------------
                         slack                                  0.252    





Pulse Width Checks
--------------------------------------------------------------------------------------
Clock Name:         sys_clk_pin
Waveform(ns):       { 0.000 5.000 }
Period(ns):         10.000
Sources:            { clk }

Check Type        Corner  Lib Pin  Reference Pin  Required(ns)  Actual(ns)  Slack(ns)  Location       Pin
Min Period        n/a     BUFG/I   n/a            2.155         10.000      7.845      BUFGCTRL_X0Y0  clk_IBUF_BUFG_inst/I
Min Period        n/a     FDCE/C   n/a            1.000         10.000      9.000      SLICE_X3Y106   U_BAUD_TICK/b_tick_reg/C
Min Period        n/a     FDCE/C   n/a            1.000         10.000      9.000      SLICE_X3Y106   U_BAUD_TICK/counter_reg_reg[0]/C
Min Period        n/a     FDCE/C   n/a            1.000         10.000      9.000      SLICE_X5Y105   U_BAUD_TICK/counter_reg_reg[1]/C
Min Period        n/a     FDCE/C   n/a            1.000         10.000      9.000      SLICE_X5Y106   U_BAUD_TICK/counter_reg_reg[2]/C
Min Period        n/a     FDCE/C   n/a            1.000         10.000      9.000      SLICE_X5Y106   U_BAUD_TICK/counter_reg_reg[3]/C
Min Period        n/a     FDCE/C   n/a            1.000         10.000      9.000      SLICE_X2Y106   U_BAUD_TICK/counter_reg_reg[4]/C
Min Period        n/a     FDCE/C   n/a            1.000         10.000      9.000      SLICE_X1Y106   U_BAUD_TICK/counter_reg_reg[5]/C
Min Period        n/a     FDCE/C   n/a            1.000         10.000      9.000      SLICE_X1Y106   U_BAUD_TICK/counter_reg_reg[6]/C
Min Period        n/a     FDCE/C   n/a            1.000         10.000      9.000      SLICE_X3Y107   U_BAUD_TICK/counter_reg_reg[7]/C
Low Pulse Width   Slow    FDCE/C   n/a            0.500         5.000       4.500      SLICE_X5Y105   U_BAUD_TICK/counter_reg_reg[1]/C
Low Pulse Width   Slow    FDCE/C   n/a            0.500         5.000       4.500      SLICE_X5Y106   U_BAUD_TICK/counter_reg_reg[2]/C
Low Pulse Width   Slow    FDCE/C   n/a            0.500         5.000       4.500      SLICE_X5Y106   U_BAUD_TICK/counter_reg_reg[3]/C
Low Pulse Width   Slow    FDCE/C   n/a            0.500         5.000       4.500      SLICE_X3Y107   U_BAUD_TICK/counter_reg_reg[7]/C
Low Pulse Width   Slow    FDCE/C   n/a            0.500         5.000       4.500      SLICE_X3Y107   U_BAUD_TICK/counter_reg_reg[8]/C
Low Pulse Width   Slow    FDCE/C   n/a            0.500         5.000       4.500      SLICE_X5Y106   U_UART_RX/FSM_sequential_c_state_reg[0]/C
Low Pulse Width   Slow    FDCE/C   n/a            0.500         5.000       4.500      SLICE_X5Y106   U_UART_RX/FSM_sequential_c_state_reg[1]/C
Low Pulse Width   Slow    FDCE/C   n/a            0.500         5.000       4.500      SLICE_X5Y104   U_UART_RX/b_tick_cnt_reg_reg[0]/C
Low Pulse Width   Slow    FDCE/C   n/a            0.500         5.000       4.500      SLICE_X5Y104   U_UART_RX/b_tick_cnt_reg_reg[1]/C
Low Pulse Width   Slow    FDCE/C   n/a            0.500         5.000       4.500      SLICE_X4Y106   U_UART_RX/b_tick_cnt_reg_reg[2]/C
High Pulse Width  Slow    FDCE/C   n/a            0.500         5.000       4.500      SLICE_X3Y106   U_BAUD_TICK/b_tick_reg/C
High Pulse Width  Slow    FDCE/C   n/a            0.500         5.000       4.500      SLICE_X3Y106   U_BAUD_TICK/counter_reg_reg[0]/C
High Pulse Width  Slow    FDCE/C   n/a            0.500         5.000       4.500      SLICE_X5Y105   U_BAUD_TICK/counter_reg_reg[1]/C
High Pulse Width  Slow    FDCE/C   n/a            0.500         5.000       4.500      SLICE_X5Y106   U_BAUD_TICK/counter_reg_reg[2]/C
High Pulse Width  Slow    FDCE/C   n/a            0.500         5.000       4.500      SLICE_X5Y106   U_BAUD_TICK/counter_reg_reg[3]/C
High Pulse Width  Slow    FDCE/C   n/a            0.500         5.000       4.500      SLICE_X2Y106   U_BAUD_TICK/counter_reg_reg[4]/C
High Pulse Width  Slow    FDCE/C   n/a            0.500         5.000       4.500      SLICE_X1Y106   U_BAUD_TICK/counter_reg_reg[5]/C
High Pulse Width  Slow    FDCE/C   n/a            0.500         5.000       4.500      SLICE_X1Y106   U_BAUD_TICK/counter_reg_reg[6]/C
High Pulse Width  Slow    FDCE/C   n/a            0.500         5.000       4.500      SLICE_X3Y107   U_BAUD_TICK/counter_reg_reg[7]/C
High Pulse Width  Slow    FDCE/C   n/a            0.500         5.000       4.500      SLICE_X3Y107   U_BAUD_TICK/counter_reg_reg[8]/C



